Log file open, 02/01/20 17:12:28
LogWindows: Failed to load 'aqProf.dll' (GetLastError=126)
LogWindows: File 'aqProf.dll' does not exist
LogWindows: Failed to load 'VtuneApi.dll' (GetLastError=126)
LogWindows: File 'VtuneApi.dll' does not exist
LogWindows: Failed to load 'VtuneApi32e.dll' (GetLastError=126)
LogWindows: File 'VtuneApi32e.dll' does not exist
LogConsoleResponse: Display: Failed to find resolution value strings in scalability ini. Falling back to default.
LogInit: Display: Running engine for game: Gedaria
LogPakFile: Registered encryption key '00000000000000000000000000000000': 0 pak files mounted, 0 remain pending
LogPlatformFile: Not using cached read wrapper
LogTaskGraph: Started task graph with 5 named threads and 23 total threads with 3 sets of task threads.
LogStats: Stats thread started at 0.371908
LogD3D11RHI: Loaded GFSDK_Aftermath_Lib.x64.dll
LogICUInternationalization: ICU TimeZone Detection - Raw Offset: +1:00, Platform Override: ''
LogPluginManager: Mounting plugin Paper2D
LogPluginManager: Mounting plugin AISupport
LogPluginManager: Mounting plugin LightPropagationVolume
LogPluginManager: Mounting plugin ActorLayerUtilities
LogPluginManager: Mounting plugin CLionSourceCodeAccess
LogPluginManager: Mounting plugin CodeLiteSourceCodeAccess
LogPluginManager: Mounting plugin GitSourceControl
LogPluginManager: Mounting plugin KDevelopSourceCodeAccess
LogPluginManager: Mounting plugin NullSourceCodeAccess
LogPluginManager: Mounting plugin PerforceSourceControl
LogPluginManager: Mounting plugin SubversionSourceControl
LogPluginManager: Mounting plugin UObjectPlugin
LogPluginManager: Mounting plugin VisualStudioCodeSourceCodeAccess
LogPluginManager: Mounting plugin VisualStudioSourceCodeAccess
LogPluginManager: Mounting plugin XCodeSourceCodeAccess
LogPluginManager: Mounting plugin AssetManagerEditor
LogPluginManager: Mounting plugin CryptoKeys
LogPluginManager: Mounting plugin DataValidation
LogPluginManager: Mounting plugin FacialAnimation
LogPluginManager: Mounting plugin GameplayTagsEditor
LogPluginManager: Mounting plugin MacGraphicsSwitching
LogPluginManager: Mounting plugin MeshEditor
LogPluginManager: Mounting plugin MobileLauncherProfileWizard
LogPluginManager: Mounting plugin PluginBrowser
LogPluginManager: Mounting plugin SpeedTreeImporter
LogPluginManager: Mounting plugin DatasmithContent
LogPluginManager: Mounting plugin VariantManagerContent
LogPluginManager: Mounting plugin AlembicImporter
LogPluginManager: Mounting plugin AppleImageUtils
LogPluginManager: Mounting plugin AppleVision
LogPluginManager: Mounting plugin BackChannel
LogPluginManager: Mounting plugin CharacterAI
LogPluginManager: Mounting plugin GeometryCache
LogPluginManager: Mounting plugin HTML5Networking
LogPluginManager: Mounting plugin ProxyLODPlugin
LogPluginManager: Mounting plugin MagicLeap
LogPluginManager: Mounting plugin MagicLeapMedia
LogPluginManager: Mounting plugin AndroidMedia
LogPluginManager: Mounting plugin AvfMedia
LogPluginManager: Mounting plugin ImgMedia
LogPluginManager: Mounting plugin LinearTimecode
LogPluginManager: Mounting plugin MediaCompositing
LogPluginManager: Mounting plugin MediaPlayerEditor
LogPluginManager: Mounting plugin WebMMedia
LogPluginManager: Mounting plugin WmfMedia
LogPluginManager: Mounting plugin TcpMessaging
LogPluginManager: Mounting plugin UdpMessaging
LogPluginManager: Mounting plugin ActorSequence
LogPluginManager: Mounting plugin LevelSequenceEditor
LogPluginManager: Mounting plugin MatineeToLevelSequence
LogPluginManager: Mounting plugin NetcodeUnitTest
LogPluginManager: Mounting plugin NUTUnrealEngine4
LogPluginManager: Mounting plugin OnlineSubsystemGooglePlay
LogPluginManager: Mounting plugin OnlineSubsystemIOS
LogPluginManager: Mounting plugin OnlineSubsystem
LogPluginManager: Mounting plugin OnlineSubsystemNull
LogPluginManager: Mounting plugin OnlineSubsystemUtils
LogPluginManager: Mounting plugin LauncherChunkInstaller
LogPluginManager: Mounting plugin AndroidDeviceProfileSelector
LogPluginManager: Mounting plugin AndroidMoviePlayer
LogPluginManager: Mounting plugin AndroidPermission
LogPluginManager: Mounting plugin AppleMoviePlayer
LogPluginManager: Mounting plugin ArchVisCharacter
LogPluginManager: Mounting plugin AudioCapture
LogPluginManager: Mounting plugin CableComponent
LogPluginManager: Mounting plugin CustomMeshComponent
LogPluginManager: Mounting plugin EditableMesh
LogPluginManager: Mounting plugin ExampleDeviceProfileSelector
LogPluginManager: Mounting plugin Firebase
LogPluginManager: Mounting plugin GoogleCloudMessaging
LogPluginManager: Mounting plugin IOSDeviceProfileSelector
LogPluginManager: Mounting plugin LinuxDeviceProfileSelector
LogPluginManager: Mounting plugin LocationServicesBPLibrary
LogPluginManager: Mounting plugin MobilePatchingUtils
LogPluginManager: Mounting plugin OculusVR
LogPluginManager: Mounting plugin PhysXVehicles
LogPluginManager: Mounting plugin ProceduralMeshComponent
LogPluginManager: Mounting plugin RuntimePhysXCooking
LogPluginManager: Mounting plugin SteamVR
LogPluginManager: Mounting plugin WebMMoviePlayer
LogPluginManager: Mounting plugin WindowsMoviePlayer
LogStreaming: Display: Took  0.212s to configure plugins.
LogInit: Using libcurl 7.55.1-DEV
LogInit:  - built for x86_64-pc-win32
LogInit:  - supports SSL with OpenSSL/1.0.2h
LogInit:  - supports HTTP deflate (compression) using libz 1.2.8
LogInit:  - other features:
LogInit:      CURL_VERSION_SSL
LogInit:      CURL_VERSION_LIBZ
LogInit:      CURL_VERSION_IPV6
LogInit:      CURL_VERSION_ASYNCHDNS
LogInit:      CURL_VERSION_LARGEFILE
LogInit:      CURL_VERSION_IDN
LogInit:  CurlRequestOptions (configurable via config and command line):
LogInit:  - bVerifyPeer = true  - Libcurl will verify peer certificate
LogInit:  - bUseHttpProxy = false  - Libcurl will NOT use HTTP proxy
LogInit:  - bDontReuseConnections = false  - Libcurl will reuse connections
LogInit:  - MaxHostConnections = 16  - Libcurl will limit the number of connections to a host
LogInit:  - LocalHostAddr = Default
LogInit:  - BufferSize = 65536
LogInit: WinSock: version 1.1 (2.2), MaxSocks=32767, MaxUdp=65467
LogInit: Build: ++UE4+Release-4.21-CL-4753647
LogInit: Engine Version: 4.21.2-4753647+++UE4+Release-4.21
LogInit: Compatible Engine Version: 4.21.0-4541578+++UE4+Release-4.21
LogInit: Net CL: 4541578
LogInit: OS: Windows 10 (), CPU: Intel(R) Core(TM) i5-8300H CPU @ 2.30GHz, GPU: Intel(R) UHD Graphics 630
LogInit: Compiled (64-bit): Jan 19 2019 02:07:31
LogInit: Compiled with Visual C++: 19.13.26129.00
LogInit: Build Configuration: Development
LogInit: Branch Name: ++UE4+Release-4.21
LogInit: Command Line:  -skipcompile
LogInit: Base Directory: D:/Program Files/Epic Games/UE_4.21/Engine/Binaries/Win64/
LogInit: Installed Engine Build: 1
LogDevObjectVersion: Number of dev versions registered: 22
LogDevObjectVersion:   Dev-Blueprints (B0D832E4-1F89-4F0D-ACCF-7EB736FD4AA2): 10
LogDevObjectVersion:   Dev-Build (E1C64328-A22C-4D53-A36C-8E866417BD8C): 0
LogDevObjectVersion:   Dev-Core (375EC13C-06E4-48FB-B500-84F0262A717E): 2
LogDevObjectVersion:   Dev-Editor (E4B068ED-F494-42E9-A231-DA0B2E46BB41): 26
LogDevObjectVersion:   Dev-Framework (CFFC743F-43B0-4480-9391-14DF171D2073): 34
LogDevObjectVersion:   Dev-Mobile (B02B49B5-BB20-44E9-A304-32B752E40360): 2
LogDevObjectVersion:   Dev-Networking (A4E4105C-59A1-49B5-A7C5-40C4547EDFEE): 0
LogDevObjectVersion:   Dev-Online (39C831C9-5AE6-47DC-9A44-9C173E1C8E7C): 0
LogDevObjectVersion:   Dev-Physics (78F01B33-EBEA-4F98-B9B4-84EACCB95AA2): 0
LogDevObjectVersion:   Dev-Platform (6631380F-2D4D-43E0-8009-CF276956A95A): 0
LogDevObjectVersion:   Dev-Rendering (12F88B9F-8875-4AFC-A67C-D90C383ABD29): 27
LogDevObjectVersion:   Dev-Sequencer (7B5AE74C-D270-4C10-A958-57980B212A5A): 9
LogDevObjectVersion:   Dev-VR (D7296918-1DD6-4BDD-9DE2-64A83CC13884): 2
LogDevObjectVersion:   Dev-LoadTimes (C2A15278-BFE7-4AFE-6C17-90FF531DF755): 1
LogDevObjectVersion:   Private-Geometry (6EACA3D4-40EC-4CC1-B786-8BED09428FC5): 3
LogDevObjectVersion:   Dev-AnimPhys (29E575DD-E0A3-4627-9D10-D276232CDCEA): 17
LogDevObjectVersion:   Dev-Anim (AF43A65D-7FD3-4947-9873-3E8ED9C1BB05): 2
LogDevObjectVersion:   Dev-ReflectionCapture (6B266CEC-1EC7-4B8F-A30B-E4D90942FC07): 1
LogDevObjectVersion:   Dev-Automation (0DF73D61-A23F-47EA-B727-89E90C41499A): 1
LogDevObjectVersion:   FortniteMain (601D1886-AC64-4F84-AA16-D3DE0DEAC7D6): 17
LogDevObjectVersion:   Dev-Enterprise (9DFFBCD6-494F-0158-E221-12823C92A888): 4
LogDevObjectVersion:   Dev-Niagara (F2AED0AC-9AFE-416F-8664-AA7FFA26D6FC): 1
LogStreaming: Display: Took  0.003s to delete old logs.
LogInit: Presizing for max 8388607 objects, including 0 objects not considered by GC, pre-allocating 0 bytes for permanent pool.
LogInit: Object subsystem initialized
LogConfig: Setting CVar [[con.DebugEarlyDefault:1]]
LogConfig: Setting CVar [[r.setres:1280x720]]
[2020.02.01-16.12.30:434][  0]LogConfig: Setting CVar [[r.VSync:0]]
[2020.02.01-16.12.30:434][  0]LogConfig: Setting CVar [[r.RHICmdBypass:0]]
[2020.02.01-16.12.30:434][  0]LogConfig: Applying CVar settings from Section [/Script/Engine.RendererSettings] File [D:/Program_files/Unreal Projects/Gedaria/Saved/Config/Windows/Engine.ini]
[2020.02.01-16.12.30:434][  0]LogConfig: Setting CVar [[r.GPUCrashDebugging:0]]
[2020.02.01-16.12.30:434][  0]LogConfig: Applying CVar settings from Section [/Script/Engine.RendererOverrideSettings] File [D:/Program_files/Unreal Projects/Gedaria/Saved/Config/Windows/Engine.ini]
[2020.02.01-16.12.30:434][  0]LogConfig: Applying CVar settings from Section [/Script/Engine.StreamingSettings] File [D:/Program_files/Unreal Projects/Gedaria/Saved/Config/Windows/Engine.ini]
[2020.02.01-16.12.30:434][  0]LogConfig: Setting CVar [[s.MinBulkDataSizeForAsyncLoading:131072]]
[2020.02.01-16.12.30:434][  0]LogConfig: Setting CVar [[s.AsyncLoadingThreadEnabled:0]]
[2020.02.01-16.12.30:434][  0]LogConfig: Setting CVar [[s.EventDrivenLoaderEnabled:1]]
[2020.02.01-16.12.30:434][  0]LogConfig: Setting CVar [[s.WarnIfTimeLimitExceeded:0]]
[2020.02.01-16.12.30:434][  0]LogConfig: Setting CVar [[s.TimeLimitExceededMultiplier:1.5]]
[2020.02.01-16.12.30:434][  0]LogConfig: Setting CVar [[s.TimeLimitExceededMinTime:0.005]]
[2020.02.01-16.12.30:435][  0]LogConfig: Setting CVar [[s.UseBackgroundLevelStreaming:1]]
[2020.02.01-16.12.30:435][  0]LogConfig: Setting CVar [[s.PriorityAsyncLoadingExtraTime:15.0]]
[2020.02.01-16.12.30:435][  0]LogConfig: Setting CVar [[s.LevelStreamingActorsUpdateTimeLimit:5.0]]
[2020.02.01-16.12.30:435][  0]LogConfig: Setting CVar [[s.PriorityLevelStreamingActorsUpdateExtraTime:5.0]]
[2020.02.01-16.12.30:435][  0]LogConfig: Setting CVar [[s.LevelStreamingComponentsRegistrationGranularity:10]]
[2020.02.01-16.12.30:435][  0]LogConfig: Setting CVar [[s.UnregisterComponentsTimeLimit:1.0]]
[2020.02.01-16.12.30:435][  0]LogConfig: Setting CVar [[s.LevelStreamingComponentsUnregistrationGranularity:5]]
[2020.02.01-16.12.30:435][  0]LogConfig: Applying CVar settings from Section [/Script/Engine.GarbageCollectionSettings] File [D:/Program_files/Unreal Projects/Gedaria/Saved/Config/Windows/Engine.ini]
[2020.02.01-16.12.30:435][  0]LogConfig: Setting CVar [[gc.MaxObjectsNotConsideredByGC:1]]
[2020.02.01-16.12.30:435][  0]LogConfig: Setting CVar [[gc.SizeOfPermanentObjectPool:0]]
[2020.02.01-16.12.30:435][  0]LogConfig: Setting CVar [[gc.FlushStreamingOnGC:0]]
[2020.02.01-16.12.30:435][  0]LogConfig: Setting CVar [[gc.NumRetriesBeforeForcingGC:10]]
[2020.02.01-16.12.30:435][  0]LogConfig: Setting CVar [[gc.AllowParallelGC:1]]
[2020.02.01-16.12.30:435][  0]LogConfig: Setting CVar [[gc.TimeBetweenPurgingPendingKillObjects:61.1]]
[2020.02.01-16.12.30:435][  0]LogConfig: Setting CVar [[gc.MaxObjectsInEditor:8388607]]
[2020.02.01-16.12.30:435][  0]LogConfig: Setting CVar [[gc.IncrementalBeginDestroyEnabled:1]]
[2020.02.01-16.12.30:435][  0]LogConfig: Setting CVar [[gc.CreateGCClusters:1]]
[2020.02.01-16.12.30:436][  0]LogConfig: Setting CVar [[gc.MergeGCClusters:0]]
[2020.02.01-16.12.30:436][  0]LogConfig: Setting CVar [[gc.MinGCClusterSize:5]]
[2020.02.01-16.12.30:436][  0]LogConfig: Setting CVar [[gc.ActorClusteringEnabled:0]]
[2020.02.01-16.12.30:436][  0]LogConfig: Setting CVar [[gc.BlueprintClusteringEnabled:0]]
[2020.02.01-16.12.30:436][  0]LogConfig: Setting CVar [[gc.UseDisregardForGCOnDedicatedServers:0]]
[2020.02.01-16.12.30:436][  0]LogConfig: Applying CVar settings from Section [/Script/Engine.NetworkSettings] File [D:/Program_files/Unreal Projects/Gedaria/Saved/Config/Windows/Engine.ini]
[2020.02.01-16.12.30:436][  0]LogConfig: Applying CVar settings from Section [/Script/UnrealEd.CookerSettings] File [D:/Program_files/Unreal Projects/Gedaria/Saved/Config/Windows/Engine.ini]
[2020.02.01-16.12.30:446][  0]LogConfig: Applying CVar settings from Section [ViewDistanceQuality@3] File [D:/Program_files/Unreal Projects/Gedaria/Saved/Config/Windows/Scalability.ini]
[2020.02.01-16.12.30:446][  0]LogConfig: Setting CVar [[r.SkeletalMeshLODBias:0]]
[2020.02.01-16.12.30:446][  0]LogConfig: Setting CVar [[r.ViewDistanceScale:1.0]]
[2020.02.01-16.12.30:446][  0]LogConfig: Applying CVar settings from Section [AntiAliasingQuality@3] File [D:/Program_files/Unreal Projects/Gedaria/Saved/Config/Windows/Scalability.ini]
[2020.02.01-16.12.30:446][  0]LogConfig: Setting CVar [[r.PostProcessAAQuality:4]]
[2020.02.01-16.12.30:446][  0]LogConfig: Applying CVar settings from Section [ShadowQuality@3] File [D:/Program_files/Unreal Projects/Gedaria/Saved/Config/Windows/Scalability.ini]
[2020.02.01-16.12.30:446][  0]LogConfig: Setting CVar [[r.LightFunctionQuality:1]]
[2020.02.01-16.12.30:446][  0]LogConfig: Setting CVar [[r.ShadowQuality:5]]
[2020.02.01-16.12.30:446][  0]LogConfig: Setting CVar [[r.Shadow.CSM.MaxCascades:10]]
[2020.02.01-16.12.30:446][  0]LogConfig: Setting CVar [[r.Shadow.MaxResolution:2048]]
[2020.02.01-16.12.30:446][  0]LogConfig: Setting CVar [[r.Shadow.MaxCSMResolution:2048]]
[2020.02.01-16.12.30:446][  0]LogConfig: Setting CVar [[r.Shadow.RadiusThreshold:0.01]]
[2020.02.01-16.12.30:446][  0]LogConfig: Setting CVar [[r.Shadow.DistanceScale:1.0]]
[2020.02.01-16.12.30:447][  0]LogConfig: Setting CVar [[r.Shadow.CSM.TransitionScale:1.0]]
[2020.02.01-16.12.30:447][  0]LogConfig: Setting CVar [[r.Shadow.PreShadowResolutionFactor:1.0]]
[2020.02.01-16.12.30:447][  0]LogConfig: Setting CVar [[r.DistanceFieldShadowing:1]]
[2020.02.01-16.12.30:447][  0]LogConfig: Setting CVar [[r.DistanceFieldAO:1]]
[2020.02.01-16.12.30:447][  0]LogConfig: Setting CVar [[r.AOQuality:2]]
[2020.02.01-16.12.30:447][  0]LogConfig: Setting CVar [[r.VolumetricFog:1]]
[2020.02.01-16.12.30:447][  0]LogConfig: Setting CVar [[r.VolumetricFog.GridPixelSize:8]]
[2020.02.01-16.12.30:447][  0]LogConfig: Setting CVar [[r.VolumetricFog.GridSizeZ:128]]
[2020.02.01-16.12.30:447][  0]LogConfig: Setting CVar [[r.VolumetricFog.HistoryMissSupersampleCount:4]]
[2020.02.01-16.12.30:447][  0]LogConfig: Setting CVar [[r.LightMaxDrawDistanceScale:1]]
[2020.02.01-16.12.30:447][  0]LogConfig: Setting CVar [[r.CapsuleShadows:1]]
[2020.02.01-16.12.30:447][  0]LogConfig: Applying CVar settings from Section [PostProcessQuality@3] File [D:/Program_files/Unreal Projects/Gedaria/Saved/Config/Windows/Scalability.ini]
[2020.02.01-16.12.30:447][  0]LogConfig: Setting CVar [[r.MotionBlurQuality:4]]
[2020.02.01-16.12.30:447][  0]LogConfig: Setting CVar [[r.AmbientOcclusionMipLevelFactor:0.4]]
[2020.02.01-16.12.30:448][  0]LogConfig: Setting CVar [[r.AmbientOcclusionMaxQuality:100]]
[2020.02.01-16.12.30:448][  0]LogConfig: Setting CVar [[r.AmbientOcclusionLevels:-1]]
[2020.02.01-16.12.30:448][  0]LogConfig: Setting CVar [[r.AmbientOcclusionRadiusScale:1.0]]
[2020.02.01-16.12.30:448][  0]LogConfig: Setting CVar [[r.DepthOfFieldQuality:2]]
[2020.02.01-16.12.30:448][  0]LogConfig: Setting CVar [[r.RenderTargetPoolMin:400]]
[2020.02.01-16.12.30:448][  0]LogConfig: Setting CVar [[r.LensFlareQuality:2]]
[2020.02.01-16.12.30:448][  0]LogConfig: Setting CVar [[r.SceneColorFringeQuality:1]]
[2020.02.01-16.12.30:448][  0]LogConfig: Setting CVar [[r.EyeAdaptationQuality:2]]
[2020.02.01-16.12.30:448][  0]LogConfig: Setting CVar [[r.BloomQuality:5]]
[2020.02.01-16.12.30:448][  0]LogConfig: Setting CVar [[r.FastBlurThreshold:100]]
[2020.02.01-16.12.30:448][  0]LogConfig: Setting CVar [[r.Upscale.Quality:3]]
[2020.02.01-16.12.30:448][  0]LogConfig: Setting CVar [[r.Tonemapper.GrainQuantization:1]]
[2020.02.01-16.12.30:448][  0]LogConfig: Setting CVar [[r.LightShaftQuality:1]]
[2020.02.01-16.12.30:448][  0]LogConfig: Setting CVar [[r.Filter.SizeScale:1]]
[2020.02.01-16.12.30:448][  0]LogConfig: Setting CVar [[r.Tonemapper.Quality:5]]
[2020.02.01-16.12.30:448][  0]LogConfig: Setting CVar [[r.DOF.Gather.AccumulatorQuality:1        ; higher gathering accumulator quality]]
[2020.02.01-16.12.30:449][  0]LogConfig: Setting CVar [[r.DOF.Gather.PostfilterMethod:1          ; Median3x3 postfilering method]]
[2020.02.01-16.12.30:449][  0]LogConfig: Setting CVar [[r.DOF.Gather.EnableBokehSettings:0       ; no bokeh simulation when gathering]]
[2020.02.01-16.12.30:449][  0]LogConfig: Setting CVar [[r.DOF.Gather.RingCount:4                 ; medium number of samples when gathering]]
[2020.02.01-16.12.30:449][  0]LogConfig: Setting CVar [[r.DOF.Scatter.ForegroundCompositing:1    ; additive foreground scattering]]
[2020.02.01-16.12.30:449][  0]LogConfig: Setting CVar [[r.DOF.Scatter.BackgroundCompositing:2    ; additive background scattering]]
[2020.02.01-16.12.30:449][  0]LogConfig: Setting CVar [[r.DOF.Scatter.EnableBokehSettings:1      ; bokeh simulation when scattering]]
[2020.02.01-16.12.30:449][  0]LogConfig: Setting CVar [[r.DOF.Scatter.MaxSpriteRatio:0.1         ; only a maximum of 10% of scattered bokeh]]
[2020.02.01-16.12.30:449][  0]LogConfig: Setting CVar [[r.DOF.Recombine.Quality:1                ; cheap slight out of focus]]
[2020.02.01-16.12.30:449][  0]LogConfig: Setting CVar [[r.DOF.Recombine.EnableBokehSettings:0    ; no bokeh simulation on slight out of focus]]
[2020.02.01-16.12.30:449][  0]LogConfig: Setting CVar [[r.DOF.TemporalAAQuality:1                ; more stable temporal accumulation]]
[2020.02.01-16.12.30:449][  0]LogConfig: Setting CVar [[r.DOF.Kernel.MaxForegroundRadius:0.025]]
[2020.02.01-16.12.30:449][  0]LogConfig: Setting CVar [[r.DOF.Kernel.MaxBackgroundRadius:0.025]]
[2020.02.01-16.12.30:449][  0]LogConfig: Applying CVar settings from Section [TextureQuality@3] File [D:/Program_files/Unreal Projects/Gedaria/Saved/Config/Windows/Scalability.ini]
[2020.02.01-16.12.30:449][  0]LogConfig: Setting CVar [[r.Streaming.MipBias:0]]
[2020.02.01-16.12.30:450][  0]LogConfig: Setting CVar [[r.Streaming.AmortizeCPUToGPUCopy:0]]
[2020.02.01-16.12.30:450][  0]LogConfig: Setting CVar [[r.Streaming.MaxNumTexturesToStreamPerFrame:0]]
[2020.02.01-16.12.30:450][  0]LogConfig: Setting CVar [[r.Streaming.Boost:1]]
[2020.02.01-16.12.30:450][  0]LogConfig: Setting CVar [[r.MaxAnisotropy:8]]
[2020.02.01-16.12.30:450][  0]LogConfig: Setting CVar [[r.Streaming.LimitPoolSizeToVRAM:0]]
[2020.02.01-16.12.30:450][  0]LogConfig: Setting CVar [[r.Streaming.PoolSize:1000]]
[2020.02.01-16.12.30:450][  0]LogConfig: Setting CVar [[r.Streaming.MaxEffectiveScreenSize:0]]
[2020.02.01-16.12.30:450][  0]LogConfig: Applying CVar settings from Section [EffectsQuality@3] File [D:/Program_files/Unreal Projects/Gedaria/Saved/Config/Windows/Scalability.ini]
[2020.02.01-16.12.30:450][  0]LogConfig: Setting CVar [[r.TranslucencyLightingVolumeDim:64]]
[2020.02.01-16.12.30:450][  0]LogConfig: Setting CVar [[r.RefractionQuality:2]]
[2020.02.01-16.12.30:450][  0]LogConfig: Setting CVar [[r.SSR.Quality:3]]
[2020.02.01-16.12.30:450][  0]LogConfig: Setting CVar [[r.SceneColorFormat:4]]
[2020.02.01-16.12.30:450][  0]LogConfig: Setting CVar [[r.DetailMode:2]]
[2020.02.01-16.12.30:450][  0]LogConfig: Setting CVar [[r.TranslucencyVolumeBlur:1]]
[2020.02.01-16.12.30:450][  0]LogConfig: Setting CVar [[r.MaterialQualityLevel:1 ; High quality]]
[2020.02.01-16.12.30:451][  0]LogConfig: Setting CVar [[r.SSS.Scale:1]]
[2020.02.01-16.12.30:451][  0]LogConfig: Setting CVar [[r.SSS.SampleSet:2]]
[2020.02.01-16.12.30:451][  0]LogConfig: Setting CVar [[r.SSS.Quality:1]]
[2020.02.01-16.12.30:451][  0]LogConfig: Setting CVar [[r.SSS.HalfRes:1]]
[2020.02.01-16.12.30:451][  0]LogConfig: Setting CVar [[r.EmitterSpawnRateScale:1.0]]
[2020.02.01-16.12.30:451][  0]LogConfig: Setting CVar [[r.ParticleLightQuality:2]]
[2020.02.01-16.12.30:451][  0]LogConfig: Applying CVar settings from Section [FoliageQuality@3] File [D:/Program_files/Unreal Projects/Gedaria/Saved/Config/Windows/Scalability.ini]
[2020.02.01-16.12.30:451][  0]LogConfig: Setting CVar [[foliage.DensityScale:1.0]]
[2020.02.01-16.12.30:451][  0]LogConfig: Setting CVar [[grass.DensityScale:1.0]]
[2020.02.01-16.12.30:451][  0]LogInit: Selected Device Profile: [Windows]
[2020.02.01-16.12.30:451][  0]LogInit: Applying CVar settings loaded from the selected device profile: [Windows]
[2020.02.01-16.12.30:497][  0]LogHAL: Display: Platform has ~ 8 GB [8431169536 / 8589934592 / 8], which maps to Default [LargestMinGB=32, LargerMinGB=12, DefaultMinGB=8, SmallerMinGB=6, SmallestMinGB=0)
[2020.02.01-16.12.30:497][  0]LogConfig: Setting CVar [[r.Vulkan.UseRealUBs:1]]
[2020.02.01-16.12.30:497][  0]LogInit: Going up to parent DeviceProfile []
[2020.02.01-16.12.30:498][  0]LogConfig: Applying CVar settings from Section [ViewDistanceQuality@3] File [D:/Program_files/Unreal Projects/Gedaria/Saved/Config/Windows/Scalability.ini]
[2020.02.01-16.12.30:498][  0]LogConfig: Setting CVar [[r.SkeletalMeshLODBias:0]]
[2020.02.01-16.12.30:498][  0]LogConfig: Setting CVar [[r.ViewDistanceScale:1.0]]
[2020.02.01-16.12.30:498][  0]LogConfig: Applying CVar settings from Section [AntiAliasingQuality@3] File [D:/Program_files/Unreal Projects/Gedaria/Saved/Config/Windows/Scalability.ini]
[2020.02.01-16.12.30:498][  0]LogConfig: Setting CVar [[r.PostProcessAAQuality:4]]
[2020.02.01-16.12.30:498][  0]LogConfig: Applying CVar settings from Section [ShadowQuality@3] File [D:/Program_files/Unreal Projects/Gedaria/Saved/Config/Windows/Scalability.ini]
[2020.02.01-16.12.30:498][  0]LogConfig: Setting CVar [[r.LightFunctionQuality:1]]
[2020.02.01-16.12.30:498][  0]LogConfig: Setting CVar [[r.ShadowQuality:5]]
[2020.02.01-16.12.30:498][  0]LogConfig: Setting CVar [[r.Shadow.CSM.MaxCascades:10]]
[2020.02.01-16.12.30:498][  0]LogConfig: Setting CVar [[r.Shadow.MaxResolution:2048]]
[2020.02.01-16.12.30:498][  0]LogConfig: Setting CVar [[r.Shadow.MaxCSMResolution:2048]]
[2020.02.01-16.12.30:498][  0]LogConfig: Setting CVar [[r.Shadow.RadiusThreshold:0.01]]
[2020.02.01-16.12.30:498][  0]LogConfig: Setting CVar [[r.Shadow.DistanceScale:1.0]]
[2020.02.01-16.12.30:498][  0]LogConfig: Setting CVar [[r.Shadow.CSM.TransitionScale:1.0]]
[2020.02.01-16.12.30:498][  0]LogConfig: Setting CVar [[r.Shadow.PreShadowResolutionFactor:1.0]]
[2020.02.01-16.12.30:498][  0]LogConfig: Setting CVar [[r.DistanceFieldShadowing:1]]
[2020.02.01-16.12.30:498][  0]LogConfig: Setting CVar [[r.DistanceFieldAO:1]]
[2020.02.01-16.12.30:499][  0]LogConfig: Setting CVar [[r.AOQuality:2]]
[2020.02.01-16.12.30:499][  0]LogConfig: Setting CVar [[r.VolumetricFog:1]]
[2020.02.01-16.12.30:499][  0]LogConfig: Setting CVar [[r.VolumetricFog.GridPixelSize:8]]
[2020.02.01-16.12.30:499][  0]LogConfig: Setting CVar [[r.VolumetricFog.GridSizeZ:128]]
[2020.02.01-16.12.30:499][  0]LogConfig: Setting CVar [[r.VolumetricFog.HistoryMissSupersampleCount:4]]
[2020.02.01-16.12.30:499][  0]LogConfig: Setting CVar [[r.LightMaxDrawDistanceScale:1]]
[2020.02.01-16.12.30:499][  0]LogConfig: Setting CVar [[r.CapsuleShadows:1]]
[2020.02.01-16.12.30:499][  0]LogConfig: Applying CVar settings from Section [PostProcessQuality@3] File [D:/Program_files/Unreal Projects/Gedaria/Saved/Config/Windows/Scalability.ini]
[2020.02.01-16.12.30:499][  0]LogConfig: Setting CVar [[r.MotionBlurQuality:4]]
[2020.02.01-16.12.30:499][  0]LogConfig: Setting CVar [[r.AmbientOcclusionMipLevelFactor:0.4]]
[2020.02.01-16.12.30:499][  0]LogConfig: Setting CVar [[r.AmbientOcclusionMaxQuality:100]]
[2020.02.01-16.12.30:499][  0]LogConfig: Setting CVar [[r.AmbientOcclusionLevels:-1]]
[2020.02.01-16.12.30:499][  0]LogConfig: Setting CVar [[r.AmbientOcclusionRadiusScale:1.0]]
[2020.02.01-16.12.30:499][  0]LogConfig: Setting CVar [[r.DepthOfFieldQuality:2]]
[2020.02.01-16.12.30:499][  0]LogConfig: Setting CVar [[r.RenderTargetPoolMin:400]]
[2020.02.01-16.12.30:499][  0]LogConfig: Setting CVar [[r.LensFlareQuality:2]]
[2020.02.01-16.12.30:499][  0]LogConfig: Setting CVar [[r.SceneColorFringeQuality:1]]
[2020.02.01-16.12.30:499][  0]LogConfig: Setting CVar [[r.EyeAdaptationQuality:2]]
[2020.02.01-16.12.30:499][  0]LogConfig: Setting CVar [[r.BloomQuality:5]]
[2020.02.01-16.12.30:500][  0]LogConfig: Setting CVar [[r.FastBlurThreshold:100]]
[2020.02.01-16.12.30:500][  0]LogConfig: Setting CVar [[r.Upscale.Quality:3]]
[2020.02.01-16.12.30:500][  0]LogConfig: Setting CVar [[r.Tonemapper.GrainQuantization:1]]
[2020.02.01-16.12.30:500][  0]LogConfig: Setting CVar [[r.LightShaftQuality:1]]
[2020.02.01-16.12.30:500][  0]LogConfig: Setting CVar [[r.Filter.SizeScale:1]]
[2020.02.01-16.12.30:500][  0]LogConfig: Setting CVar [[r.Tonemapper.Quality:5]]
[2020.02.01-16.12.30:500][  0]LogConfig: Setting CVar [[r.DOF.Gather.AccumulatorQuality:1        ; higher gathering accumulator quality]]
[2020.02.01-16.12.30:500][  0]LogConfig: Setting CVar [[r.DOF.Gather.PostfilterMethod:1          ; Median3x3 postfilering method]]
[2020.02.01-16.12.30:500][  0]LogConfig: Setting CVar [[r.DOF.Gather.EnableBokehSettings:0       ; no bokeh simulation when gathering]]
[2020.02.01-16.12.30:500][  0]LogConfig: Setting CVar [[r.DOF.Gather.RingCount:4                 ; medium number of samples when gathering]]
[2020.02.01-16.12.30:500][  0]LogConfig: Setting CVar [[r.DOF.Scatter.ForegroundCompositing:1    ; additive foreground scattering]]
[2020.02.01-16.12.30:500][  0]LogConfig: Setting CVar [[r.DOF.Scatter.BackgroundCompositing:2    ; additive background scattering]]
[2020.02.01-16.12.30:500][  0]LogConfig: Setting CVar [[r.DOF.Scatter.EnableBokehSettings:1      ; bokeh simulation when scattering]]
[2020.02.01-16.12.30:500][  0]LogConfig: Setting CVar [[r.DOF.Scatter.MaxSpriteRatio:0.1         ; only a maximum of 10% of scattered bokeh]]
[2020.02.01-16.12.30:500][  0]LogConfig: Setting CVar [[r.DOF.Recombine.Quality:1                ; cheap slight out of focus]]
[2020.02.01-16.12.30:500][  0]LogConfig: Setting CVar [[r.DOF.Recombine.EnableBokehSettings:0    ; no bokeh simulation on slight out of focus]]
[2020.02.01-16.12.30:501][  0]LogConfig: Setting CVar [[r.DOF.TemporalAAQuality:1                ; more stable temporal accumulation]]
[2020.02.01-16.12.30:501][  0]LogConfig: Setting CVar [[r.DOF.Kernel.MaxForegroundRadius:0.025]]
[2020.02.01-16.12.30:501][  0]LogConfig: Setting CVar [[r.DOF.Kernel.MaxBackgroundRadius:0.025]]
[2020.02.01-16.12.30:501][  0]LogConfig: Applying CVar settings from Section [TextureQuality@3] File [D:/Program_files/Unreal Projects/Gedaria/Saved/Config/Windows/Scalability.ini]
[2020.02.01-16.12.30:501][  0]LogConfig: Setting CVar [[r.Streaming.MipBias:0]]
[2020.02.01-16.12.30:501][  0]LogConfig: Setting CVar [[r.Streaming.AmortizeCPUToGPUCopy:0]]
[2020.02.01-16.12.30:501][  0]LogConfig: Setting CVar [[r.Streaming.MaxNumTexturesToStreamPerFrame:0]]
[2020.02.01-16.12.30:501][  0]LogConfig: Setting CVar [[r.Streaming.Boost:1]]
[2020.02.01-16.12.30:501][  0]LogConfig: Setting CVar [[r.MaxAnisotropy:8]]
[2020.02.01-16.12.30:501][  0]LogConfig: Setting CVar [[r.Streaming.LimitPoolSizeToVRAM:0]]
[2020.02.01-16.12.30:501][  0]LogConfig: Setting CVar [[r.Streaming.PoolSize:1000]]
[2020.02.01-16.12.30:501][  0]LogConfig: Setting CVar [[r.Streaming.MaxEffectiveScreenSize:0]]
[2020.02.01-16.12.30:501][  0]LogConfig: Applying CVar settings from Section [EffectsQuality@3] File [D:/Program_files/Unreal Projects/Gedaria/Saved/Config/Windows/Scalability.ini]
[2020.02.01-16.12.30:501][  0]LogConfig: Setting CVar [[r.TranslucencyLightingVolumeDim:64]]
[2020.02.01-16.12.30:501][  0]LogConfig: Setting CVar [[r.RefractionQuality:2]]
[2020.02.01-16.12.30:501][  0]LogConfig: Setting CVar [[r.SSR.Quality:3]]
[2020.02.01-16.12.30:501][  0]LogConfig: Setting CVar [[r.SceneColorFormat:4]]
[2020.02.01-16.12.30:501][  0]LogConfig: Setting CVar [[r.DetailMode:2]]
[2020.02.01-16.12.30:502][  0]LogConfig: Setting CVar [[r.TranslucencyVolumeBlur:1]]
[2020.02.01-16.12.30:502][  0]LogConfig: Setting CVar [[r.MaterialQualityLevel:1 ; High quality]]
[2020.02.01-16.12.30:502][  0]LogConfig: Setting CVar [[r.SSS.Scale:1]]
[2020.02.01-16.12.30:502][  0]LogConfig: Setting CVar [[r.SSS.SampleSet:2]]
[2020.02.01-16.12.30:502][  0]LogConfig: Setting CVar [[r.SSS.Quality:1]]
[2020.02.01-16.12.30:502][  0]LogConfig: Setting CVar [[r.SSS.HalfRes:1]]
[2020.02.01-16.12.30:502][  0]LogConfig: Setting CVar [[r.EmitterSpawnRateScale:1.0]]
[2020.02.01-16.12.30:502][  0]LogConfig: Setting CVar [[r.ParticleLightQuality:2]]
[2020.02.01-16.12.30:502][  0]LogConfig: Applying CVar settings from Section [FoliageQuality@3] File [D:/Program_files/Unreal Projects/Gedaria/Saved/Config/Windows/Scalability.ini]
[2020.02.01-16.12.30:502][  0]LogConfig: Setting CVar [[foliage.DensityScale:1.0]]
[2020.02.01-16.12.30:502][  0]LogConfig: Setting CVar [[grass.DensityScale:1.0]]
[2020.02.01-16.12.30:503][  0]LogConfig: Applying CVar settings from Section [Startup] File [../../../Engine/Config/ConsoleVariables.ini]
[2020.02.01-16.12.30:503][  0]LogConfig: Setting CVar [[net.UseAdaptiveNetUpdateFrequency:0]]
[2020.02.01-16.12.30:503][  0]LogConfig: Applying CVar settings from Section [ConsoleVariables] File [D:/Program_files/Unreal Projects/Gedaria/Saved/Config/Windows/Engine.ini]
[2020.02.01-16.12.30:503][  0]LogInit: Computer: LAPTOP-CL2VGTEM
[2020.02.01-16.12.30:503][  0]LogInit: User: Viktor
[2020.02.01-16.12.30:503][  0]LogInit: CPU Page size=4096, Cores=4
[2020.02.01-16.12.30:503][  0]LogInit: High frequency timer resolution =2.249998 MHz
[2020.02.01-16.12.30:504][  0]LogMemory: Memory total: Physical=7.9GB (8GB approx)
[2020.02.01-16.12.30:504][  0]LogMemory: Platform Memory Stats for Windows
[2020.02.01-16.12.30:504][  0]LogMemory: Process Physical Memory: 104.16 MB used, 104.16 MB peak
[2020.02.01-16.12.30:504][  0]LogMemory: Process Virtual Memory: 101.94 MB used, 101.94 MB peak
[2020.02.01-16.12.30:504][  0]LogMemory: Physical Memory: 5295.16 MB used,  2745.43 MB free, 8040.59 MB total
[2020.02.01-16.12.30:504][  0]LogMemory: Virtual Memory: 4658.91 MB used,  134213072.00 MB free, 134217728.00 MB total
[2020.02.01-16.12.31:801][  0]LogInit: Using OS detected language (cs-CZ).
[2020.02.01-16.12.31:801][  0]LogInit: Using OS detected locale (cs-CZ).
[2020.02.01-16.12.31:802][  0]LogTextLocalizationManager: No localization for 'cs-CZ' exists, so 'en' will be used for the language.
[2020.02.01-16.12.32:560][  0]LogStreaming: Display: Took  0.759s to InitEngineTextLocalization.
[2020.02.01-16.12.32:560][  0]LogInit: Setting process to per monitor DPI aware
[2020.02.01-16.12.32:897][  0]LogSlate: New Slate User Created.  User Index 0, Is Virtual User: 0
[2020.02.01-16.12.32:897][  0]LogSlate: Slate User Registered.  User Index 0, Is Virtual User: 0
[2020.02.01-16.12.33:401][  0]LogHMD: Failed to initialize OpenVR with code 110
[2020.02.01-16.12.33:401][  0]LogD3D11RHI: D3D11 adapters:
[2020.02.01-16.12.33:544][  0]LogD3D11RHI:    0. 'NVIDIA GeForce GTX 1050' (Feature Level 11_0)
[2020.02.01-16.12.33:544][  0]LogD3D11RHI:       4019/0/4020 MB DedicatedVideo/DedicatedSystem/SharedSystem, Outputs:1, VendorId:0x10de
[2020.02.01-16.12.33:572][  0]LogD3D11RHI:    1. 'Intel(R) UHD Graphics 630' (Feature Level 11_0)
[2020.02.01-16.12.33:572][  0]LogD3D11RHI:       128/0/4020 MB DedicatedVideo/DedicatedSystem/SharedSystem, Outputs:0, VendorId:0x8086
[2020.02.01-16.12.33:579][  0]LogD3D11RHI:    2. 'Microsoft Basic Render Driver' (Feature Level 11_0)
[2020.02.01-16.12.33:579][  0]LogD3D11RHI:       0/0/4020 MB DedicatedVideo/DedicatedSystem/SharedSystem, Outputs:0, VendorId:0x1414
[2020.02.01-16.12.33:579][  0]LogD3D11RHI: Chosen D3D11 Adapter: 0
[2020.02.01-16.12.33:608][  0]LogD3D11RHI: Creating new Direct3DDevice
[2020.02.01-16.12.33:608][  0]LogD3D11RHI:     GPU DeviceId: 0x1c8d (for the marketing name, search the web for "GPU Device Id")
[2020.02.01-16.12.33:608][  0]LogWindows: EnumDisplayDevices:
[2020.02.01-16.12.33:608][  0]LogWindows:    0. 'Intel(R) UHD Graphics 630' (P:1 D:1)
[2020.02.01-16.12.33:608][  0]LogWindows:    1. 'Intel(R) UHD Graphics 630' (P:0 D:0)
[2020.02.01-16.12.33:609][  0]LogWindows:    2. 'Intel(R) UHD Graphics 630' (P:0 D:0)
[2020.02.01-16.12.33:609][  0]LogWindows:    3. 'NVIDIA GeForce GTX 1050' (P:0 D:0)
[2020.02.01-16.12.33:609][  0]LogWindows: DebugString: PrimaryIsNotTheChoosenAdapter PrimaryIsNotTheChoosenAdapter PrimaryIsNotTheChoosenAdapter 
[2020.02.01-16.12.33:609][  0]LogD3D11RHI:     Adapter Name: NVIDIA GeForce GTX 1050
[2020.02.01-16.12.33:609][  0]LogD3D11RHI:   Driver Version: 441.20 (internal:26.21.14.4120, unified:441.20)
[2020.02.01-16.12.33:610][  0]LogD3D11RHI:      Driver Date: 11-6-2019
[2020.02.01-16.12.33:610][  0]LogRHI: Texture pool is 2813 MB (70% of 4019 MB)
[2020.02.01-16.12.33:659][  0]LogD3D11RHI: Async texture creation enabled
[2020.02.01-16.12.33:677][  0]LogD3D11RHI: GPU Timing Frequency: 1000.000000 (Debug: 2 1)
[2020.02.01-16.12.34:083][  0]LogTemp: Display: Loaded TP AllDesktopTargetPlatform
[2020.02.01-16.12.34:106][  0]LogTemp: Display: Loaded TP MacClientTargetPlatform
[2020.02.01-16.12.34:130][  0]LogTemp: Display: Loaded TP MacNoEditorTargetPlatform
[2020.02.01-16.12.34:158][  0]LogTemp: Display: Loaded TP MacServerTargetPlatform
[2020.02.01-16.12.34:224][  0]LogTemp: Display: Loaded TP MacTargetPlatform
[2020.02.01-16.12.34:245][  0]LogTemp: Display: Loaded TP WindowsClientTargetPlatform
[2020.02.01-16.12.34:281][  0]LogTemp: Display: Loaded TP WindowsNoEditorTargetPlatform
[2020.02.01-16.12.34:305][  0]LogTemp: Display: Loaded TP WindowsServerTargetPlatform
[2020.02.01-16.12.34:324][  0]LogTemp: Display: Loaded TP WindowsTargetPlatform
[2020.02.01-16.12.34:461][  0]LogTemp: Display: Loaded TP AndroidTargetPlatform
[2020.02.01-16.12.34:461][  0]LogTemp: Display: Loaded TP AndroidTargetPlatform
[2020.02.01-16.12.34:461][  0]LogTemp: Display: Loaded TP AndroidTargetPlatform
[2020.02.01-16.12.34:461][  0]LogTemp: Display: Loaded TP AndroidTargetPlatform
[2020.02.01-16.12.34:461][  0]LogTemp: Display: Loaded TP AndroidTargetPlatform
[2020.02.01-16.12.34:461][  0]LogTemp: Display: Loaded TP AndroidTargetPlatform
[2020.02.01-16.12.34:461][  0]LogTemp: Display: Loaded TP AndroidTargetPlatform
[2020.02.01-16.12.34:461][  0]LogTemp: Display: Loaded TP AndroidTargetPlatform
[2020.02.01-16.12.34:461][  0]LogTemp: Display: Loaded TP AndroidTargetPlatform
[2020.02.01-16.12.34:461][  0]LogTemp: Display: Loaded TP AndroidTargetPlatform
[2020.02.01-16.12.34:461][  0]LogTemp: Display: Loaded TP AndroidTargetPlatform
[2020.02.01-16.12.34:461][  0]LogTemp: Display: Loaded TP AndroidTargetPlatform
[2020.02.01-16.12.34:462][  0]LogTemp: Display: Loaded TP AndroidTargetPlatform
[2020.02.01-16.12.34:462][  0]LogTemp: Display: Loaded TP AndroidTargetPlatform
[2020.02.01-16.12.34:462][  0]LogTemp: Display: Loaded TP AndroidTargetPlatform
[2020.02.01-16.12.34:462][  0]LogTemp: Display: Loaded TP AndroidTargetPlatform
[2020.02.01-16.12.34:462][  0]LogTemp: Display: Loaded TP AndroidTargetPlatform
[2020.02.01-16.12.34:462][  0]LogTemp: Display: Loaded TP AndroidTargetPlatform
[2020.02.01-16.12.34:482][  0]LogTemp: Display: Loaded TP HTML5TargetPlatform
[2020.02.01-16.12.34:631][  0]LogTemp: Display: Loaded TP IOSTargetPlatform
[2020.02.01-16.12.34:631][  0]LogTemp: Display: Loaded TP IOSTargetPlatform
[2020.02.01-16.12.34:664][  0]LogTemp: Display: Loaded TP TVOSTargetPlatform
[2020.02.01-16.12.34:664][  0]LogTemp: Display: Loaded TP TVOSTargetPlatform
[2020.02.01-16.12.34:705][  0]LogTemp: Display: Loaded TP LinuxClientTargetPlatform
[2020.02.01-16.12.34:746][  0]LogTemp: Display: Loaded TP LinuxNoEditorTargetPlatform
[2020.02.01-16.12.34:784][  0]LogTemp: Display: Loaded TP LinuxServerTargetPlatform
[2020.02.01-16.12.34:806][  0]LogTemp: Display: Loaded TP LinuxTargetPlatform
[2020.02.01-16.12.34:887][  0]LogTemp: Display: Loaded TP LuminTargetPlatform
[2020.02.01-16.12.34:887][  0]LogTemp: Display: Loaded TP LuminTargetPlatform
[2020.02.01-16.12.34:887][  0]LogTargetPlatformManager: Display: Building Assets For Windows
[2020.02.01-16.12.35:597][  0]LogShaderCompilers: Guid format shader working directory is -9 characters bigger than the processId version (../../../../../../Program_files/Unreal Projects/Gedaria/Intermediate/Shaders/WorkingDirectory/20216/).
[2020.02.01-16.12.35:598][  0]LogShaderCompilers: Cleaned the shader compiler working directory 'C:/Users/Viktor/AppData/Local/Temp/UnrealShaderWorkingDir/45BB43B849F49E2C98443B8B824D2B1D/'.
[2020.02.01-16.12.35:618][  0]LogXGEController: Cannot use XGE Controller as Incredibuild is not installed on this machine.
[2020.02.01-16.12.35:618][  0]LogShaderCompilers: Cannot use XGE Shader Compiler as Incredibuild is not installed on this machine.
[2020.02.01-16.12.35:618][  0]LogShaderCompilers: Display: Using Local Shader Compiler.
[2020.02.01-16.12.36:676][  0]LogDerivedDataCache: Display: Max Cache Size: 512 MB
[2020.02.01-16.12.36:920][  0]LogDerivedDataCache: Loaded boot cache 0.24s 71MB C:/Users/Viktor/AppData/Local/UnrealEngine/4.21/DerivedDataCache/Boot.ddc.
[2020.02.01-16.12.36:920][  0]LogDerivedDataCache: Display: Loaded Boot cache: C:/Users/Viktor/AppData/Local/UnrealEngine/4.21/DerivedDataCache/Boot.ddc
[2020.02.01-16.12.36:920][  0]LogDerivedDataCache: FDerivedDataBackendGraph:  Pak pak cache file ../../../../../../Program_files/Unreal Projects/Gedaria/DerivedDataCache/DDC.ddp not found, will not use a pak cache.
[2020.02.01-16.12.36:920][  0]LogDerivedDataCache: Unable to find inner node Pak for hierarchical cache Hierarchy.
[2020.02.01-16.12.36:920][  0]LogDerivedDataCache: FDerivedDataBackendGraph:  CompressedPak pak cache file ../../../../../../Program_files/Unreal Projects/Gedaria/DerivedDataCache/Compressed.ddp not found, will not use a pak cache.
[2020.02.01-16.12.36:920][  0]LogDerivedDataCache: Unable to find inner node CompressedPak for hierarchical cache Hierarchy.
[2020.02.01-16.12.37:052][  0]LogDerivedDataCache: Display: Pak cache opened for reading ../../../Engine/DerivedDataCache/Compressed.ddp.
[2020.02.01-16.12.37:052][  0]LogDerivedDataCache: FDerivedDataBackendGraph:  EnterprisePak pak cache file ../../../Enterprise/DerivedDataCache/Compressed.ddp not found, will not use a pak cache.
[2020.02.01-16.12.37:052][  0]LogDerivedDataCache: Unable to find inner node EnterprisePak for hierarchical cache Hierarchy.
[2020.02.01-16.12.37:065][  0]LogDerivedDataCache: Using Local data cache path C:/Users/Viktor/AppData/Local/UnrealEngine/Common/DerivedDataCache: Writable
[2020.02.01-16.12.37:065][  0]LogDerivedDataCache: Shared data cache path not found in *engine.ini, will not use an Shared cache.
[2020.02.01-16.12.37:065][  0]LogDerivedDataCache: Unable to find inner node Shared for hierarchical cache Hierarchy.
[2020.02.01-16.12.37:085][  0]LogMaterial: Verifying Global Shaders for PCD3D_SM5
[2020.02.01-16.12.37:086][  0]LogSlate: Using FreeType 2.6.0
[2020.02.01-16.12.37:143][  0]LogSlate: SlateFontServices - WITH_FREETYPE: 1, WITH_HARFBUZZ: 1
[2020.02.01-16.12.37:892][  0]LogAssetRegistry: FAssetRegistry took 0.0355 seconds to start up
[2020.02.01-16.12.38:317][  0]LogInit: Selected Device Profile: [Windows]
[2020.02.01-16.12.38:771][  0]LogSimplygon: Simplygon DLL not present - disabling.
[2020.02.01-16.12.38:863][  0]LogMeshReduction: Using SimplygonSwarm for distributed automatic mesh merging
[2020.02.01-16.12.38:863][  0]LogMeshReduction: Using ProxyLODMeshReduction for automatic mesh merging
[2020.02.01-16.12.38:864][  0]LogMeshReduction: Using QuadricMeshReduction for automatic static mesh reduction
[2020.02.01-16.12.38:864][  0]LogMeshReduction: No automatic skeletal mesh reduction module available
[2020.02.01-16.12.38:878][  0]LogNetVersion: Gedaria 1.0.0, NetCL: 4541578, EngineNetVer: 5, GameNetVer: 0 (Checksum: 1762311512)
[2020.02.01-16.12.39:501][  0]LogPackageLocalizationCache: Processed 11 localized package path(s) for 1 prioritized culture(s) in 0.054046 seconds
[2020.02.01-16.12.39:506][  0]LogUObjectArray: 39775 objects as part of root set at end of initial load.
[2020.02.01-16.12.39:506][  0]LogUObjectAllocator: 6914656 out of 0 bytes used by permanent object pool.
[2020.02.01-16.12.39:506][  0]LogUObjectArray: CloseDisregardForGC: 0/0 objects in disregard for GC pool
[2020.02.01-16.12.48:355][  0]LogTcpMessaging: Initializing TcpMessaging bridge
[2020.02.01-16.12.48:423][  0]LogUdpMessaging: Initializing bridge on interface 0.0.0.0:0 to multicast group 230.0.0.1:6666.
[2020.02.01-16.12.50:274][  0]SourceControl: Source control is disabled
[2020.02.01-16.12.50:274][  0]SourceControl: Source control is disabled
[2020.02.01-16.12.50:329][  0]SourceControl: Source control is disabled
[2020.02.01-16.12.50:381][  0]SourceControl: Source control is disabled
[2020.02.01-16.12.51:786][  0]LogAndroidPermission: UAndroidPermissionCallbackProxy::GetInstance
[2020.02.01-16.12.52:009][  0]LogOcInput: OculusInput pre-init called
[2020.02.01-16.12.52:624][  0]LogEngine: Initializing Engine...
[2020.02.01-16.12.52:625][  0]LogHMD: Failed to initialize OpenVR with code 110
[2020.02.01-16.12.52:626][  0]LogStats: UGameplayTagsManager::ConstructGameplayTagTree: ImportINI prefixes -  0.000 s
[2020.02.01-16.12.52:626][  0]LogStats: UGameplayTagsManager::ConstructGameplayTagTree: Construct from data asset -  0.000 s
[2020.02.01-16.12.52:626][  0]LogStats: UGameplayTagsManager::ConstructGameplayTagTree: ImportINI -  0.000 s
[2020.02.01-16.12.52:627][  0]LogStats: UGameplayTagsManager::ConstructGameplayTagTree: GameplayTagTreeChangedEvent.Broadcast -  0.000 s
[2020.02.01-16.12.53:353][  0]LogInit: Initializing FReadOnlyCVARCache
[2020.02.01-16.12.53:707][  0]LogAIModule: Creating AISystem for world Untitled
[2020.02.01-16.12.53:925][  0]LogInit: XAudio2 using 'Reproduktor/HP (Realtek High Definition Audio)' : 2 channels at 48 kHz using 32 bits per sample (channel mask 0x3)
[2020.02.01-16.12.53:989][  0]LogInit: FAudioDevice initialized.
[2020.02.01-16.12.54:007][  0]LogNetVersion: Set ProjectVersion to 1.0.0.0. Version Checksum will be recalculated on next use.
[2020.02.01-16.12.54:131][  0]LogDerivedDataCache: Saved boot cache 0.12s 71MB C:/Users/Viktor/AppData/Local/UnrealEngine/4.21/DerivedDataCache/Boot.ddc.
[2020.02.01-16.12.54:137][  0]LogInit: Texture streaming: Enabled
[2020.02.01-16.12.54:402][  0]LogEngineSessionManager: EngineSessionManager initialized
[2020.02.01-16.12.54:407][  0]LogEngineSessionManager: EngineSessionManager sent abnormal shutdown report. Type=Debugger, SessionId={73DAE56F-4947-CC7B-2EE4-D18AEB5F355C}
[2020.02.01-16.12.54:849][  0]LogInit: Transaction tracking system initialized
[2020.02.01-16.12.55:289][  0]BlueprintLog: New page: Editor Load
[2020.02.01-16.12.56:416][  0]LocalizationService: Localization service is disabled
[2020.02.01-16.12.59:966][  0]LogCook: Display: Max memory allowance for cook 16384mb min free memory 0mb
[2020.02.01-16.12.59:966][  0]LogCook: Display: Mobile HDR setting 1
[2020.02.01-16.12.59:967][  0]LogGameplayTags: Display: UGameplayTagsManager::DoneAddingNativeTags. DelegateIsBound: 0
[2020.02.01-16.12.59:967][  0]LogStats: UGameplayTagsManager::ConstructGameplayTagTree: ImportINI prefixes -  0.000 s
[2020.02.01-16.12.59:967][  0]LogStats: UGameplayTagsManager::ConstructGameplayTagTree: Construct from data asset -  0.000 s
[2020.02.01-16.12.59:967][  0]LogStats: UGameplayTagsManager::ConstructGameplayTagTree: ImportINI -  0.000 s
[2020.02.01-16.12.59:967][  0]LogStats: UGameplayTagsManager::ConstructGameplayTagTree: GameplayTagTreeChangedEvent.Broadcast -  0.000 s
[2020.02.01-16.13.00:761][  0]LogFileCache: Scanning file cache for directory 'D:/Program_files/Unreal Projects/Gedaria/Content/' took 0.07s
[2020.02.01-16.13.01:482][  0]SourceControl: Source control is disabled
[2020.02.01-16.13.01:494][  0]Cmd: MAP LOAD FILE="../../../../../../Program_files/Unreal Projects/Gedaria/Content/level/Level1/NewWorld.umap" TEMPLATE=0 SHOWPROGRESS=1 FEATURELEVEL=3
[2020.02.01-16.13.01:523][  0]LightingResults: New page: Lighting Build
[2020.02.01-16.13.01:839][  0]MapCheck: New page: Map Check
[2020.02.01-16.13.01:840][  0]LightingResults: New page: Lighting Build
[2020.02.01-16.13.14:227][  0]LogAIModule: Creating AISystem for world NewWorld
[2020.02.01-16.13.16:680][  0]LogEditorServer: Finished looking for orphan Actors (0.027 secs)
[2020.02.01-16.13.18:019][  0]Cmd: MAP CHECKDEP NOCLEARLOG
[2020.02.01-16.13.18:106][  0]MapCheck: Map check complete: 0 Error(s), 0 Warning(s), took 50,007ms to complete.
[2020.02.01-16.13.18:155][  0]LogFileHelpers: Loading map 'NewWorld' took 16.672
[2020.02.01-16.13.27:590][  0]LogSlate: Updating window title bar state: overlay mode, drag disabled, window buttons hidden, title bar hidden
[2020.02.01-16.13.28:768][  0]LogCollectionManager: Loaded 0 collections in 0.392057 seconds
[2020.02.01-16.13.30:568][  0]LogFileCache: Scanning file cache for directory 'D:/Program_files/Unreal Projects/Gedaria/Saved/Collections/' took 0.12s
[2020.02.01-16.13.30:568][  0]LogFileCache: Scanning file cache for directory 'D:/Program_files/Unreal Projects/Gedaria/Content/Developers/Viktor/Collections/' took 0.01s
[2020.02.01-16.13.30:568][  0]LogFileCache: Scanning file cache for directory 'D:/Program_files/Unreal Projects/Gedaria/Content/Collections/' took 0.04s
[2020.02.01-16.13.30:569][  0]LogCollectionManager: Rebuilt the GUID cache for 0 collections in 0.000000 seconds
[2020.02.01-16.13.31:060][  0]LogContentBrowser: Native class hierarchy populated in 0.4294 seconds. Added 2655 classes and 622 folders.
[2020.02.01-16.13.33:362][  0]LogContentBrowser: Native class hierarchy updated for 'WidgetCarousel' in 0.0004 seconds. Added 0 classes and 0 folders.
[2020.02.01-16.13.33:462][  0]LogPakFile: Registered encryption key '00000000000000000000000000000000': 0 pak files mounted, 0 remain pending
[2020.02.01-16.13.33:529][  0]LogPakFile: Registered encryption key '00000000000000000000000000000000': 0 pak files mounted, 0 remain pending
[2020.02.01-16.13.33:540][  0]LogPakFile: Registered encryption key '00000000000000000000000000000000': 0 pak files mounted, 0 remain pending
[2020.02.01-16.13.33:552][  0]LogPakFile: Registered encryption key '00000000000000000000000000000000': 0 pak files mounted, 0 remain pending
[2020.02.01-16.13.33:554][  0]LogPakFile: Registered encryption key '00000000000000000000000000000000': 0 pak files mounted, 0 remain pending
[2020.02.01-16.13.33:555][  0]LogPakFile: Registered encryption key '00000000000000000000000000000000': 0 pak files mounted, 0 remain pending
[2020.02.01-16.13.33:562][  0]LogPakFile: Registered encryption key '00000000000000000000000000000000': 0 pak files mounted, 0 remain pending
[2020.02.01-16.13.33:564][  0]LogPakFile: Registered encryption key '00000000000000000000000000000000': 0 pak files mounted, 0 remain pending
[2020.02.01-16.13.33:566][  0]LogPakFile: Registered encryption key '00000000000000000000000000000000': 0 pak files mounted, 0 remain pending
[2020.02.01-16.13.33:634][  0]LogPakFile: Registered encryption key '00000000000000000000000000000000': 0 pak files mounted, 0 remain pending
[2020.02.01-16.13.33:669][  0]LogPakFile: Registered encryption key '00000000000000000000000000000000': 0 pak files mounted, 0 remain pending
[2020.02.01-16.13.33:671][  0]LogPakFile: Registered encryption key '00000000000000000000000000000000': 0 pak files mounted, 0 remain pending
[2020.02.01-16.13.33:687][  0]LogPakFile: Registered encryption key '00000000000000000000000000000000': 0 pak files mounted, 0 remain pending
[2020.02.01-16.13.33:720][  0]LogPakFile: Registered encryption key '00000000000000000000000000000000': 0 pak files mounted, 0 remain pending
[2020.02.01-16.13.33:752][  0]LogPakFile: Registered encryption key '00000000000000000000000000000000': 0 pak files mounted, 0 remain pending
[2020.02.01-16.13.33:776][  0]LogPakFile: Registered encryption key '00000000000000000000000000000000': 0 pak files mounted, 0 remain pending
[2020.02.01-16.13.33:794][  0]LogPakFile: Registered encryption key '00000000000000000000000000000000': 0 pak files mounted, 0 remain pending
[2020.02.01-16.13.33:798][  0]LogPakFile: Registered encryption key '00000000000000000000000000000000': 0 pak files mounted, 0 remain pending
[2020.02.01-16.13.33:800][  0]LogPakFile: Registered encryption key '00000000000000000000000000000000': 0 pak files mounted, 0 remain pending
[2020.02.01-16.13.33:804][  0]LogPakFile: Registered encryption key '00000000000000000000000000000000': 0 pak files mounted, 0 remain pending
[2020.02.01-16.13.33:805][  0]LogPakFile: Registered encryption key '00000000000000000000000000000000': 0 pak files mounted, 0 remain pending
[2020.02.01-16.13.33:809][  0]LogPakFile: Registered encryption key '00000000000000000000000000000000': 0 pak files mounted, 0 remain pending
[2020.02.01-16.13.33:894][  0]LogPakFile: Registered encryption key '00000000000000000000000000000000': 0 pak files mounted, 0 remain pending
[2020.02.01-16.13.34:056][  0]LogPakFile: Registered encryption key '00000000000000000000000000000000': 0 pak files mounted, 0 remain pending
[2020.02.01-16.13.34:133][  0]LogPakFile: Registered encryption key '00000000000000000000000000000000': 0 pak files mounted, 0 remain pending
[2020.02.01-16.13.34:149][  0]LogPakFile: Registered encryption key '00000000000000000000000000000000': 0 pak files mounted, 0 remain pending
[2020.02.01-16.13.38:911][  0]LogContentBrowser: Native class hierarchy updated for 'AddContentDialog' in 0.0009 seconds. Added 0 classes and 0 folders.
[2020.02.01-16.13.39:253][  0]LogContentBrowser: Native class hierarchy updated for 'SceneOutliner' in 0.0004 seconds. Added 1 classes and 2 folders.
[2020.02.01-16.13.43:035][  0]LogSlate: Took 0.058278 seconds to synchronously load lazily loaded font '../../../Engine/Content/Slate/Fonts/Roboto-Regular.ttf' (155K)
[2020.02.01-16.13.43:132][  0]LogSlate: Took 0.022711 seconds to synchronously load lazily loaded font '../../../Engine/Content/Slate/Fonts/Roboto-Bold.ttf' (160K)
[2020.02.01-16.13.43:287][  0]LogSlate: Took 0.042342 seconds to synchronously load lazily loaded font '../../../Engine/Content/Editor/Slate/Fonts/FontAwesome.ttf' (139K)
[2020.02.01-16.13.44:875][  0]LogRenderer: Reallocating scene render targets to support 1120x648 Format 10 NumSamples 1 (Frame:1).
[2020.02.01-16.13.47:148][  0]LogContentBrowser: Native class hierarchy updated for 'HierarchicalLODOutliner' in 0.0007 seconds. Added 0 classes and 0 folders.
[2020.02.01-16.13.47:149][  0]LogLoad: (Engine Initialization) Total time: 81.26 seconds
[2020.02.01-16.13.47:149][  0]LogLoad: (Engine Initialization) Total Blueprint compile time: 0.00 seconds
[2020.02.01-16.13.47:412][  0]LogWindowsTextInputMethodSystem: Display: IME system now deactivated.
[2020.02.01-16.13.48:312][  0]LogContentStreaming: Texture pool size now 1000 MB
[2020.02.01-16.13.48:560][  0]LogSlate: Took 0.025555 seconds to synchronously load lazily loaded font '../../../Engine/Content/Slate/Fonts/Roboto-Light.ttf' (167K)
[2020.02.01-16.13.49:377][  6]LogAssetRegistry: Asset discovery search completed in 71.5088 seconds
[2020.02.01-16.13.49:379][  6]LogCollectionManager: Rebuilt the object cache for 0 collections in 0.000000 seconds (found 0 objects)
[2020.02.01-16.13.49:379][  6]LogCollectionManager: Fixed up redirectors for 0 collections in 0.000126 seconds (updated 0 objects)
[2020.02.01-16.14.10:966][277]LogSlate: FSceneViewport::OnFocusLost() reason 0
[2020.02.01-16.14.17:120][582]LogTemp: Repeating last play command: Selected Viewport
[2020.02.01-16.14.17:217][582]LogBlueprintUserMessages: Early PlayInEditor Detection: Level '/Game/level/Level1/NewWorld.NewWorld:PersistentLevel' has LevelScriptBlueprint '/Game/level/Level1/NewWorld.NewWorld:PersistentLevel.NewWorld' with GeneratedClass '/Game/level/Level1/NewWorld.NewWorld_C' with ClassGeneratedBy '/Game/level/Level1/NewWorld.NewWorld:PersistentLevel.NewWorld'
[2020.02.01-16.14.17:289][582]LogPlayLevel: PlayLevel: No blueprints needed recompiling
[2020.02.01-16.14.17:447][582]PIE: New page: PIE session: NewWorld (1. 2. 2020 18:14:17)
[2020.02.01-16.14.17:611][582]LogPlayLevel: Creating play world package: /Game/level/Level1/UEDPIE_0_NewWorld
[2020.02.01-16.14.17:738][582]LogPlayLevel: PIE: StaticDuplicateObject took: (0.126993s)
[2020.02.01-16.14.17:739][582]LogAIModule: Creating AISystem for world NewWorld
[2020.02.01-16.14.17:739][582]LogPlayLevel: PIE: World Init took: (0.000848s)
[2020.02.01-16.14.17:739][582]LogPlayLevel: PIE: Created PIE world by copying editor world from /Game/level/Level1/NewWorld.NewWorld to /Game/level/Level1/UEDPIE_0_NewWorld.NewWorld (0.128626s)
[2020.02.01-16.14.17:866][582]LogInit: XAudio2 using 'Reproduktor/HP (Realtek High Definition Audio)' : 2 channels at 48 kHz using 32 bits per sample (channel mask 0x3)
[2020.02.01-16.14.17:881][582]LogInit: FAudioDevice initialized.
[2020.02.01-16.14.18:113][582]LogLoad: Game class is '2DSideScrollerGameMode_C'
[2020.02.01-16.14.18:292][582]LogWorld: Bringing World /Game/level/Level1/UEDPIE_0_NewWorld.NewWorld up for play (max tick rate 60) at 2020.02.01-17.14.18
[2020.02.01-16.14.18:568][582]LogLinker: Warning: Can't find file '/Game/NewLevelSequence'
[2020.02.01-16.14.18:569][582]LogLinker: Warning: Can't find file '/Game/NewLevelSequence'
[2020.02.01-16.14.18:569][582]LogUObjectGlobals: Warning: Failed to find object 'Object /Game/NewLevelSequence.NewLevelSequence'
[2020.02.01-16.14.19:115][582]LogWorld: Bringing up level for play took: 0.889159
[2020.02.01-16.14.19:382][582]LogContentBrowser: Native class hierarchy updated for 'MovieSceneCapture' in 0.0011 seconds. Added 20 classes and 0 folders.
[2020.02.01-16.14.19:496][582]PIE: Play in editor start time for /Game/level/Level1/UEDPIE_0_NewWorld 1,317
[2020.02.01-16.14.19:497][582]LogBlueprintUserMessages: Late PlayInEditor Detection: Level '/Game/level/Level1/NewWorld.NewWorld:PersistentLevel' has LevelScriptBlueprint '/Game/level/Level1/NewWorld.NewWorld:PersistentLevel.NewWorld' with GeneratedClass '/Game/level/Level1/NewWorld.NewWorld_C' with ClassGeneratedBy '/Game/level/Level1/NewWorld.NewWorld:PersistentLevel.NewWorld'
[2020.02.01-16.14.21:924][712]LogBlueprintUserMessages: Early EndPlayMap Detection: Level '/Game/level/Level1/NewWorld.NewWorld:PersistentLevel' has LevelScriptBlueprint '/Game/level/Level1/NewWorld.NewWorld:PersistentLevel.NewWorld' with GeneratedClass '/Game/level/Level1/NewWorld.NewWorld_C' with ClassGeneratedBy '/Game/level/Level1/NewWorld.NewWorld:PersistentLevel.NewWorld'
[2020.02.01-16.14.21:940][712]LogSlate: Updating window title bar state: overlay mode, drag disabled, window buttons hidden, title bar hidden
[2020.02.01-16.14.22:011][712]LogPlayLevel: Display: Shutting down PIE online subsystems
[2020.02.01-16.14.22:011][712]LogBlueprintUserMessages: Late EndPlayMap Detection: Level '/Game/level/Level1/NewWorld.NewWorld:PersistentLevel' has LevelScriptBlueprint '/Game/level/Level1/NewWorld.NewWorld:PersistentLevel.NewWorld' with GeneratedClass '/Game/level/Level1/NewWorld.NewWorld_C' with ClassGeneratedBy '/Game/level/Level1/NewWorld.NewWorld:PersistentLevel.NewWorld'
[2020.02.01-16.14.22:157][712]LogSlate: Updating window title bar state: overlay mode, drag disabled, window buttons hidden, title bar hidden
[2020.02.01-16.14.22:315][713]LogPlayLevel: Display: Destroying online subsystem :Context_1
[2020.02.01-16.14.23:098][754]LogEditorViewport: Clicking Background
[2020.02.01-16.14.23:548][778]LogEditorViewport: Clicking on Actor (LMB): PlayerStart (PlayerStart)
[2020.02.01-16.14.24:556][812]LogNavigationPoint: PostEditMove Clear paths rebuilt
[2020.02.01-16.14.27:198][954]LogNavigationPoint: PostEditMove Clear paths rebuilt
[2020.02.01-16.14.28:146][  8]LogSlate: FSceneViewport::OnFocusLost() reason 0
[2020.02.01-16.14.28:214][ 12]LogTemp: Repeating last play command: Selected Viewport
[2020.02.01-16.14.28:253][ 12]LogBlueprintUserMessages: Early PlayInEditor Detection: Level '/Game/level/Level1/NewWorld.NewWorld:PersistentLevel' has LevelScriptBlueprint '/Game/level/Level1/NewWorld.NewWorld:PersistentLevel.NewWorld' with GeneratedClass '/Game/level/Level1/NewWorld.NewWorld_C' with ClassGeneratedBy '/Game/level/Level1/NewWorld.NewWorld:PersistentLevel.NewWorld'
[2020.02.01-16.14.28:253][ 12]LogPlayLevel: PlayLevel: No blueprints needed recompiling
[2020.02.01-16.14.28:253][ 12]PIE: New page: PIE session: NewWorld (1. 2. 2020 18:14:28)
[2020.02.01-16.14.28:253][ 12]LogPlayLevel: Creating play world package: /Game/level/Level1/UEDPIE_0_NewWorld
[2020.02.01-16.14.28:266][ 12]LogPlayLevel: PIE: StaticDuplicateObject took: (0.012426s)
[2020.02.01-16.14.28:266][ 12]LogAIModule: Creating AISystem for world NewWorld
[2020.02.01-16.14.28:267][ 12]LogPlayLevel: PIE: World Init took: (0.000644s)
[2020.02.01-16.14.28:267][ 12]LogPlayLevel: PIE: Created PIE world by copying editor world from /Game/level/Level1/NewWorld.NewWorld to /Game/level/Level1/UEDPIE_0_NewWorld.NewWorld (0.013494s)
[2020.02.01-16.14.28:290][ 12]LogInit: XAudio2 using 'Reproduktor/HP (Realtek High Definition Audio)' : 2 channels at 48 kHz using 32 bits per sample (channel mask 0x3)
[2020.02.01-16.14.28:304][ 12]LogInit: FAudioDevice initialized.
[2020.02.01-16.14.28:339][ 12]LogLoad: Game class is '2DSideScrollerGameMode_C'
[2020.02.01-16.14.28:345][ 12]LogWorld: Bringing World /Game/level/Level1/UEDPIE_0_NewWorld.NewWorld up for play (max tick rate 60) at 2020.02.01-17.14.28
[2020.02.01-16.14.28:347][ 12]LogWorld: Bringing up level for play took: 0.007188
[2020.02.01-16.14.28:362][ 12]PIE: Play in editor start time for /Game/level/Level1/UEDPIE_0_NewWorld 0,183
[2020.02.01-16.14.28:362][ 12]LogBlueprintUserMessages: Late PlayInEditor Detection: Level '/Game/level/Level1/NewWorld.NewWorld:PersistentLevel' has LevelScriptBlueprint '/Game/level/Level1/NewWorld.NewWorld:PersistentLevel.NewWorld' with GeneratedClass '/Game/level/Level1/NewWorld.NewWorld_C' with ClassGeneratedBy '/Game/level/Level1/NewWorld.NewWorld:PersistentLevel.NewWorld'
[2020.02.01-16.14.30:919][165]LogBlueprintUserMessages: Early EndPlayMap Detection: Level '/Game/level/Level1/NewWorld.NewWorld:PersistentLevel' has LevelScriptBlueprint '/Game/level/Level1/NewWorld.NewWorld:PersistentLevel.NewWorld' with GeneratedClass '/Game/level/Level1/NewWorld.NewWorld_C' with ClassGeneratedBy '/Game/level/Level1/NewWorld.NewWorld:PersistentLevel.NewWorld'
[2020.02.01-16.14.30:919][165]LogSlate: Updating window title bar state: overlay mode, drag disabled, window buttons hidden, title bar hidden
[2020.02.01-16.14.30:970][165]LogPlayLevel: Display: Shutting down PIE online subsystems
[2020.02.01-16.14.30:971][165]LogBlueprintUserMessages: Late EndPlayMap Detection: Level '/Game/level/Level1/NewWorld.NewWorld:PersistentLevel' has LevelScriptBlueprint '/Game/level/Level1/NewWorld.NewWorld:PersistentLevel.NewWorld' with GeneratedClass '/Game/level/Level1/NewWorld.NewWorld_C' with ClassGeneratedBy '/Game/level/Level1/NewWorld.NewWorld:PersistentLevel.NewWorld'
[2020.02.01-16.14.31:011][165]LogSlate: Updating window title bar state: overlay mode, drag disabled, window buttons hidden, title bar hidden
[2020.02.01-16.14.31:032][166]LogPlayLevel: Display: Destroying online subsystem :Context_2
[2020.02.01-16.14.31:855][215]LogSlate: FSceneViewport::OnFocusLost() reason 0
[2020.02.01-16.14.31:937][220]LogTemp: Repeating last play command: Selected Viewport
[2020.02.01-16.14.31:960][220]LogBlueprintUserMessages: Early PlayInEditor Detection: Level '/Game/level/Level1/NewWorld.NewWorld:PersistentLevel' has LevelScriptBlueprint '/Game/level/Level1/NewWorld.NewWorld:PersistentLevel.NewWorld' with GeneratedClass '/Game/level/Level1/NewWorld.NewWorld_C' with ClassGeneratedBy '/Game/level/Level1/NewWorld.NewWorld:PersistentLevel.NewWorld'
[2020.02.01-16.14.31:960][220]LogPlayLevel: PlayLevel: No blueprints needed recompiling
[2020.02.01-16.14.31:960][220]PIE: New page: PIE session: NewWorld (1. 2. 2020 18:14:31)
[2020.02.01-16.14.31:960][220]LogPlayLevel: Creating play world package: /Game/level/Level1/UEDPIE_0_NewWorld
[2020.02.01-16.14.31:974][220]LogPlayLevel: PIE: StaticDuplicateObject took: (0.013539s)
[2020.02.01-16.14.31:974][220]LogAIModule: Creating AISystem for world NewWorld
[2020.02.01-16.14.31:975][220]LogPlayLevel: PIE: World Init took: (0.000668s)
[2020.02.01-16.14.31:975][220]LogPlayLevel: PIE: Created PIE world by copying editor world from /Game/level/Level1/NewWorld.NewWorld to /Game/level/Level1/UEDPIE_0_NewWorld.NewWorld (0.014582s)
[2020.02.01-16.14.31:998][220]LogInit: XAudio2 using 'Reproduktor/HP (Realtek High Definition Audio)' : 2 channels at 48 kHz using 32 bits per sample (channel mask 0x3)
[2020.02.01-16.14.32:012][220]LogInit: FAudioDevice initialized.
[2020.02.01-16.14.32:046][220]LogLoad: Game class is '2DSideScrollerGameMode_C'
[2020.02.01-16.14.32:052][220]LogWorld: Bringing World /Game/level/Level1/UEDPIE_0_NewWorld.NewWorld up for play (max tick rate 60) at 2020.02.01-17.14.32
[2020.02.01-16.14.32:054][220]LogWorld: Bringing up level for play took: 0.006668
[2020.02.01-16.14.32:068][220]PIE: Play in editor start time for /Game/level/Level1/UEDPIE_0_NewWorld -0,111
[2020.02.01-16.14.32:068][220]LogBlueprintUserMessages: Late PlayInEditor Detection: Level '/Game/level/Level1/NewWorld.NewWorld:PersistentLevel' has LevelScriptBlueprint '/Game/level/Level1/NewWorld.NewWorld:PersistentLevel.NewWorld' with GeneratedClass '/Game/level/Level1/NewWorld.NewWorld_C' with ClassGeneratedBy '/Game/level/Level1/NewWorld.NewWorld:PersistentLevel.NewWorld'
[2020.02.01-16.14.35:909][450]LogSlate: FSceneViewport::OnFocusLost() reason 2
[2020.02.01-16.14.36:775][501]LogSlate: Took 0.012946 seconds to synchronously load lazily loaded font '../../../Engine/Content/Slate/Fonts/DroidSansMono.ttf' (77K)
[2020.02.01-16.14.40:764][735]LogBlueprintUserMessages: Early EndPlayMap Detection: Level '/Game/level/Level1/NewWorld.NewWorld:PersistentLevel' has LevelScriptBlueprint '/Game/level/Level1/NewWorld.NewWorld:PersistentLevel.NewWorld' with GeneratedClass '/Game/level/Level1/NewWorld.NewWorld_C' with ClassGeneratedBy '/Game/level/Level1/NewWorld.NewWorld:PersistentLevel.NewWorld'
[2020.02.01-16.14.40:765][735]LogSlate: Updating window title bar state: overlay mode, drag disabled, window buttons hidden, title bar hidden
[2020.02.01-16.14.40:805][735]LogPlayLevel: Display: Shutting down PIE online subsystems
[2020.02.01-16.14.40:805][735]LogBlueprintUserMessages: Late EndPlayMap Detection: Level '/Game/level/Level1/NewWorld.NewWorld:PersistentLevel' has LevelScriptBlueprint '/Game/level/Level1/NewWorld.NewWorld:PersistentLevel.NewWorld' with GeneratedClass '/Game/level/Level1/NewWorld.NewWorld_C' with ClassGeneratedBy '/Game/level/Level1/NewWorld.NewWorld:PersistentLevel.NewWorld'
[2020.02.01-16.14.40:827][735]LogSlate: Updating window title bar state: overlay mode, drag disabled, window buttons hidden, title bar hidden
[2020.02.01-16.14.40:865][737]LogPlayLevel: Display: Destroying online subsystem :Context_3
[2020.02.01-16.14.42:098][811]LogSlate: FSceneViewport::OnFocusLost() reason 0
[2020.02.01-16.14.42:831][855]LogEditorViewport: Clicking on Actor (LMB): PlayerStart (PlayerStart)
[2020.02.01-16.14.44:828][973]LogSlate: FSceneViewport::OnFocusLost() reason 0
[2020.02.01-16.14.48:924][151]LogTemp: Repeating last play command: Selected Viewport
[2020.02.01-16.14.48:947][151]LogBlueprintUserMessages: Early PlayInEditor Detection: Level '/Game/level/Level1/NewWorld.NewWorld:PersistentLevel' has LevelScriptBlueprint '/Game/level/Level1/NewWorld.NewWorld:PersistentLevel.NewWorld' with GeneratedClass '/Game/level/Level1/NewWorld.NewWorld_C' with ClassGeneratedBy '/Game/level/Level1/NewWorld.NewWorld:PersistentLevel.NewWorld'
[2020.02.01-16.14.48:948][151]LogPlayLevel: PlayLevel: No blueprints needed recompiling
[2020.02.01-16.14.48:948][151]PIE: New page: PIE session: NewWorld (1. 2. 2020 18:14:48)
[2020.02.01-16.14.48:949][151]LogPlayLevel: Creating play world package: /Game/level/Level1/UEDPIE_0_NewWorld
[2020.02.01-16.14.48:962][151]LogPlayLevel: PIE: StaticDuplicateObject took: (0.013597s)
[2020.02.01-16.14.48:963][151]LogAIModule: Creating AISystem for world NewWorld
[2020.02.01-16.14.48:964][151]LogPlayLevel: PIE: World Init took: (0.000842s)
[2020.02.01-16.14.48:964][151]LogPlayLevel: PIE: Created PIE world by copying editor world from /Game/level/Level1/NewWorld.NewWorld to /Game/level/Level1/UEDPIE_0_NewWorld.NewWorld (0.015239s)
[2020.02.01-16.14.49:012][151]LogInit: XAudio2 using 'Reproduktor/HP (Realtek High Definition Audio)' : 2 channels at 48 kHz using 32 bits per sample (channel mask 0x3)
[2020.02.01-16.14.49:078][151]LogInit: FAudioDevice initialized.
[2020.02.01-16.14.49:112][151]LogLoad: Game class is '2DSideScrollerGameMode_C'
[2020.02.01-16.14.49:119][151]LogWorld: Bringing World /Game/level/Level1/UEDPIE_0_NewWorld.NewWorld up for play (max tick rate 60) at 2020.02.01-17.14.49
[2020.02.01-16.14.49:121][151]LogWorld: Bringing up level for play took: 0.007205
[2020.02.01-16.14.49:136][151]PIE: Play in editor start time for /Game/level/Level1/UEDPIE_0_NewWorld 0,957
[2020.02.01-16.14.49:137][151]LogBlueprintUserMessages: Late PlayInEditor Detection: Level '/Game/level/Level1/NewWorld.NewWorld:PersistentLevel' has LevelScriptBlueprint '/Game/level/Level1/NewWorld.NewWorld:PersistentLevel.NewWorld' with GeneratedClass '/Game/level/Level1/NewWorld.NewWorld_C' with ClassGeneratedBy '/Game/level/Level1/NewWorld.NewWorld:PersistentLevel.NewWorld'
[2020.02.01-16.15.03:513][ 11]LogBlueprintUserMessages: Early EndPlayMap Detection: Level '/Game/level/Level1/NewWorld.NewWorld:PersistentLevel' has LevelScriptBlueprint '/Game/level/Level1/NewWorld.NewWorld:PersistentLevel.NewWorld' with GeneratedClass '/Game/level/Level1/NewWorld.NewWorld_C' with ClassGeneratedBy '/Game/level/Level1/NewWorld.NewWorld:PersistentLevel.NewWorld'
[2020.02.01-16.15.03:514][ 11]LogSlate: Updating window title bar state: overlay mode, drag disabled, window buttons hidden, title bar hidden
[2020.02.01-16.15.03:555][ 11]LogPlayLevel: Display: Shutting down PIE online subsystems
[2020.02.01-16.15.03:555][ 11]LogBlueprintUserMessages: Late EndPlayMap Detection: Level '/Game/level/Level1/NewWorld.NewWorld:PersistentLevel' has LevelScriptBlueprint '/Game/level/Level1/NewWorld.NewWorld:PersistentLevel.NewWorld' with GeneratedClass '/Game/level/Level1/NewWorld.NewWorld_C' with ClassGeneratedBy '/Game/level/Level1/NewWorld.NewWorld:PersistentLevel.NewWorld'
[2020.02.01-16.15.03:578][ 11]LogSlate: Updating window title bar state: overlay mode, drag disabled, window buttons hidden, title bar hidden
[2020.02.01-16.15.03:634][ 12]LogPlayLevel: Display: Destroying online subsystem :Context_4
[2020.02.01-16.15.06:303][172]LogSlate: FSceneViewport::OnFocusLost() reason 0
[2020.02.01-16.15.06:546][184]LogSlate: Took 0.000230 seconds to synchronously load lazily loaded font '../../../Engine/Content/Slate/Fonts/Roboto-Light.ttf' (167K)
[2020.02.01-16.15.06:579][184]LogAssetEditorManager: Opening Asset editor for Blueprint /Game/Vladimir/VladimirCharacter.VladimirCharacter
[2020.02.01-16.15.08:881][184]LogContentBrowser: Native class hierarchy updated for 'BlueprintGraph' in 0.0007 seconds. Added 117 classes and 0 folders.
[2020.02.01-16.15.14:397][239]LogSlate: Window 'VladimirCharacter' being destroyed
[2020.02.01-16.15.14:527][239]LogAssetEditorManager: Opening Asset editor for Blueprint /Game/Vladimir/VladimirCharacter.VladimirCharacter
[2020.02.01-16.15.15:380][239]LogSlate: Took 0.018658 seconds to synchronously load lazily loaded font '../../../Engine/Content/Slate/Fonts/Roboto-BoldCondensed.ttf' (158K)
[2020.02.01-16.15.17:386][312]LogRenderer: Reallocating scene render targets to support 1120x728 Format 10 NumSamples 1 (Frame:1).
[2020.02.01-16.15.19:436][411]LogAssetEditorManager: Opening Asset editor for Blueprint /Game/Vladimir/CH_Vladimir_BP.CH_Vladimir_BP
[2020.02.01-16.15.20:503][434]LogSlate: Took 0.035658 seconds to synchronously load lazily loaded font '../../../Engine/Content/Slate/Fonts/Roboto-Italic.ttf' (157K)
[2020.02.01-16.16.08:500][850]LogSlate: Window 'CH_Vladimir_BP' being destroyed
[2020.02.01-16.16.08:512][850]LogSlate: Window 'CH_Vladimir_BP' being destroyed
[2020.02.01-16.16.08:658][850]LogActorComponent: UnregisterComponent: (/Engine/Transient.EditorFloorComp) Not registered. Aborting.
