Log file open, 02/01/20 19:21:53
LogWindows: Failed to load 'aqProf.dll' (GetLastError=126)
LogWindows: File 'aqProf.dll' does not exist
LogWindows: Failed to load 'VtuneApi.dll' (GetLastError=126)
LogWindows: File 'VtuneApi.dll' does not exist
LogWindows: Failed to load 'VtuneApi32e.dll' (GetLastError=126)
LogWindows: File 'VtuneApi32e.dll' does not exist
LogConsoleResponse: Display: Failed to find resolution value strings in scalability ini. Falling back to default.
LogInit: Display: Running engine for game: Gedaria
LogPakFile: Registered encryption key '00000000000000000000000000000000': 0 pak files mounted, 0 remain pending
LogPlatformFile: Not using cached read wrapper
LogTaskGraph: Started task graph with 5 named threads and 23 total threads with 3 sets of task threads.
LogStats: Stats thread started at 0.370131
LogD3D11RHI: Loaded GFSDK_Aftermath_Lib.x64.dll
LogICUInternationalization: ICU TimeZone Detection - Raw Offset: +1:00, Platform Override: ''
LogPluginManager: Mounting plugin Paper2D
LogPluginManager: Mounting plugin AISupport
LogPluginManager: Mounting plugin LightPropagationVolume
LogPluginManager: Mounting plugin ActorLayerUtilities
LogPluginManager: Mounting plugin CLionSourceCodeAccess
LogPluginManager: Mounting plugin CodeLiteSourceCodeAccess
LogPluginManager: Mounting plugin GitSourceControl
LogPluginManager: Mounting plugin KDevelopSourceCodeAccess
LogPluginManager: Mounting plugin NullSourceCodeAccess
LogPluginManager: Mounting plugin PerforceSourceControl
LogPluginManager: Mounting plugin SubversionSourceControl
LogPluginManager: Mounting plugin UObjectPlugin
LogPluginManager: Mounting plugin VisualStudioCodeSourceCodeAccess
LogPluginManager: Mounting plugin VisualStudioSourceCodeAccess
LogPluginManager: Mounting plugin XCodeSourceCodeAccess
LogPluginManager: Mounting plugin AssetManagerEditor
LogPluginManager: Mounting plugin CryptoKeys
LogPluginManager: Mounting plugin DataValidation
LogPluginManager: Mounting plugin FacialAnimation
LogPluginManager: Mounting plugin GameplayTagsEditor
LogPluginManager: Mounting plugin MacGraphicsSwitching
LogPluginManager: Mounting plugin MeshEditor
LogPluginManager: Mounting plugin MobileLauncherProfileWizard
LogPluginManager: Mounting plugin PluginBrowser
LogPluginManager: Mounting plugin SpeedTreeImporter
LogPluginManager: Mounting plugin DatasmithContent
LogPluginManager: Mounting plugin VariantManagerContent
LogPluginManager: Mounting plugin AlembicImporter
LogPluginManager: Mounting plugin AppleImageUtils
LogPluginManager: Mounting plugin AppleVision
LogPluginManager: Mounting plugin BackChannel
LogPluginManager: Mounting plugin CharacterAI
LogPluginManager: Mounting plugin GeometryCache
LogPluginManager: Mounting plugin HTML5Networking
LogPluginManager: Mounting plugin ProxyLODPlugin
LogPluginManager: Mounting plugin MagicLeap
LogPluginManager: Mounting plugin MagicLeapMedia
LogPluginManager: Mounting plugin AndroidMedia
LogPluginManager: Mounting plugin AvfMedia
LogPluginManager: Mounting plugin ImgMedia
LogPluginManager: Mounting plugin LinearTimecode
LogPluginManager: Mounting plugin MediaCompositing
LogPluginManager: Mounting plugin MediaPlayerEditor
LogPluginManager: Mounting plugin WebMMedia
LogPluginManager: Mounting plugin WmfMedia
LogPluginManager: Mounting plugin TcpMessaging
LogPluginManager: Mounting plugin UdpMessaging
LogPluginManager: Mounting plugin ActorSequence
LogPluginManager: Mounting plugin LevelSequenceEditor
LogPluginManager: Mounting plugin MatineeToLevelSequence
LogPluginManager: Mounting plugin NetcodeUnitTest
LogPluginManager: Mounting plugin NUTUnrealEngine4
LogPluginManager: Mounting plugin OnlineSubsystemGooglePlay
LogPluginManager: Mounting plugin OnlineSubsystemIOS
LogPluginManager: Mounting plugin OnlineSubsystem
LogPluginManager: Mounting plugin OnlineSubsystemNull
LogPluginManager: Mounting plugin OnlineSubsystemUtils
LogPluginManager: Mounting plugin LauncherChunkInstaller
LogPluginManager: Mounting plugin AndroidDeviceProfileSelector
LogPluginManager: Mounting plugin AndroidMoviePlayer
LogPluginManager: Mounting plugin AndroidPermission
LogPluginManager: Mounting plugin AppleMoviePlayer
LogPluginManager: Mounting plugin ArchVisCharacter
LogPluginManager: Mounting plugin AudioCapture
LogPluginManager: Mounting plugin CableComponent
LogPluginManager: Mounting plugin CustomMeshComponent
LogPluginManager: Mounting plugin EditableMesh
LogPluginManager: Mounting plugin ExampleDeviceProfileSelector
LogPluginManager: Mounting plugin Firebase
LogPluginManager: Mounting plugin GoogleCloudMessaging
LogPluginManager: Mounting plugin IOSDeviceProfileSelector
LogPluginManager: Mounting plugin LinuxDeviceProfileSelector
LogPluginManager: Mounting plugin LocationServicesBPLibrary
LogPluginManager: Mounting plugin MobilePatchingUtils
LogPluginManager: Mounting plugin OculusVR
LogPluginManager: Mounting plugin PhysXVehicles
LogPluginManager: Mounting plugin ProceduralMeshComponent
LogPluginManager: Mounting plugin RuntimePhysXCooking
LogPluginManager: Mounting plugin SteamVR
LogPluginManager: Mounting plugin WebMMoviePlayer
LogPluginManager: Mounting plugin WindowsMoviePlayer
LogStreaming: Display: Took  0.228s to configure plugins.
LogInit: Using libcurl 7.55.1-DEV
LogInit:  - built for x86_64-pc-win32
LogInit:  - supports SSL with OpenSSL/1.0.2h
LogInit:  - supports HTTP deflate (compression) using libz 1.2.8
LogInit:  - other features:
LogInit:      CURL_VERSION_SSL
LogInit:      CURL_VERSION_LIBZ
LogInit:      CURL_VERSION_IPV6
LogInit:      CURL_VERSION_ASYNCHDNS
LogInit:      CURL_VERSION_LARGEFILE
LogInit:      CURL_VERSION_IDN
LogInit:  CurlRequestOptions (configurable via config and command line):
LogInit:  - bVerifyPeer = true  - Libcurl will verify peer certificate
LogInit:  - bUseHttpProxy = false  - Libcurl will NOT use HTTP proxy
LogInit:  - bDontReuseConnections = false  - Libcurl will reuse connections
LogInit:  - MaxHostConnections = 16  - Libcurl will limit the number of connections to a host
LogInit:  - LocalHostAddr = Default
LogInit:  - BufferSize = 65536
LogInit: WinSock: version 1.1 (2.2), MaxSocks=32767, MaxUdp=65467
LogInit: Build: ++UE4+Release-4.21-CL-4753647
LogInit: Engine Version: 4.21.2-4753647+++UE4+Release-4.21
LogInit: Compatible Engine Version: 4.21.0-4541578+++UE4+Release-4.21
LogInit: Net CL: 4541578
LogInit: OS: Windows 10 (), CPU: Intel(R) Core(TM) i5-8300H CPU @ 2.30GHz, GPU: Intel(R) UHD Graphics 630
LogInit: Compiled (64-bit): Jan 19 2019 02:07:31
LogInit: Compiled with Visual C++: 19.13.26129.00
LogInit: Build Configuration: Development
LogInit: Branch Name: ++UE4+Release-4.21
LogInit: Command Line:  -skipcompile
LogInit: Base Directory: D:/Program Files/Epic Games/UE_4.21/Engine/Binaries/Win64/
LogInit: Installed Engine Build: 1
LogDevObjectVersion: Number of dev versions registered: 22
LogDevObjectVersion:   Dev-Blueprints (B0D832E4-1F89-4F0D-ACCF-7EB736FD4AA2): 10
LogDevObjectVersion:   Dev-Build (E1C64328-A22C-4D53-A36C-8E866417BD8C): 0
LogDevObjectVersion:   Dev-Core (375EC13C-06E4-48FB-B500-84F0262A717E): 2
LogDevObjectVersion:   Dev-Editor (E4B068ED-F494-42E9-A231-DA0B2E46BB41): 26
LogDevObjectVersion:   Dev-Framework (CFFC743F-43B0-4480-9391-14DF171D2073): 34
LogDevObjectVersion:   Dev-Mobile (B02B49B5-BB20-44E9-A304-32B752E40360): 2
LogDevObjectVersion:   Dev-Networking (A4E4105C-59A1-49B5-A7C5-40C4547EDFEE): 0
LogDevObjectVersion:   Dev-Online (39C831C9-5AE6-47DC-9A44-9C173E1C8E7C): 0
LogDevObjectVersion:   Dev-Physics (78F01B33-EBEA-4F98-B9B4-84EACCB95AA2): 0
LogDevObjectVersion:   Dev-Platform (6631380F-2D4D-43E0-8009-CF276956A95A): 0
LogDevObjectVersion:   Dev-Rendering (12F88B9F-8875-4AFC-A67C-D90C383ABD29): 27
LogDevObjectVersion:   Dev-Sequencer (7B5AE74C-D270-4C10-A958-57980B212A5A): 9
LogDevObjectVersion:   Dev-VR (D7296918-1DD6-4BDD-9DE2-64A83CC13884): 2
LogDevObjectVersion:   Dev-LoadTimes (C2A15278-BFE7-4AFE-6C17-90FF531DF755): 1
LogDevObjectVersion:   Private-Geometry (6EACA3D4-40EC-4CC1-B786-8BED09428FC5): 3
LogDevObjectVersion:   Dev-AnimPhys (29E575DD-E0A3-4627-9D10-D276232CDCEA): 17
LogDevObjectVersion:   Dev-Anim (AF43A65D-7FD3-4947-9873-3E8ED9C1BB05): 2
LogDevObjectVersion:   Dev-ReflectionCapture (6B266CEC-1EC7-4B8F-A30B-E4D90942FC07): 1
LogDevObjectVersion:   Dev-Automation (0DF73D61-A23F-47EA-B727-89E90C41499A): 1
LogDevObjectVersion:   FortniteMain (601D1886-AC64-4F84-AA16-D3DE0DEAC7D6): 17
LogDevObjectVersion:   Dev-Enterprise (9DFFBCD6-494F-0158-E221-12823C92A888): 4
LogDevObjectVersion:   Dev-Niagara (F2AED0AC-9AFE-416F-8664-AA7FFA26D6FC): 1
LogStreaming: Display: Took  0.004s to delete old logs.
LogInit: Presizing for max 8388607 objects, including 0 objects not considered by GC, pre-allocating 0 bytes for permanent pool.
LogInit: Object subsystem initialized
LogConfig: Setting CVar [[con.DebugEarlyDefault:1]]
LogConfig: Setting CVar [[r.setres:1280x720]]
[2020.02.01-18.21.55:053][  0]LogConfig: Setting CVar [[r.VSync:0]]
[2020.02.01-18.21.55:053][  0]LogConfig: Setting CVar [[r.RHICmdBypass:0]]
[2020.02.01-18.21.55:053][  0]LogConfig: Applying CVar settings from Section [/Script/Engine.RendererSettings] File [D:/Program_files/Unreal Projects/Gedaria/Saved/Config/Windows/Engine.ini]
[2020.02.01-18.21.55:053][  0]LogConfig: Setting CVar [[r.GPUCrashDebugging:0]]
[2020.02.01-18.21.55:053][  0]LogConfig: Applying CVar settings from Section [/Script/Engine.RendererOverrideSettings] File [D:/Program_files/Unreal Projects/Gedaria/Saved/Config/Windows/Engine.ini]
[2020.02.01-18.21.55:053][  0]LogConfig: Applying CVar settings from Section [/Script/Engine.StreamingSettings] File [D:/Program_files/Unreal Projects/Gedaria/Saved/Config/Windows/Engine.ini]
[2020.02.01-18.21.55:053][  0]LogConfig: Setting CVar [[s.MinBulkDataSizeForAsyncLoading:131072]]
[2020.02.01-18.21.55:053][  0]LogConfig: Setting CVar [[s.AsyncLoadingThreadEnabled:0]]
[2020.02.01-18.21.55:053][  0]LogConfig: Setting CVar [[s.EventDrivenLoaderEnabled:1]]
[2020.02.01-18.21.55:053][  0]LogConfig: Setting CVar [[s.WarnIfTimeLimitExceeded:0]]
[2020.02.01-18.21.55:054][  0]LogConfig: Setting CVar [[s.TimeLimitExceededMultiplier:1.5]]
[2020.02.01-18.21.55:054][  0]LogConfig: Setting CVar [[s.TimeLimitExceededMinTime:0.005]]
[2020.02.01-18.21.55:054][  0]LogConfig: Setting CVar [[s.UseBackgroundLevelStreaming:1]]
[2020.02.01-18.21.55:054][  0]LogConfig: Setting CVar [[s.PriorityAsyncLoadingExtraTime:15.0]]
[2020.02.01-18.21.55:054][  0]LogConfig: Setting CVar [[s.LevelStreamingActorsUpdateTimeLimit:5.0]]
[2020.02.01-18.21.55:054][  0]LogConfig: Setting CVar [[s.PriorityLevelStreamingActorsUpdateExtraTime:5.0]]
[2020.02.01-18.21.55:054][  0]LogConfig: Setting CVar [[s.LevelStreamingComponentsRegistrationGranularity:10]]
[2020.02.01-18.21.55:054][  0]LogConfig: Setting CVar [[s.UnregisterComponentsTimeLimit:1.0]]
[2020.02.01-18.21.55:054][  0]LogConfig: Setting CVar [[s.LevelStreamingComponentsUnregistrationGranularity:5]]
[2020.02.01-18.21.55:054][  0]LogConfig: Applying CVar settings from Section [/Script/Engine.GarbageCollectionSettings] File [D:/Program_files/Unreal Projects/Gedaria/Saved/Config/Windows/Engine.ini]
[2020.02.01-18.21.55:054][  0]LogConfig: Setting CVar [[gc.MaxObjectsNotConsideredByGC:1]]
[2020.02.01-18.21.55:054][  0]LogConfig: Setting CVar [[gc.SizeOfPermanentObjectPool:0]]
[2020.02.01-18.21.55:054][  0]LogConfig: Setting CVar [[gc.FlushStreamingOnGC:0]]
[2020.02.01-18.21.55:054][  0]LogConfig: Setting CVar [[gc.NumRetriesBeforeForcingGC:10]]
[2020.02.01-18.21.55:054][  0]LogConfig: Setting CVar [[gc.AllowParallelGC:1]]
[2020.02.01-18.21.55:054][  0]LogConfig: Setting CVar [[gc.TimeBetweenPurgingPendingKillObjects:61.1]]
[2020.02.01-18.21.55:055][  0]LogConfig: Setting CVar [[gc.MaxObjectsInEditor:8388607]]
[2020.02.01-18.21.55:055][  0]LogConfig: Setting CVar [[gc.IncrementalBeginDestroyEnabled:1]]
[2020.02.01-18.21.55:055][  0]LogConfig: Setting CVar [[gc.CreateGCClusters:1]]
[2020.02.01-18.21.55:055][  0]LogConfig: Setting CVar [[gc.MergeGCClusters:0]]
[2020.02.01-18.21.55:055][  0]LogConfig: Setting CVar [[gc.MinGCClusterSize:5]]
[2020.02.01-18.21.55:055][  0]LogConfig: Setting CVar [[gc.ActorClusteringEnabled:0]]
[2020.02.01-18.21.55:055][  0]LogConfig: Setting CVar [[gc.BlueprintClusteringEnabled:0]]
[2020.02.01-18.21.55:055][  0]LogConfig: Setting CVar [[gc.UseDisregardForGCOnDedicatedServers:0]]
[2020.02.01-18.21.55:055][  0]LogConfig: Applying CVar settings from Section [/Script/Engine.NetworkSettings] File [D:/Program_files/Unreal Projects/Gedaria/Saved/Config/Windows/Engine.ini]
[2020.02.01-18.21.55:055][  0]LogConfig: Applying CVar settings from Section [/Script/UnrealEd.CookerSettings] File [D:/Program_files/Unreal Projects/Gedaria/Saved/Config/Windows/Engine.ini]
[2020.02.01-18.21.55:063][  0]LogConfig: Applying CVar settings from Section [ViewDistanceQuality@3] File [D:/Program_files/Unreal Projects/Gedaria/Saved/Config/Windows/Scalability.ini]
[2020.02.01-18.21.55:063][  0]LogConfig: Setting CVar [[r.SkeletalMeshLODBias:0]]
[2020.02.01-18.21.55:063][  0]LogConfig: Setting CVar [[r.ViewDistanceScale:1.0]]
[2020.02.01-18.21.55:063][  0]LogConfig: Applying CVar settings from Section [AntiAliasingQuality@3] File [D:/Program_files/Unreal Projects/Gedaria/Saved/Config/Windows/Scalability.ini]
[2020.02.01-18.21.55:063][  0]LogConfig: Setting CVar [[r.PostProcessAAQuality:4]]
[2020.02.01-18.21.55:063][  0]LogConfig: Applying CVar settings from Section [ShadowQuality@3] File [D:/Program_files/Unreal Projects/Gedaria/Saved/Config/Windows/Scalability.ini]
[2020.02.01-18.21.55:063][  0]LogConfig: Setting CVar [[r.LightFunctionQuality:1]]
[2020.02.01-18.21.55:063][  0]LogConfig: Setting CVar [[r.ShadowQuality:5]]
[2020.02.01-18.21.55:063][  0]LogConfig: Setting CVar [[r.Shadow.CSM.MaxCascades:10]]
[2020.02.01-18.21.55:063][  0]LogConfig: Setting CVar [[r.Shadow.MaxResolution:2048]]
[2020.02.01-18.21.55:063][  0]LogConfig: Setting CVar [[r.Shadow.MaxCSMResolution:2048]]
[2020.02.01-18.21.55:063][  0]LogConfig: Setting CVar [[r.Shadow.RadiusThreshold:0.01]]
[2020.02.01-18.21.55:063][  0]LogConfig: Setting CVar [[r.Shadow.DistanceScale:1.0]]
[2020.02.01-18.21.55:064][  0]LogConfig: Setting CVar [[r.Shadow.CSM.TransitionScale:1.0]]
[2020.02.01-18.21.55:064][  0]LogConfig: Setting CVar [[r.Shadow.PreShadowResolutionFactor:1.0]]
[2020.02.01-18.21.55:064][  0]LogConfig: Setting CVar [[r.DistanceFieldShadowing:1]]
[2020.02.01-18.21.55:064][  0]LogConfig: Setting CVar [[r.DistanceFieldAO:1]]
[2020.02.01-18.21.55:064][  0]LogConfig: Setting CVar [[r.AOQuality:2]]
[2020.02.01-18.21.55:064][  0]LogConfig: Setting CVar [[r.VolumetricFog:1]]
[2020.02.01-18.21.55:064][  0]LogConfig: Setting CVar [[r.VolumetricFog.GridPixelSize:8]]
[2020.02.01-18.21.55:064][  0]LogConfig: Setting CVar [[r.VolumetricFog.GridSizeZ:128]]
[2020.02.01-18.21.55:064][  0]LogConfig: Setting CVar [[r.VolumetricFog.HistoryMissSupersampleCount:4]]
[2020.02.01-18.21.55:064][  0]LogConfig: Setting CVar [[r.LightMaxDrawDistanceScale:1]]
[2020.02.01-18.21.55:064][  0]LogConfig: Setting CVar [[r.CapsuleShadows:1]]
[2020.02.01-18.21.55:064][  0]LogConfig: Applying CVar settings from Section [PostProcessQuality@3] File [D:/Program_files/Unreal Projects/Gedaria/Saved/Config/Windows/Scalability.ini]
[2020.02.01-18.21.55:064][  0]LogConfig: Setting CVar [[r.MotionBlurQuality:4]]
[2020.02.01-18.21.55:064][  0]LogConfig: Setting CVar [[r.AmbientOcclusionMipLevelFactor:0.4]]
[2020.02.01-18.21.55:064][  0]LogConfig: Setting CVar [[r.AmbientOcclusionMaxQuality:100]]
[2020.02.01-18.21.55:064][  0]LogConfig: Setting CVar [[r.AmbientOcclusionLevels:-1]]
[2020.02.01-18.21.55:064][  0]LogConfig: Setting CVar [[r.AmbientOcclusionRadiusScale:1.0]]
[2020.02.01-18.21.55:064][  0]LogConfig: Setting CVar [[r.DepthOfFieldQuality:2]]
[2020.02.01-18.21.55:065][  0]LogConfig: Setting CVar [[r.RenderTargetPoolMin:400]]
[2020.02.01-18.21.55:065][  0]LogConfig: Setting CVar [[r.LensFlareQuality:2]]
[2020.02.01-18.21.55:065][  0]LogConfig: Setting CVar [[r.SceneColorFringeQuality:1]]
[2020.02.01-18.21.55:065][  0]LogConfig: Setting CVar [[r.EyeAdaptationQuality:2]]
[2020.02.01-18.21.55:065][  0]LogConfig: Setting CVar [[r.BloomQuality:5]]
[2020.02.01-18.21.55:065][  0]LogConfig: Setting CVar [[r.FastBlurThreshold:100]]
[2020.02.01-18.21.55:065][  0]LogConfig: Setting CVar [[r.Upscale.Quality:3]]
[2020.02.01-18.21.55:065][  0]LogConfig: Setting CVar [[r.Tonemapper.GrainQuantization:1]]
[2020.02.01-18.21.55:065][  0]LogConfig: Setting CVar [[r.LightShaftQuality:1]]
[2020.02.01-18.21.55:065][  0]LogConfig: Setting CVar [[r.Filter.SizeScale:1]]
[2020.02.01-18.21.55:065][  0]LogConfig: Setting CVar [[r.Tonemapper.Quality:5]]
[2020.02.01-18.21.55:065][  0]LogConfig: Setting CVar [[r.DOF.Gather.AccumulatorQuality:1        ; higher gathering accumulator quality]]
[2020.02.01-18.21.55:065][  0]LogConfig: Setting CVar [[r.DOF.Gather.PostfilterMethod:1          ; Median3x3 postfilering method]]
[2020.02.01-18.21.55:065][  0]LogConfig: Setting CVar [[r.DOF.Gather.EnableBokehSettings:0       ; no bokeh simulation when gathering]]
[2020.02.01-18.21.55:065][  0]LogConfig: Setting CVar [[r.DOF.Gather.RingCount:4                 ; medium number of samples when gathering]]
[2020.02.01-18.21.55:065][  0]LogConfig: Setting CVar [[r.DOF.Scatter.ForegroundCompositing:1    ; additive foreground scattering]]
[2020.02.01-18.21.55:065][  0]LogConfig: Setting CVar [[r.DOF.Scatter.BackgroundCompositing:2    ; additive background scattering]]
[2020.02.01-18.21.55:065][  0]LogConfig: Setting CVar [[r.DOF.Scatter.EnableBokehSettings:1      ; bokeh simulation when scattering]]
[2020.02.01-18.21.55:066][  0]LogConfig: Setting CVar [[r.DOF.Scatter.MaxSpriteRatio:0.1         ; only a maximum of 10% of scattered bokeh]]
[2020.02.01-18.21.55:066][  0]LogConfig: Setting CVar [[r.DOF.Recombine.Quality:1                ; cheap slight out of focus]]
[2020.02.01-18.21.55:066][  0]LogConfig: Setting CVar [[r.DOF.Recombine.EnableBokehSettings:0    ; no bokeh simulation on slight out of focus]]
[2020.02.01-18.21.55:066][  0]LogConfig: Setting CVar [[r.DOF.TemporalAAQuality:1                ; more stable temporal accumulation]]
[2020.02.01-18.21.55:066][  0]LogConfig: Setting CVar [[r.DOF.Kernel.MaxForegroundRadius:0.025]]
[2020.02.01-18.21.55:066][  0]LogConfig: Setting CVar [[r.DOF.Kernel.MaxBackgroundRadius:0.025]]
[2020.02.01-18.21.55:066][  0]LogConfig: Applying CVar settings from Section [TextureQuality@3] File [D:/Program_files/Unreal Projects/Gedaria/Saved/Config/Windows/Scalability.ini]
[2020.02.01-18.21.55:066][  0]LogConfig: Setting CVar [[r.Streaming.MipBias:0]]
[2020.02.01-18.21.55:066][  0]LogConfig: Setting CVar [[r.Streaming.AmortizeCPUToGPUCopy:0]]
[2020.02.01-18.21.55:066][  0]LogConfig: Setting CVar [[r.Streaming.MaxNumTexturesToStreamPerFrame:0]]
[2020.02.01-18.21.55:066][  0]LogConfig: Setting CVar [[r.Streaming.Boost:1]]
[2020.02.01-18.21.55:066][  0]LogConfig: Setting CVar [[r.MaxAnisotropy:8]]
[2020.02.01-18.21.55:066][  0]LogConfig: Setting CVar [[r.Streaming.LimitPoolSizeToVRAM:0]]
[2020.02.01-18.21.55:066][  0]LogConfig: Setting CVar [[r.Streaming.PoolSize:1000]]
[2020.02.01-18.21.55:066][  0]LogConfig: Setting CVar [[r.Streaming.MaxEffectiveScreenSize:0]]
[2020.02.01-18.21.55:066][  0]LogConfig: Applying CVar settings from Section [EffectsQuality@3] File [D:/Program_files/Unreal Projects/Gedaria/Saved/Config/Windows/Scalability.ini]
[2020.02.01-18.21.55:067][  0]LogConfig: Setting CVar [[r.TranslucencyLightingVolumeDim:64]]
[2020.02.01-18.21.55:067][  0]LogConfig: Setting CVar [[r.RefractionQuality:2]]
[2020.02.01-18.21.55:067][  0]LogConfig: Setting CVar [[r.SSR.Quality:3]]
[2020.02.01-18.21.55:067][  0]LogConfig: Setting CVar [[r.SceneColorFormat:4]]
[2020.02.01-18.21.55:067][  0]LogConfig: Setting CVar [[r.DetailMode:2]]
[2020.02.01-18.21.55:067][  0]LogConfig: Setting CVar [[r.TranslucencyVolumeBlur:1]]
[2020.02.01-18.21.55:067][  0]LogConfig: Setting CVar [[r.MaterialQualityLevel:1 ; High quality]]
[2020.02.01-18.21.55:067][  0]LogConfig: Setting CVar [[r.SSS.Scale:1]]
[2020.02.01-18.21.55:067][  0]LogConfig: Setting CVar [[r.SSS.SampleSet:2]]
[2020.02.01-18.21.55:067][  0]LogConfig: Setting CVar [[r.SSS.Quality:1]]
[2020.02.01-18.21.55:067][  0]LogConfig: Setting CVar [[r.SSS.HalfRes:1]]
[2020.02.01-18.21.55:067][  0]LogConfig: Setting CVar [[r.EmitterSpawnRateScale:1.0]]
[2020.02.01-18.21.55:067][  0]LogConfig: Setting CVar [[r.ParticleLightQuality:2]]
[2020.02.01-18.21.55:067][  0]LogConfig: Applying CVar settings from Section [FoliageQuality@3] File [D:/Program_files/Unreal Projects/Gedaria/Saved/Config/Windows/Scalability.ini]
[2020.02.01-18.21.55:067][  0]LogConfig: Setting CVar [[foliage.DensityScale:1.0]]
[2020.02.01-18.21.55:067][  0]LogConfig: Setting CVar [[grass.DensityScale:1.0]]
[2020.02.01-18.21.55:068][  0]LogInit: Selected Device Profile: [Windows]
[2020.02.01-18.21.55:068][  0]LogInit: Applying CVar settings loaded from the selected device profile: [Windows]
[2020.02.01-18.21.55:109][  0]LogHAL: Display: Platform has ~ 8 GB [8431169536 / 8589934592 / 8], which maps to Default [LargestMinGB=32, LargerMinGB=12, DefaultMinGB=8, SmallerMinGB=6, SmallestMinGB=0)
[2020.02.01-18.21.55:110][  0]LogConfig: Setting CVar [[r.Vulkan.UseRealUBs:1]]
[2020.02.01-18.21.55:110][  0]LogInit: Going up to parent DeviceProfile []
[2020.02.01-18.21.55:110][  0]LogConfig: Applying CVar settings from Section [ViewDistanceQuality@3] File [D:/Program_files/Unreal Projects/Gedaria/Saved/Config/Windows/Scalability.ini]
[2020.02.01-18.21.55:110][  0]LogConfig: Setting CVar [[r.SkeletalMeshLODBias:0]]
[2020.02.01-18.21.55:110][  0]LogConfig: Setting CVar [[r.ViewDistanceScale:1.0]]
[2020.02.01-18.21.55:110][  0]LogConfig: Applying CVar settings from Section [AntiAliasingQuality@3] File [D:/Program_files/Unreal Projects/Gedaria/Saved/Config/Windows/Scalability.ini]
[2020.02.01-18.21.55:110][  0]LogConfig: Setting CVar [[r.PostProcessAAQuality:4]]
[2020.02.01-18.21.55:110][  0]LogConfig: Applying CVar settings from Section [ShadowQuality@3] File [D:/Program_files/Unreal Projects/Gedaria/Saved/Config/Windows/Scalability.ini]
[2020.02.01-18.21.55:110][  0]LogConfig: Setting CVar [[r.LightFunctionQuality:1]]
[2020.02.01-18.21.55:110][  0]LogConfig: Setting CVar [[r.ShadowQuality:5]]
[2020.02.01-18.21.55:110][  0]LogConfig: Setting CVar [[r.Shadow.CSM.MaxCascades:10]]
[2020.02.01-18.21.55:110][  0]LogConfig: Setting CVar [[r.Shadow.MaxResolution:2048]]
[2020.02.01-18.21.55:110][  0]LogConfig: Setting CVar [[r.Shadow.MaxCSMResolution:2048]]
[2020.02.01-18.21.55:110][  0]LogConfig: Setting CVar [[r.Shadow.RadiusThreshold:0.01]]
[2020.02.01-18.21.55:110][  0]LogConfig: Setting CVar [[r.Shadow.DistanceScale:1.0]]
[2020.02.01-18.21.55:111][  0]LogConfig: Setting CVar [[r.Shadow.CSM.TransitionScale:1.0]]
[2020.02.01-18.21.55:111][  0]LogConfig: Setting CVar [[r.Shadow.PreShadowResolutionFactor:1.0]]
[2020.02.01-18.21.55:111][  0]LogConfig: Setting CVar [[r.DistanceFieldShadowing:1]]
[2020.02.01-18.21.55:111][  0]LogConfig: Setting CVar [[r.DistanceFieldAO:1]]
[2020.02.01-18.21.55:111][  0]LogConfig: Setting CVar [[r.AOQuality:2]]
[2020.02.01-18.21.55:111][  0]LogConfig: Setting CVar [[r.VolumetricFog:1]]
[2020.02.01-18.21.55:111][  0]LogConfig: Setting CVar [[r.VolumetricFog.GridPixelSize:8]]
[2020.02.01-18.21.55:111][  0]LogConfig: Setting CVar [[r.VolumetricFog.GridSizeZ:128]]
[2020.02.01-18.21.55:111][  0]LogConfig: Setting CVar [[r.VolumetricFog.HistoryMissSupersampleCount:4]]
[2020.02.01-18.21.55:111][  0]LogConfig: Setting CVar [[r.LightMaxDrawDistanceScale:1]]
[2020.02.01-18.21.55:111][  0]LogConfig: Setting CVar [[r.CapsuleShadows:1]]
[2020.02.01-18.21.55:111][  0]LogConfig: Applying CVar settings from Section [PostProcessQuality@3] File [D:/Program_files/Unreal Projects/Gedaria/Saved/Config/Windows/Scalability.ini]
[2020.02.01-18.21.55:111][  0]LogConfig: Setting CVar [[r.MotionBlurQuality:4]]
[2020.02.01-18.21.55:111][  0]LogConfig: Setting CVar [[r.AmbientOcclusionMipLevelFactor:0.4]]
[2020.02.01-18.21.55:111][  0]LogConfig: Setting CVar [[r.AmbientOcclusionMaxQuality:100]]
[2020.02.01-18.21.55:111][  0]LogConfig: Setting CVar [[r.AmbientOcclusionLevels:-1]]
[2020.02.01-18.21.55:112][  0]LogConfig: Setting CVar [[r.AmbientOcclusionRadiusScale:1.0]]
[2020.02.01-18.21.55:112][  0]LogConfig: Setting CVar [[r.DepthOfFieldQuality:2]]
[2020.02.01-18.21.55:112][  0]LogConfig: Setting CVar [[r.RenderTargetPoolMin:400]]
[2020.02.01-18.21.55:112][  0]LogConfig: Setting CVar [[r.LensFlareQuality:2]]
[2020.02.01-18.21.55:112][  0]LogConfig: Setting CVar [[r.SceneColorFringeQuality:1]]
[2020.02.01-18.21.55:112][  0]LogConfig: Setting CVar [[r.EyeAdaptationQuality:2]]
[2020.02.01-18.21.55:112][  0]LogConfig: Setting CVar [[r.BloomQuality:5]]
[2020.02.01-18.21.55:112][  0]LogConfig: Setting CVar [[r.FastBlurThreshold:100]]
[2020.02.01-18.21.55:112][  0]LogConfig: Setting CVar [[r.Upscale.Quality:3]]
[2020.02.01-18.21.55:112][  0]LogConfig: Setting CVar [[r.Tonemapper.GrainQuantization:1]]
[2020.02.01-18.21.55:112][  0]LogConfig: Setting CVar [[r.LightShaftQuality:1]]
[2020.02.01-18.21.55:112][  0]LogConfig: Setting CVar [[r.Filter.SizeScale:1]]
[2020.02.01-18.21.55:112][  0]LogConfig: Setting CVar [[r.Tonemapper.Quality:5]]
[2020.02.01-18.21.55:112][  0]LogConfig: Setting CVar [[r.DOF.Gather.AccumulatorQuality:1        ; higher gathering accumulator quality]]
[2020.02.01-18.21.55:112][  0]LogConfig: Setting CVar [[r.DOF.Gather.PostfilterMethod:1          ; Median3x3 postfilering method]]
[2020.02.01-18.21.55:112][  0]LogConfig: Setting CVar [[r.DOF.Gather.EnableBokehSettings:0       ; no bokeh simulation when gathering]]
[2020.02.01-18.21.55:112][  0]LogConfig: Setting CVar [[r.DOF.Gather.RingCount:4                 ; medium number of samples when gathering]]
[2020.02.01-18.21.55:112][  0]LogConfig: Setting CVar [[r.DOF.Scatter.ForegroundCompositing:1    ; additive foreground scattering]]
[2020.02.01-18.21.55:113][  0]LogConfig: Setting CVar [[r.DOF.Scatter.BackgroundCompositing:2    ; additive background scattering]]
[2020.02.01-18.21.55:113][  0]LogConfig: Setting CVar [[r.DOF.Scatter.EnableBokehSettings:1      ; bokeh simulation when scattering]]
[2020.02.01-18.21.55:113][  0]LogConfig: Setting CVar [[r.DOF.Scatter.MaxSpriteRatio:0.1         ; only a maximum of 10% of scattered bokeh]]
[2020.02.01-18.21.55:113][  0]LogConfig: Setting CVar [[r.DOF.Recombine.Quality:1                ; cheap slight out of focus]]
[2020.02.01-18.21.55:113][  0]LogConfig: Setting CVar [[r.DOF.Recombine.EnableBokehSettings:0    ; no bokeh simulation on slight out of focus]]
[2020.02.01-18.21.55:113][  0]LogConfig: Setting CVar [[r.DOF.TemporalAAQuality:1                ; more stable temporal accumulation]]
[2020.02.01-18.21.55:113][  0]LogConfig: Setting CVar [[r.DOF.Kernel.MaxForegroundRadius:0.025]]
[2020.02.01-18.21.55:113][  0]LogConfig: Setting CVar [[r.DOF.Kernel.MaxBackgroundRadius:0.025]]
[2020.02.01-18.21.55:113][  0]LogConfig: Applying CVar settings from Section [TextureQuality@3] File [D:/Program_files/Unreal Projects/Gedaria/Saved/Config/Windows/Scalability.ini]
[2020.02.01-18.21.55:113][  0]LogConfig: Setting CVar [[r.Streaming.MipBias:0]]
[2020.02.01-18.21.55:113][  0]LogConfig: Setting CVar [[r.Streaming.AmortizeCPUToGPUCopy:0]]
[2020.02.01-18.21.55:113][  0]LogConfig: Setting CVar [[r.Streaming.MaxNumTexturesToStreamPerFrame:0]]
[2020.02.01-18.21.55:113][  0]LogConfig: Setting CVar [[r.Streaming.Boost:1]]
[2020.02.01-18.21.55:113][  0]LogConfig: Setting CVar [[r.MaxAnisotropy:8]]
[2020.02.01-18.21.55:113][  0]LogConfig: Setting CVar [[r.Streaming.LimitPoolSizeToVRAM:0]]
[2020.02.01-18.21.55:113][  0]LogConfig: Setting CVar [[r.Streaming.PoolSize:1000]]
[2020.02.01-18.21.55:113][  0]LogConfig: Setting CVar [[r.Streaming.MaxEffectiveScreenSize:0]]
[2020.02.01-18.21.55:113][  0]LogConfig: Applying CVar settings from Section [EffectsQuality@3] File [D:/Program_files/Unreal Projects/Gedaria/Saved/Config/Windows/Scalability.ini]
[2020.02.01-18.21.55:113][  0]LogConfig: Setting CVar [[r.TranslucencyLightingVolumeDim:64]]
[2020.02.01-18.21.55:114][  0]LogConfig: Setting CVar [[r.RefractionQuality:2]]
[2020.02.01-18.21.55:114][  0]LogConfig: Setting CVar [[r.SSR.Quality:3]]
[2020.02.01-18.21.55:114][  0]LogConfig: Setting CVar [[r.SceneColorFormat:4]]
[2020.02.01-18.21.55:114][  0]LogConfig: Setting CVar [[r.DetailMode:2]]
[2020.02.01-18.21.55:114][  0]LogConfig: Setting CVar [[r.TranslucencyVolumeBlur:1]]
[2020.02.01-18.21.55:114][  0]LogConfig: Setting CVar [[r.MaterialQualityLevel:1 ; High quality]]
[2020.02.01-18.21.55:114][  0]LogConfig: Setting CVar [[r.SSS.Scale:1]]
[2020.02.01-18.21.55:114][  0]LogConfig: Setting CVar [[r.SSS.SampleSet:2]]
[2020.02.01-18.21.55:114][  0]LogConfig: Setting CVar [[r.SSS.Quality:1]]
[2020.02.01-18.21.55:114][  0]LogConfig: Setting CVar [[r.SSS.HalfRes:1]]
[2020.02.01-18.21.55:114][  0]LogConfig: Setting CVar [[r.EmitterSpawnRateScale:1.0]]
[2020.02.01-18.21.55:114][  0]LogConfig: Setting CVar [[r.ParticleLightQuality:2]]
[2020.02.01-18.21.55:114][  0]LogConfig: Applying CVar settings from Section [FoliageQuality@3] File [D:/Program_files/Unreal Projects/Gedaria/Saved/Config/Windows/Scalability.ini]
[2020.02.01-18.21.55:114][  0]LogConfig: Setting CVar [[foliage.DensityScale:1.0]]
[2020.02.01-18.21.55:114][  0]LogConfig: Setting CVar [[grass.DensityScale:1.0]]
[2020.02.01-18.21.55:114][  0]LogConfig: Applying CVar settings from Section [Startup] File [../../../Engine/Config/ConsoleVariables.ini]
[2020.02.01-18.21.55:115][  0]LogConfig: Setting CVar [[net.UseAdaptiveNetUpdateFrequency:0]]
[2020.02.01-18.21.55:115][  0]LogConfig: Applying CVar settings from Section [ConsoleVariables] File [D:/Program_files/Unreal Projects/Gedaria/Saved/Config/Windows/Engine.ini]
[2020.02.01-18.21.55:115][  0]LogInit: Computer: LAPTOP-CL2VGTEM
[2020.02.01-18.21.55:115][  0]LogInit: User: Viktor
[2020.02.01-18.21.55:115][  0]LogInit: CPU Page size=4096, Cores=4
[2020.02.01-18.21.55:115][  0]LogInit: High frequency timer resolution =2.249998 MHz
[2020.02.01-18.21.55:115][  0]LogMemory: Memory total: Physical=7.9GB (8GB approx)
[2020.02.01-18.21.55:115][  0]LogMemory: Platform Memory Stats for Windows
[2020.02.01-18.21.55:115][  0]LogMemory: Process Physical Memory: 104.43 MB used, 104.43 MB peak
[2020.02.01-18.21.55:115][  0]LogMemory: Process Virtual Memory: 101.96 MB used, 101.96 MB peak
[2020.02.01-18.21.55:115][  0]LogMemory: Physical Memory: 4788.07 MB used,  3252.52 MB free, 8040.59 MB total
[2020.02.01-18.21.55:115][  0]LogMemory: Virtual Memory: 4658.91 MB used,  134213072.00 MB free, 134217728.00 MB total
[2020.02.01-18.21.55:874][  0]LogInit: Using OS detected language (cs-CZ).
[2020.02.01-18.21.55:875][  0]LogInit: Using OS detected locale (cs-CZ).
[2020.02.01-18.21.55:876][  0]LogTextLocalizationManager: No localization for 'cs-CZ' exists, so 'en' will be used for the language.
[2020.02.01-18.21.56:538][  0]LogStreaming: Display: Took  0.664s to InitEngineTextLocalization.
[2020.02.01-18.21.56:538][  0]LogInit: Setting process to per monitor DPI aware
[2020.02.01-18.21.56:928][  0]LogSlate: New Slate User Created.  User Index 0, Is Virtual User: 0
[2020.02.01-18.21.56:928][  0]LogSlate: Slate User Registered.  User Index 0, Is Virtual User: 0
[2020.02.01-18.21.58:036][  0]LogHMD: Failed to initialize OpenVR with code 110
[2020.02.01-18.21.58:036][  0]LogD3D11RHI: D3D11 adapters:
[2020.02.01-18.21.58:164][  0]LogD3D11RHI:    0. 'NVIDIA GeForce GTX 1050' (Feature Level 11_0)
[2020.02.01-18.21.58:164][  0]LogD3D11RHI:       4019/0/4020 MB DedicatedVideo/DedicatedSystem/SharedSystem, Outputs:1, VendorId:0x10de
[2020.02.01-18.21.58:189][  0]LogD3D11RHI:    1. 'Intel(R) UHD Graphics 630' (Feature Level 11_0)
[2020.02.01-18.21.58:189][  0]LogD3D11RHI:       128/0/4020 MB DedicatedVideo/DedicatedSystem/SharedSystem, Outputs:0, VendorId:0x8086
[2020.02.01-18.21.58:196][  0]LogD3D11RHI:    2. 'Microsoft Basic Render Driver' (Feature Level 11_0)
[2020.02.01-18.21.58:196][  0]LogD3D11RHI:       0/0/4020 MB DedicatedVideo/DedicatedSystem/SharedSystem, Outputs:0, VendorId:0x1414
[2020.02.01-18.21.58:196][  0]LogD3D11RHI: Chosen D3D11 Adapter: 0
[2020.02.01-18.21.58:225][  0]LogD3D11RHI: Creating new Direct3DDevice
[2020.02.01-18.21.58:225][  0]LogD3D11RHI:     GPU DeviceId: 0x1c8d (for the marketing name, search the web for "GPU Device Id")
[2020.02.01-18.21.58:225][  0]LogWindows: EnumDisplayDevices:
[2020.02.01-18.21.58:225][  0]LogWindows:    0. 'Intel(R) UHD Graphics 630' (P:1 D:1)
[2020.02.01-18.21.58:225][  0]LogWindows:    1. 'Intel(R) UHD Graphics 630' (P:0 D:0)
[2020.02.01-18.21.58:226][  0]LogWindows:    2. 'Intel(R) UHD Graphics 630' (P:0 D:0)
[2020.02.01-18.21.58:226][  0]LogWindows:    3. 'NVIDIA GeForce GTX 1050' (P:0 D:0)
[2020.02.01-18.21.58:226][  0]LogWindows: DebugString: PrimaryIsNotTheChoosenAdapter PrimaryIsNotTheChoosenAdapter PrimaryIsNotTheChoosenAdapter 
[2020.02.01-18.21.58:226][  0]LogD3D11RHI:     Adapter Name: NVIDIA GeForce GTX 1050
[2020.02.01-18.21.58:226][  0]LogD3D11RHI:   Driver Version: 441.20 (internal:26.21.14.4120, unified:441.20)
[2020.02.01-18.21.58:226][  0]LogD3D11RHI:      Driver Date: 11-6-2019
[2020.02.01-18.21.58:226][  0]LogRHI: Texture pool is 2813 MB (70% of 4019 MB)
[2020.02.01-18.21.58:274][  0]LogD3D11RHI: Async texture creation enabled
[2020.02.01-18.21.58:314][  0]LogD3D11RHI: GPU Timing Frequency: 1000.000000 (Debug: 2 1)
[2020.02.01-18.21.58:627][  0]LogTemp: Display: Loaded TP AllDesktopTargetPlatform
[2020.02.01-18.21.58:671][  0]LogTemp: Display: Loaded TP MacClientTargetPlatform
[2020.02.01-18.21.58:702][  0]LogTemp: Display: Loaded TP MacNoEditorTargetPlatform
[2020.02.01-18.21.58:740][  0]LogTemp: Display: Loaded TP MacServerTargetPlatform
[2020.02.01-18.21.58:770][  0]LogTemp: Display: Loaded TP MacTargetPlatform
[2020.02.01-18.21.58:802][  0]LogTemp: Display: Loaded TP WindowsClientTargetPlatform
[2020.02.01-18.21.58:822][  0]LogTemp: Display: Loaded TP WindowsNoEditorTargetPlatform
[2020.02.01-18.21.58:853][  0]LogTemp: Display: Loaded TP WindowsServerTargetPlatform
[2020.02.01-18.21.58:882][  0]LogTemp: Display: Loaded TP WindowsTargetPlatform
[2020.02.01-18.21.59:024][  0]LogTemp: Display: Loaded TP AndroidTargetPlatform
[2020.02.01-18.21.59:024][  0]LogTemp: Display: Loaded TP AndroidTargetPlatform
[2020.02.01-18.21.59:024][  0]LogTemp: Display: Loaded TP AndroidTargetPlatform
[2020.02.01-18.21.59:024][  0]LogTemp: Display: Loaded TP AndroidTargetPlatform
[2020.02.01-18.21.59:024][  0]LogTemp: Display: Loaded TP AndroidTargetPlatform
[2020.02.01-18.21.59:024][  0]LogTemp: Display: Loaded TP AndroidTargetPlatform
[2020.02.01-18.21.59:024][  0]LogTemp: Display: Loaded TP AndroidTargetPlatform
[2020.02.01-18.21.59:024][  0]LogTemp: Display: Loaded TP AndroidTargetPlatform
[2020.02.01-18.21.59:024][  0]LogTemp: Display: Loaded TP AndroidTargetPlatform
[2020.02.01-18.21.59:025][  0]LogTemp: Display: Loaded TP AndroidTargetPlatform
[2020.02.01-18.21.59:025][  0]LogTemp: Display: Loaded TP AndroidTargetPlatform
[2020.02.01-18.21.59:025][  0]LogTemp: Display: Loaded TP AndroidTargetPlatform
[2020.02.01-18.21.59:025][  0]LogTemp: Display: Loaded TP AndroidTargetPlatform
[2020.02.01-18.21.59:025][  0]LogTemp: Display: Loaded TP AndroidTargetPlatform
[2020.02.01-18.21.59:025][  0]LogTemp: Display: Loaded TP AndroidTargetPlatform
[2020.02.01-18.21.59:025][  0]LogTemp: Display: Loaded TP AndroidTargetPlatform
[2020.02.01-18.21.59:025][  0]LogTemp: Display: Loaded TP AndroidTargetPlatform
[2020.02.01-18.21.59:025][  0]LogTemp: Display: Loaded TP AndroidTargetPlatform
[2020.02.01-18.21.59:044][  0]LogTemp: Display: Loaded TP HTML5TargetPlatform
[2020.02.01-18.21.59:222][  0]LogTemp: Display: Loaded TP IOSTargetPlatform
[2020.02.01-18.21.59:222][  0]LogTemp: Display: Loaded TP IOSTargetPlatform
[2020.02.01-18.21.59:249][  0]LogTemp: Display: Loaded TP TVOSTargetPlatform
[2020.02.01-18.21.59:249][  0]LogTemp: Display: Loaded TP TVOSTargetPlatform
[2020.02.01-18.21.59:283][  0]LogTemp: Display: Loaded TP LinuxClientTargetPlatform
[2020.02.01-18.21.59:314][  0]LogTemp: Display: Loaded TP LinuxNoEditorTargetPlatform
[2020.02.01-18.21.59:349][  0]LogTemp: Display: Loaded TP LinuxServerTargetPlatform
[2020.02.01-18.21.59:392][  0]LogTemp: Display: Loaded TP LinuxTargetPlatform
[2020.02.01-18.21.59:472][  0]LogTemp: Display: Loaded TP LuminTargetPlatform
[2020.02.01-18.21.59:472][  0]LogTemp: Display: Loaded TP LuminTargetPlatform
[2020.02.01-18.21.59:472][  0]LogTargetPlatformManager: Display: Building Assets For Windows
[2020.02.01-18.22.00:291][  0]LogShaderCompilers: Guid format shader working directory is -8 characters bigger than the processId version (../../../../../../Program_files/Unreal Projects/Gedaria/Intermediate/Shaders/WorkingDirectory/9784/).
[2020.02.01-18.22.00:291][  0]LogShaderCompilers: Cleaned the shader compiler working directory 'C:/Users/Viktor/AppData/Local/Temp/UnrealShaderWorkingDir/6240C32D4339244D8F4B49977F25ED31/'.
[2020.02.01-18.22.00:312][  0]LogXGEController: Cleaning working directory: C:/Users/Viktor/AppData/Local/Temp/UnrealXGEWorkingDir/
[2020.02.01-18.22.00:313][  0]LogXGEController: Cannot use XGE Controller as Incredibuild is not installed on this machine.
[2020.02.01-18.22.00:313][  0]LogShaderCompilers: Cannot use XGE Shader Compiler as Incredibuild is not installed on this machine.
[2020.02.01-18.22.00:313][  0]LogShaderCompilers: Display: Using Local Shader Compiler.
[2020.02.01-18.22.01:266][  0]LogDerivedDataCache: Display: Max Cache Size: 512 MB
[2020.02.01-18.22.01:560][  0]LogDerivedDataCache: Loaded boot cache 0.29s 71MB C:/Users/Viktor/AppData/Local/UnrealEngine/4.21/DerivedDataCache/Boot.ddc.
[2020.02.01-18.22.01:560][  0]LogDerivedDataCache: Display: Loaded Boot cache: C:/Users/Viktor/AppData/Local/UnrealEngine/4.21/DerivedDataCache/Boot.ddc
[2020.02.01-18.22.01:561][  0]LogDerivedDataCache: FDerivedDataBackendGraph:  Pak pak cache file ../../../../../../Program_files/Unreal Projects/Gedaria/DerivedDataCache/DDC.ddp not found, will not use a pak cache.
[2020.02.01-18.22.01:561][  0]LogDerivedDataCache: Unable to find inner node Pak for hierarchical cache Hierarchy.
[2020.02.01-18.22.01:561][  0]LogDerivedDataCache: FDerivedDataBackendGraph:  CompressedPak pak cache file ../../../../../../Program_files/Unreal Projects/Gedaria/DerivedDataCache/Compressed.ddp not found, will not use a pak cache.
[2020.02.01-18.22.01:561][  0]LogDerivedDataCache: Unable to find inner node CompressedPak for hierarchical cache Hierarchy.
[2020.02.01-18.22.01:592][  0]LogDerivedDataCache: Display: Pak cache opened for reading ../../../Engine/DerivedDataCache/Compressed.ddp.
[2020.02.01-18.22.01:592][  0]LogDerivedDataCache: FDerivedDataBackendGraph:  EnterprisePak pak cache file ../../../Enterprise/DerivedDataCache/Compressed.ddp not found, will not use a pak cache.
[2020.02.01-18.22.01:592][  0]LogDerivedDataCache: Unable to find inner node EnterprisePak for hierarchical cache Hierarchy.
[2020.02.01-18.22.01:606][  0]LogDerivedDataCache: Using Local data cache path C:/Users/Viktor/AppData/Local/UnrealEngine/Common/DerivedDataCache: Writable
[2020.02.01-18.22.01:606][  0]LogDerivedDataCache: Shared data cache path not found in *engine.ini, will not use an Shared cache.
[2020.02.01-18.22.01:606][  0]LogDerivedDataCache: Unable to find inner node Shared for hierarchical cache Hierarchy.
[2020.02.01-18.22.01:629][  0]LogMaterial: Verifying Global Shaders for PCD3D_SM5
[2020.02.01-18.22.01:630][  0]LogSlate: Using FreeType 2.6.0
[2020.02.01-18.22.01:660][  0]LogSlate: SlateFontServices - WITH_FREETYPE: 1, WITH_HARFBUZZ: 1
[2020.02.01-18.22.02:660][  0]LogAssetRegistry: FAssetRegistry took 0.0331 seconds to start up
[2020.02.01-18.22.03:147][  0]LogInit: Selected Device Profile: [Windows]
[2020.02.01-18.22.03:718][  0]LogSimplygon: Simplygon DLL not present - disabling.
[2020.02.01-18.22.03:815][  0]LogMeshReduction: Using SimplygonSwarm for distributed automatic mesh merging
[2020.02.01-18.22.03:815][  0]LogMeshReduction: Using ProxyLODMeshReduction for automatic mesh merging
[2020.02.01-18.22.03:815][  0]LogMeshReduction: Using QuadricMeshReduction for automatic static mesh reduction
[2020.02.01-18.22.03:815][  0]LogMeshReduction: No automatic skeletal mesh reduction module available
[2020.02.01-18.22.03:838][  0]LogNetVersion: Gedaria 1.0.0, NetCL: 4541578, EngineNetVer: 5, GameNetVer: 0 (Checksum: 1762311512)
[2020.02.01-18.22.04:545][  0]LogPackageLocalizationCache: Processed 11 localized package path(s) for 1 prioritized culture(s) in 0.042359 seconds
[2020.02.01-18.22.04:550][  0]LogUObjectArray: 39775 objects as part of root set at end of initial load.
[2020.02.01-18.22.04:550][  0]LogUObjectAllocator: 6914656 out of 0 bytes used by permanent object pool.
[2020.02.01-18.22.04:550][  0]LogUObjectArray: CloseDisregardForGC: 0/0 objects in disregard for GC pool
[2020.02.01-18.22.13:258][  0]LogTcpMessaging: Initializing TcpMessaging bridge
[2020.02.01-18.22.13:305][  0]LogUdpMessaging: Initializing bridge on interface 0.0.0.0:0 to multicast group 230.0.0.1:6666.
[2020.02.01-18.22.15:081][  0]SourceControl: Source control is disabled
[2020.02.01-18.22.15:081][  0]SourceControl: Source control is disabled
[2020.02.01-18.22.15:136][  0]SourceControl: Source control is disabled
[2020.02.01-18.22.15:155][  0]SourceControl: Source control is disabled
[2020.02.01-18.22.16:556][  0]LogAndroidPermission: UAndroidPermissionCallbackProxy::GetInstance
[2020.02.01-18.22.16:827][  0]LogOcInput: OculusInput pre-init called
[2020.02.01-18.22.17:220][  0]LogEngine: Initializing Engine...
[2020.02.01-18.22.17:221][  0]LogHMD: Failed to initialize OpenVR with code 110
[2020.02.01-18.22.17:222][  0]LogStats: UGameplayTagsManager::ConstructGameplayTagTree: ImportINI prefixes -  0.000 s
[2020.02.01-18.22.17:222][  0]LogStats: UGameplayTagsManager::ConstructGameplayTagTree: Construct from data asset -  0.000 s
[2020.02.01-18.22.17:222][  0]LogStats: UGameplayTagsManager::ConstructGameplayTagTree: ImportINI -  0.000 s
[2020.02.01-18.22.17:222][  0]LogStats: UGameplayTagsManager::ConstructGameplayTagTree: GameplayTagTreeChangedEvent.Broadcast -  0.000 s
[2020.02.01-18.22.17:567][  0]LogInit: Initializing FReadOnlyCVARCache
[2020.02.01-18.22.17:668][  0]LogAIModule: Creating AISystem for world Untitled
[2020.02.01-18.22.17:682][  0]LogInit: XAudio2 using 'Reproduktor/HP (Realtek High Definition Audio)' : 2 channels at 48 kHz using 32 bits per sample (channel mask 0x3)
[2020.02.01-18.22.19:049][  0]LogInit: FAudioDevice initialized.
[2020.02.01-18.22.19:049][  0]LogNetVersion: Set ProjectVersion to 1.0.0.0. Version Checksum will be recalculated on next use.
[2020.02.01-18.22.19:228][  0]LogDerivedDataCache: Saved boot cache 0.18s 71MB C:/Users/Viktor/AppData/Local/UnrealEngine/4.21/DerivedDataCache/Boot.ddc.
[2020.02.01-18.22.19:234][  0]LogInit: Texture streaming: Enabled
[2020.02.01-18.22.19:347][  0]LogEngineSessionManager: EngineSessionManager initialized
[2020.02.01-18.22.19:347][  0]LogEngineSessionManager: EngineSessionManager sent abnormal shutdown report. Type=Debugger, SessionId={70E3AFE8-4678-99A7-231D-28809106E1FB}
[2020.02.01-18.22.19:442][  0]LogInit: Transaction tracking system initialized
[2020.02.01-18.22.19:751][  0]BlueprintLog: New page: Editor Load
[2020.02.01-18.22.20:590][  0]LocalizationService: Localization service is disabled
[2020.02.01-18.22.22:037][  0]LogCook: Display: Max memory allowance for cook 16384mb min free memory 0mb
[2020.02.01-18.22.22:038][  0]LogCook: Display: Mobile HDR setting 1
[2020.02.01-18.22.22:038][  0]LogGameplayTags: Display: UGameplayTagsManager::DoneAddingNativeTags. DelegateIsBound: 0
[2020.02.01-18.22.22:038][  0]LogStats: UGameplayTagsManager::ConstructGameplayTagTree: ImportINI prefixes -  0.000 s
[2020.02.01-18.22.22:038][  0]LogStats: UGameplayTagsManager::ConstructGameplayTagTree: Construct from data asset -  0.000 s
[2020.02.01-18.22.22:038][  0]LogStats: UGameplayTagsManager::ConstructGameplayTagTree: ImportINI -  0.000 s
[2020.02.01-18.22.22:038][  0]LogStats: UGameplayTagsManager::ConstructGameplayTagTree: GameplayTagTreeChangedEvent.Broadcast -  0.000 s
[2020.02.01-18.22.23:279][  0]LogFileCache: Scanning file cache for directory 'D:/Program_files/Unreal Projects/Gedaria/Content/' took 0.03s
[2020.02.01-18.22.23:323][  0]SourceControl: Source control is disabled
[2020.02.01-18.22.23:323][  0]Cmd: MAP LOAD FILE="../../../../../../Program_files/Unreal Projects/Gedaria/Content/level/Level1/NewWorld.umap" TEMPLATE=0 SHOWPROGRESS=1 FEATURELEVEL=3
[2020.02.01-18.22.23:324][  0]LightingResults: New page: Lighting Build
[2020.02.01-18.22.23:337][  0]MapCheck: New page: Map Check
[2020.02.01-18.22.23:338][  0]LightingResults: New page: Lighting Build
[2020.02.01-18.22.27:377][  0]LogAIModule: Creating AISystem for world NewWorld
[2020.02.01-18.22.28:706][  0]LogEditorServer: Finished looking for orphan Actors (0.000 secs)
[2020.02.01-18.22.29:349][  0]Cmd: MAP CHECKDEP NOCLEARLOG
[2020.02.01-18.22.29:423][  0]MapCheck: Map check complete: 0 Error(s), 0 Warning(s), took 54,464ms to complete.
[2020.02.01-18.22.29:440][  0]LogFileHelpers: Loading map 'NewWorld' took 6.117
[2020.02.01-18.22.31:404][  0]LogSlate: Updating window title bar state: overlay mode, drag disabled, window buttons hidden, title bar hidden
[2020.02.01-18.22.31:609][  0]LogCollectionManager: Loaded 0 collections in 0.002080 seconds
[2020.02.01-18.22.31:740][  0]LogFileCache: Scanning file cache for directory 'D:/Program_files/Unreal Projects/Gedaria/Saved/Collections/' took 0.01s
[2020.02.01-18.22.31:740][  0]LogFileCache: Scanning file cache for directory 'D:/Program_files/Unreal Projects/Gedaria/Content/Developers/Viktor/Collections/' took 0.02s
[2020.02.01-18.22.31:740][  0]LogFileCache: Scanning file cache for directory 'D:/Program_files/Unreal Projects/Gedaria/Content/Collections/' took 0.02s
[2020.02.01-18.22.31:740][  0]LogCollectionManager: Rebuilt the GUID cache for 0 collections in 0.000000 seconds
[2020.02.01-18.22.31:772][  0]LogContentBrowser: Native class hierarchy populated in 0.0320 seconds. Added 2655 classes and 622 folders.
[2020.02.01-18.22.32:000][  0]LogContentBrowser: Native class hierarchy updated for 'WidgetCarousel' in 0.0150 seconds. Added 0 classes and 0 folders.
[2020.02.01-18.22.32:106][  0]LogPakFile: Registered encryption key '00000000000000000000000000000000': 0 pak files mounted, 0 remain pending
[2020.02.01-18.22.32:156][  0]LogPakFile: Registered encryption key '00000000000000000000000000000000': 0 pak files mounted, 0 remain pending
[2020.02.01-18.22.32:187][  0]LogPakFile: Registered encryption key '00000000000000000000000000000000': 0 pak files mounted, 0 remain pending
[2020.02.01-18.22.32:202][  0]LogPakFile: Registered encryption key '00000000000000000000000000000000': 0 pak files mounted, 0 remain pending
[2020.02.01-18.22.32:314][  0]LogPakFile: Registered encryption key '00000000000000000000000000000000': 0 pak files mounted, 0 remain pending
[2020.02.01-18.22.32:368][  0]LogPakFile: Registered encryption key '00000000000000000000000000000000': 0 pak files mounted, 0 remain pending
[2020.02.01-18.22.32:464][  0]LogPakFile: Registered encryption key '00000000000000000000000000000000': 0 pak files mounted, 0 remain pending
[2020.02.01-18.22.32:560][  0]LogPakFile: Registered encryption key '00000000000000000000000000000000': 0 pak files mounted, 0 remain pending
[2020.02.01-18.22.32:639][  0]LogPakFile: Registered encryption key '00000000000000000000000000000000': 0 pak files mounted, 0 remain pending
[2020.02.01-18.22.32:841][  0]LogPakFile: Registered encryption key '00000000000000000000000000000000': 0 pak files mounted, 0 remain pending
[2020.02.01-18.22.32:942][  0]LogPakFile: Registered encryption key '00000000000000000000000000000000': 0 pak files mounted, 0 remain pending
[2020.02.01-18.22.32:981][  0]LogPakFile: Registered encryption key '00000000000000000000000000000000': 0 pak files mounted, 0 remain pending
[2020.02.01-18.22.33:088][  0]LogPakFile: Registered encryption key '00000000000000000000000000000000': 0 pak files mounted, 0 remain pending
[2020.02.01-18.22.33:171][  0]LogPakFile: Registered encryption key '00000000000000000000000000000000': 0 pak files mounted, 0 remain pending
[2020.02.01-18.22.33:200][  0]LogPakFile: Registered encryption key '00000000000000000000000000000000': 0 pak files mounted, 0 remain pending
[2020.02.01-18.22.33:203][  0]LogPakFile: Registered encryption key '00000000000000000000000000000000': 0 pak files mounted, 0 remain pending
[2020.02.01-18.22.33:206][  0]LogPakFile: Registered encryption key '00000000000000000000000000000000': 0 pak files mounted, 0 remain pending
[2020.02.01-18.22.33:209][  0]LogPakFile: Registered encryption key '00000000000000000000000000000000': 0 pak files mounted, 0 remain pending
[2020.02.01-18.22.33:232][  0]LogPakFile: Registered encryption key '00000000000000000000000000000000': 0 pak files mounted, 0 remain pending
[2020.02.01-18.22.33:252][  0]LogPakFile: Registered encryption key '00000000000000000000000000000000': 0 pak files mounted, 0 remain pending
[2020.02.01-18.22.33:256][  0]LogPakFile: Registered encryption key '00000000000000000000000000000000': 0 pak files mounted, 0 remain pending
[2020.02.01-18.22.33:259][  0]LogPakFile: Registered encryption key '00000000000000000000000000000000': 0 pak files mounted, 0 remain pending
[2020.02.01-18.22.33:292][  0]LogPakFile: Registered encryption key '00000000000000000000000000000000': 0 pak files mounted, 0 remain pending
[2020.02.01-18.22.33:363][  0]LogPakFile: Registered encryption key '00000000000000000000000000000000': 0 pak files mounted, 0 remain pending
[2020.02.01-18.22.33:428][  0]LogPakFile: Registered encryption key '00000000000000000000000000000000': 0 pak files mounted, 0 remain pending
[2020.02.01-18.22.33:447][  0]LogPakFile: Registered encryption key '00000000000000000000000000000000': 0 pak files mounted, 0 remain pending
[2020.02.01-18.22.34:394][  0]LogContentBrowser: Native class hierarchy updated for 'AddContentDialog' in 0.0006 seconds. Added 0 classes and 0 folders.
[2020.02.01-18.22.34:440][  0]LogContentBrowser: Native class hierarchy updated for 'SceneOutliner' in 0.0004 seconds. Added 1 classes and 2 folders.
[2020.02.01-18.22.35:053][  0]LogSlate: Took 0.018114 seconds to synchronously load lazily loaded font '../../../Engine/Content/Slate/Fonts/Roboto-Regular.ttf' (155K)
[2020.02.01-18.22.35:083][  0]LogSlate: Took 0.028248 seconds to synchronously load lazily loaded font '../../../Engine/Content/Slate/Fonts/Roboto-Bold.ttf' (160K)
[2020.02.01-18.22.35:138][  0]LogSlate: Took 0.016988 seconds to synchronously load lazily loaded font '../../../Engine/Content/Editor/Slate/Fonts/FontAwesome.ttf' (139K)
[2020.02.01-18.22.35:603][  0]LogRenderer: Reallocating scene render targets to support 1120x648 Format 10 NumSamples 1 (Frame:1).
[2020.02.01-18.22.35:921][  0]LogContentBrowser: Native class hierarchy updated for 'HierarchicalLODOutliner' in 0.0005 seconds. Added 0 classes and 0 folders.
[2020.02.01-18.22.35:921][  0]LogLoad: (Engine Initialization) Total time: 45.41 seconds
[2020.02.01-18.22.35:922][  0]LogLoad: (Engine Initialization) Total Blueprint compile time: 0.00 seconds
[2020.02.01-18.22.36:076][  0]LogWindowsTextInputMethodSystem: Display: IME system now deactivated.
[2020.02.01-18.22.36:383][  0]LogContentStreaming: Texture pool size now 1000 MB
[2020.02.01-18.22.36:500][  0]LogSlate: Took 0.011981 seconds to synchronously load lazily loaded font '../../../Engine/Content/Slate/Fonts/Roboto-Light.ttf' (167K)
[2020.02.01-18.22.37:436][  5]LogAssetRegistry: Asset discovery search completed in 34.7985 seconds
[2020.02.01-18.22.37:455][  5]LogCollectionManager: Rebuilt the object cache for 0 collections in 0.000000 seconds (found 0 objects)
[2020.02.01-18.22.37:455][  5]LogCollectionManager: Fixed up redirectors for 0 collections in 0.000162 seconds (updated 0 objects)
[2020.02.01-18.22.42:207][259]LogSlate: FSceneViewport::OnFocusLost() reason 0
[2020.02.01-18.22.48:258][579]LogTemp: Repeating last play command: Selected Viewport
[2020.02.01-18.22.48:343][579]LogBlueprintUserMessages: Early PlayInEditor Detection: Level '/Game/level/Level1/NewWorld.NewWorld:PersistentLevel' has LevelScriptBlueprint '/Game/level/Level1/NewWorld.NewWorld:PersistentLevel.NewWorld' with GeneratedClass '/Game/level/Level1/NewWorld.NewWorld_C' with ClassGeneratedBy '/Game/level/Level1/NewWorld.NewWorld:PersistentLevel.NewWorld'
[2020.02.01-18.22.48:361][579]LogPlayLevel: PlayLevel: No blueprints needed recompiling
[2020.02.01-18.22.48:445][579]PIE: New page: PIE session: NewWorld (1. 2. 2020 20:22:48)
[2020.02.01-18.22.48:495][579]LogPlayLevel: Creating play world package: /Game/level/Level1/UEDPIE_0_NewWorld
[2020.02.01-18.22.48:599][579]LogPlayLevel: PIE: StaticDuplicateObject took: (0.104378s)
[2020.02.01-18.22.48:600][579]LogAIModule: Creating AISystem for world NewWorld
[2020.02.01-18.22.48:621][579]LogPlayLevel: PIE: World Init took: (0.021009s)
[2020.02.01-18.22.48:621][579]LogPlayLevel: PIE: Created PIE world by copying editor world from /Game/level/Level1/NewWorld.NewWorld to /Game/level/Level1/UEDPIE_0_NewWorld.NewWorld (0.126297s)
[2020.02.01-18.22.48:682][579]LogInit: XAudio2 using 'Reproduktor/HP (Realtek High Definition Audio)' : 2 channels at 48 kHz using 32 bits per sample (channel mask 0x3)
[2020.02.01-18.22.48:696][579]LogInit: FAudioDevice initialized.
[2020.02.01-18.22.48:759][579]LogLoad: Game class is '2DSideScrollerGameMode_C'
[2020.02.01-18.22.48:790][579]LogWorld: Bringing World /Game/level/Level1/UEDPIE_0_NewWorld.NewWorld up for play (max tick rate 60) at 2020.02.01-19.22.48
[2020.02.01-18.22.48:888][579]LogLinker: Warning: Can't find file '/Game/NewLevelSequence'
[2020.02.01-18.22.48:889][579]LogLinker: Warning: Can't find file '/Game/NewLevelSequence'
[2020.02.01-18.22.48:889][579]LogUObjectGlobals: Warning: Failed to find object 'Object /Game/NewLevelSequence.NewLevelSequence'
[2020.02.01-18.22.49:091][579]LogWorld: Bringing up level for play took: 0.329832
[2020.02.01-18.22.49:176][579]LogContentBrowser: Native class hierarchy updated for 'MovieSceneCapture' in 0.0005 seconds. Added 20 classes and 0 folders.
[2020.02.01-18.22.49:236][579]PIE: Play in editor start time for /Game/level/Level1/UEDPIE_0_NewWorld 1,058
[2020.02.01-18.22.49:237][579]LogBlueprintUserMessages: Late PlayInEditor Detection: Level '/Game/level/Level1/NewWorld.NewWorld:PersistentLevel' has LevelScriptBlueprint '/Game/level/Level1/NewWorld.NewWorld:PersistentLevel.NewWorld' with GeneratedClass '/Game/level/Level1/NewWorld.NewWorld_C' with ClassGeneratedBy '/Game/level/Level1/NewWorld.NewWorld:PersistentLevel.NewWorld'
[2020.02.01-18.23.01:269][278]LogSlate: FSceneViewport::OnFocusLost() reason 2
[2020.02.01-18.23.02:397][343]LogSlate: Took 0.034311 seconds to synchronously load lazily loaded font '../../../Engine/Content/Slate/Fonts/DroidSansMono.ttf' (77K)
[2020.02.01-18.23.13:802][ 18]LogBlueprintUserMessages: Early EndPlayMap Detection: Level '/Game/level/Level1/NewWorld.NewWorld:PersistentLevel' has LevelScriptBlueprint '/Game/level/Level1/NewWorld.NewWorld:PersistentLevel.NewWorld' with GeneratedClass '/Game/level/Level1/NewWorld.NewWorld_C' with ClassGeneratedBy '/Game/level/Level1/NewWorld.NewWorld:PersistentLevel.NewWorld'
[2020.02.01-18.23.13:803][ 18]LogSlate: Updating window title bar state: overlay mode, drag disabled, window buttons hidden, title bar hidden
[2020.02.01-18.23.13:962][ 18]LogPlayLevel: Display: Shutting down PIE online subsystems
[2020.02.01-18.23.13:962][ 18]LogBlueprintUserMessages: Late EndPlayMap Detection: Level '/Game/level/Level1/NewWorld.NewWorld:PersistentLevel' has LevelScriptBlueprint '/Game/level/Level1/NewWorld.NewWorld:PersistentLevel.NewWorld' with GeneratedClass '/Game/level/Level1/NewWorld.NewWorld_C' with ClassGeneratedBy '/Game/level/Level1/NewWorld.NewWorld:PersistentLevel.NewWorld'
[2020.02.01-18.23.14:101][ 18]LogSlate: Updating window title bar state: overlay mode, drag disabled, window buttons hidden, title bar hidden
[2020.02.01-18.23.14:264][ 19]LogPlayLevel: Display: Destroying online subsystem :Context_1
[2020.02.01-18.23.14:783][ 44]LogSlate: FSceneViewport::OnFocusLost() reason 0
[2020.02.01-18.23.16:849][168]LogTemp: Repeating last play command: Selected Viewport
[2020.02.01-18.23.16:872][168]LogBlueprintUserMessages: Early PlayInEditor Detection: Level '/Game/level/Level1/NewWorld.NewWorld:PersistentLevel' has LevelScriptBlueprint '/Game/level/Level1/NewWorld.NewWorld:PersistentLevel.NewWorld' with GeneratedClass '/Game/level/Level1/NewWorld.NewWorld_C' with ClassGeneratedBy '/Game/level/Level1/NewWorld.NewWorld:PersistentLevel.NewWorld'
[2020.02.01-18.23.16:872][168]LogPlayLevel: PlayLevel: No blueprints needed recompiling
[2020.02.01-18.23.16:872][168]PIE: New page: PIE session: NewWorld (1. 2. 2020 20:23:16)
[2020.02.01-18.23.16:873][168]LogPlayLevel: Creating play world package: /Game/level/Level1/UEDPIE_0_NewWorld
[2020.02.01-18.23.16:885][168]LogPlayLevel: PIE: StaticDuplicateObject took: (0.011766s)
[2020.02.01-18.23.16:885][168]LogAIModule: Creating AISystem for world NewWorld
[2020.02.01-18.23.16:886][168]LogPlayLevel: PIE: World Init took: (0.000812s)
[2020.02.01-18.23.16:886][168]LogPlayLevel: PIE: Created PIE world by copying editor world from /Game/level/Level1/NewWorld.NewWorld to /Game/level/Level1/UEDPIE_0_NewWorld.NewWorld (0.013102s)
[2020.02.01-18.23.16:913][168]LogInit: XAudio2 using 'Reproduktor/HP (Realtek High Definition Audio)' : 2 channels at 48 kHz using 32 bits per sample (channel mask 0x3)
[2020.02.01-18.23.16:945][168]LogInit: FAudioDevice initialized.
[2020.02.01-18.23.16:983][168]LogLoad: Game class is '2DSideScrollerGameMode_C'
[2020.02.01-18.23.16:989][168]LogWorld: Bringing World /Game/level/Level1/UEDPIE_0_NewWorld.NewWorld up for play (max tick rate 60) at 2020.02.01-19.23.16
[2020.02.01-18.23.16:990][168]LogWorld: Bringing up level for play took: 0.006012
[2020.02.01-18.23.17:005][168]PIE: Play in editor start time for /Game/level/Level1/UEDPIE_0_NewWorld 0,827
[2020.02.01-18.23.17:006][168]LogBlueprintUserMessages: Late PlayInEditor Detection: Level '/Game/level/Level1/NewWorld.NewWorld:PersistentLevel' has LevelScriptBlueprint '/Game/level/Level1/NewWorld.NewWorld:PersistentLevel.NewWorld' with GeneratedClass '/Game/level/Level1/NewWorld.NewWorld_C' with ClassGeneratedBy '/Game/level/Level1/NewWorld.NewWorld:PersistentLevel.NewWorld'
[2020.02.01-18.25.08:947][865]LogBlueprintUserMessages: Early EndPlayMap Detection: Level '/Game/level/Level1/NewWorld.NewWorld:PersistentLevel' has LevelScriptBlueprint '/Game/level/Level1/NewWorld.NewWorld:PersistentLevel.NewWorld' with GeneratedClass '/Game/level/Level1/NewWorld.NewWorld_C' with ClassGeneratedBy '/Game/level/Level1/NewWorld.NewWorld:PersistentLevel.NewWorld'
[2020.02.01-18.25.08:947][865]LogSlate: Updating window title bar state: overlay mode, drag disabled, window buttons hidden, title bar hidden
[2020.02.01-18.25.08:992][865]LogPlayLevel: Display: Shutting down PIE online subsystems
[2020.02.01-18.25.08:992][865]LogBlueprintUserMessages: Late EndPlayMap Detection: Level '/Game/level/Level1/NewWorld.NewWorld:PersistentLevel' has LevelScriptBlueprint '/Game/level/Level1/NewWorld.NewWorld:PersistentLevel.NewWorld' with GeneratedClass '/Game/level/Level1/NewWorld.NewWorld_C' with ClassGeneratedBy '/Game/level/Level1/NewWorld.NewWorld:PersistentLevel.NewWorld'
[2020.02.01-18.25.09:018][865]LogSlate: Updating window title bar state: overlay mode, drag disabled, window buttons hidden, title bar hidden
[2020.02.01-18.25.09:072][866]LogPlayLevel: Display: Destroying online subsystem :Context_2
[2020.02.01-18.25.10:273][931]LogSlate: FSceneViewport::OnFocusLost() reason 0
[2020.02.01-18.25.15:930][936]LogSlate: Window 'Save Content' being destroyed
[2020.02.01-18.25.15:991][936]LogSlate: Took 0.000273 seconds to synchronously load lazily loaded font '../../../Engine/Content/Slate/Fonts/Roboto-Light.ttf' (167K)
[2020.02.01-18.25.17:451][936]LogSavePackage: Moving '../../../../../../Program_files/Unreal Projects/Gedaria/Saved/2DSideScrollerGameMode1F959D7248215D56D6A3188BA7F55AF6.tmp' to '../../../../../../Program_files/Unreal Projects/Gedaria/Content/2DSideScrollerBP/Blueprints/2DSideScrollerGameMode.uasset'
[2020.02.01-18.25.17:670][936]LogSlate: Window 'Gedaria - Unreal Editor' being destroyed
[2020.02.01-18.25.17:671][936]LogWindowsTextInputMethodSystem: Display: IME system now deactivated.
[2020.02.01-18.25.18:335][937]Cmd: QUIT_EDITOR
[2020.02.01-18.25.18:920][937]LogExit: Preparing to exit.
[2020.02.01-18.25.20:513][937]LogExit: Editor shut down
[2020.02.01-18.25.20:513][937]LogExit: Transaction tracking system shut down
