Log file open, 02/01/20 17:27:58
LogWindows: Failed to load 'aqProf.dll' (GetLastError=126)
LogWindows: File 'aqProf.dll' does not exist
LogWindows: Failed to load 'VtuneApi.dll' (GetLastError=126)
LogWindows: File 'VtuneApi.dll' does not exist
LogWindows: Failed to load 'VtuneApi32e.dll' (GetLastError=126)
LogWindows: File 'VtuneApi32e.dll' does not exist
LogConsoleResponse: Display: Failed to find resolution value strings in scalability ini. Falling back to default.
LogInit: Display: Running engine for game: Gedaria
LogPakFile: Registered encryption key '00000000000000000000000000000000': 0 pak files mounted, 0 remain pending
LogPlatformFile: Not using cached read wrapper
LogTaskGraph: Started task graph with 5 named threads and 23 total threads with 3 sets of task threads.
LogStats: Stats thread started at 0.363807
LogD3D11RHI: Loaded GFSDK_Aftermath_Lib.x64.dll
LogICUInternationalization: ICU TimeZone Detection - Raw Offset: +1:00, Platform Override: ''
LogPluginManager: Mounting plugin Paper2D
LogPluginManager: Mounting plugin AISupport
LogPluginManager: Mounting plugin LightPropagationVolume
LogPluginManager: Mounting plugin ActorLayerUtilities
LogPluginManager: Mounting plugin CLionSourceCodeAccess
LogPluginManager: Mounting plugin CodeLiteSourceCodeAccess
LogPluginManager: Mounting plugin GitSourceControl
LogPluginManager: Mounting plugin KDevelopSourceCodeAccess
LogPluginManager: Mounting plugin NullSourceCodeAccess
LogPluginManager: Mounting plugin PerforceSourceControl
LogPluginManager: Mounting plugin SubversionSourceControl
LogPluginManager: Mounting plugin UObjectPlugin
LogPluginManager: Mounting plugin VisualStudioCodeSourceCodeAccess
LogPluginManager: Mounting plugin VisualStudioSourceCodeAccess
LogPluginManager: Mounting plugin XCodeSourceCodeAccess
LogPluginManager: Mounting plugin AssetManagerEditor
LogPluginManager: Mounting plugin CryptoKeys
LogPluginManager: Mounting plugin DataValidation
LogPluginManager: Mounting plugin FacialAnimation
LogPluginManager: Mounting plugin GameplayTagsEditor
LogPluginManager: Mounting plugin MacGraphicsSwitching
LogPluginManager: Mounting plugin MeshEditor
LogPluginManager: Mounting plugin MobileLauncherProfileWizard
LogPluginManager: Mounting plugin PluginBrowser
LogPluginManager: Mounting plugin SpeedTreeImporter
LogPluginManager: Mounting plugin DatasmithContent
LogPluginManager: Mounting plugin VariantManagerContent
LogPluginManager: Mounting plugin AlembicImporter
LogPluginManager: Mounting plugin AppleImageUtils
LogPluginManager: Mounting plugin AppleVision
LogPluginManager: Mounting plugin BackChannel
LogPluginManager: Mounting plugin CharacterAI
LogPluginManager: Mounting plugin GeometryCache
LogPluginManager: Mounting plugin HTML5Networking
LogPluginManager: Mounting plugin ProxyLODPlugin
LogPluginManager: Mounting plugin MagicLeap
LogPluginManager: Mounting plugin MagicLeapMedia
LogPluginManager: Mounting plugin AndroidMedia
LogPluginManager: Mounting plugin AvfMedia
LogPluginManager: Mounting plugin ImgMedia
LogPluginManager: Mounting plugin LinearTimecode
LogPluginManager: Mounting plugin MediaCompositing
LogPluginManager: Mounting plugin MediaPlayerEditor
LogPluginManager: Mounting plugin WebMMedia
LogPluginManager: Mounting plugin WmfMedia
LogPluginManager: Mounting plugin TcpMessaging
LogPluginManager: Mounting plugin UdpMessaging
LogPluginManager: Mounting plugin ActorSequence
LogPluginManager: Mounting plugin LevelSequenceEditor
LogPluginManager: Mounting plugin MatineeToLevelSequence
LogPluginManager: Mounting plugin NetcodeUnitTest
LogPluginManager: Mounting plugin NUTUnrealEngine4
LogPluginManager: Mounting plugin OnlineSubsystemGooglePlay
LogPluginManager: Mounting plugin OnlineSubsystemIOS
LogPluginManager: Mounting plugin OnlineSubsystem
LogPluginManager: Mounting plugin OnlineSubsystemNull
LogPluginManager: Mounting plugin OnlineSubsystemUtils
LogPluginManager: Mounting plugin LauncherChunkInstaller
LogPluginManager: Mounting plugin AndroidDeviceProfileSelector
LogPluginManager: Mounting plugin AndroidMoviePlayer
LogPluginManager: Mounting plugin AndroidPermission
LogPluginManager: Mounting plugin AppleMoviePlayer
LogPluginManager: Mounting plugin ArchVisCharacter
LogPluginManager: Mounting plugin AudioCapture
LogPluginManager: Mounting plugin CableComponent
LogPluginManager: Mounting plugin CustomMeshComponent
LogPluginManager: Mounting plugin EditableMesh
LogPluginManager: Mounting plugin ExampleDeviceProfileSelector
LogPluginManager: Mounting plugin Firebase
LogPluginManager: Mounting plugin GoogleCloudMessaging
LogPluginManager: Mounting plugin IOSDeviceProfileSelector
LogPluginManager: Mounting plugin LinuxDeviceProfileSelector
LogPluginManager: Mounting plugin LocationServicesBPLibrary
LogPluginManager: Mounting plugin MobilePatchingUtils
LogPluginManager: Mounting plugin OculusVR
LogPluginManager: Mounting plugin PhysXVehicles
LogPluginManager: Mounting plugin ProceduralMeshComponent
LogPluginManager: Mounting plugin RuntimePhysXCooking
LogPluginManager: Mounting plugin SteamVR
LogPluginManager: Mounting plugin WebMMoviePlayer
LogPluginManager: Mounting plugin WindowsMoviePlayer
LogStreaming: Display: Took  0.232s to configure plugins.
LogInit: Using libcurl 7.55.1-DEV
LogInit:  - built for x86_64-pc-win32
LogInit:  - supports SSL with OpenSSL/1.0.2h
LogInit:  - supports HTTP deflate (compression) using libz 1.2.8
LogInit:  - other features:
LogInit:      CURL_VERSION_SSL
LogInit:      CURL_VERSION_LIBZ
LogInit:      CURL_VERSION_IPV6
LogInit:      CURL_VERSION_ASYNCHDNS
LogInit:      CURL_VERSION_LARGEFILE
LogInit:      CURL_VERSION_IDN
LogInit:  CurlRequestOptions (configurable via config and command line):
LogInit:  - bVerifyPeer = true  - Libcurl will verify peer certificate
LogInit:  - bUseHttpProxy = false  - Libcurl will NOT use HTTP proxy
LogInit:  - bDontReuseConnections = false  - Libcurl will reuse connections
LogInit:  - MaxHostConnections = 16  - Libcurl will limit the number of connections to a host
LogInit:  - LocalHostAddr = Default
LogInit:  - BufferSize = 65536
LogInit: WinSock: version 1.1 (2.2), MaxSocks=32767, MaxUdp=65467
LogInit: Build: ++UE4+Release-4.21-CL-4753647
LogInit: Engine Version: 4.21.2-4753647+++UE4+Release-4.21
LogInit: Compatible Engine Version: 4.21.0-4541578+++UE4+Release-4.21
LogInit: Net CL: 4541578
LogInit: OS: Windows 10 (), CPU: Intel(R) Core(TM) i5-8300H CPU @ 2.30GHz, GPU: Intel(R) UHD Graphics 630
LogInit: Compiled (64-bit): Jan 19 2019 02:07:31
LogInit: Compiled with Visual C++: 19.13.26129.00
LogInit: Build Configuration: Development
LogInit: Branch Name: ++UE4+Release-4.21
LogInit: Command Line:  -skipcompile
LogInit: Base Directory: D:/Program Files/Epic Games/UE_4.21/Engine/Binaries/Win64/
LogInit: Installed Engine Build: 1
LogDevObjectVersion: Number of dev versions registered: 22
LogDevObjectVersion:   Dev-Blueprints (B0D832E4-1F89-4F0D-ACCF-7EB736FD4AA2): 10
LogDevObjectVersion:   Dev-Build (E1C64328-A22C-4D53-A36C-8E866417BD8C): 0
LogDevObjectVersion:   Dev-Core (375EC13C-06E4-48FB-B500-84F0262A717E): 2
LogDevObjectVersion:   Dev-Editor (E4B068ED-F494-42E9-A231-DA0B2E46BB41): 26
LogDevObjectVersion:   Dev-Framework (CFFC743F-43B0-4480-9391-14DF171D2073): 34
LogDevObjectVersion:   Dev-Mobile (B02B49B5-BB20-44E9-A304-32B752E40360): 2
LogDevObjectVersion:   Dev-Networking (A4E4105C-59A1-49B5-A7C5-40C4547EDFEE): 0
LogDevObjectVersion:   Dev-Online (39C831C9-5AE6-47DC-9A44-9C173E1C8E7C): 0
LogDevObjectVersion:   Dev-Physics (78F01B33-EBEA-4F98-B9B4-84EACCB95AA2): 0
LogDevObjectVersion:   Dev-Platform (6631380F-2D4D-43E0-8009-CF276956A95A): 0
LogDevObjectVersion:   Dev-Rendering (12F88B9F-8875-4AFC-A67C-D90C383ABD29): 27
LogDevObjectVersion:   Dev-Sequencer (7B5AE74C-D270-4C10-A958-57980B212A5A): 9
LogDevObjectVersion:   Dev-VR (D7296918-1DD6-4BDD-9DE2-64A83CC13884): 2
LogDevObjectVersion:   Dev-LoadTimes (C2A15278-BFE7-4AFE-6C17-90FF531DF755): 1
LogDevObjectVersion:   Private-Geometry (6EACA3D4-40EC-4CC1-B786-8BED09428FC5): 3
LogDevObjectVersion:   Dev-AnimPhys (29E575DD-E0A3-4627-9D10-D276232CDCEA): 17
LogDevObjectVersion:   Dev-Anim (AF43A65D-7FD3-4947-9873-3E8ED9C1BB05): 2
LogDevObjectVersion:   Dev-ReflectionCapture (6B266CEC-1EC7-4B8F-A30B-E4D90942FC07): 1
LogDevObjectVersion:   Dev-Automation (0DF73D61-A23F-47EA-B727-89E90C41499A): 1
LogDevObjectVersion:   FortniteMain (601D1886-AC64-4F84-AA16-D3DE0DEAC7D6): 17
LogDevObjectVersion:   Dev-Enterprise (9DFFBCD6-494F-0158-E221-12823C92A888): 4
LogDevObjectVersion:   Dev-Niagara (F2AED0AC-9AFE-416F-8664-AA7FFA26D6FC): 1
LogStreaming: Display: Took  0.003s to delete old logs.
LogInit: Presizing for max 8388607 objects, including 0 objects not considered by GC, pre-allocating 0 bytes for permanent pool.
LogInit: Object subsystem initialized
LogConfig: Setting CVar [[con.DebugEarlyDefault:1]]
LogConfig: Setting CVar [[r.setres:1280x720]]
[2020.02.01-16.28.01:282][  0]LogConfig: Setting CVar [[r.VSync:0]]
[2020.02.01-16.28.01:282][  0]LogConfig: Setting CVar [[r.RHICmdBypass:0]]
[2020.02.01-16.28.01:282][  0]LogConfig: Applying CVar settings from Section [/Script/Engine.RendererSettings] File [D:/Program_files/Unreal Projects/Gedaria/Saved/Config/Windows/Engine.ini]
[2020.02.01-16.28.01:282][  0]LogConfig: Setting CVar [[r.GPUCrashDebugging:0]]
[2020.02.01-16.28.01:282][  0]LogConfig: Applying CVar settings from Section [/Script/Engine.RendererOverrideSettings] File [D:/Program_files/Unreal Projects/Gedaria/Saved/Config/Windows/Engine.ini]
[2020.02.01-16.28.01:282][  0]LogConfig: Applying CVar settings from Section [/Script/Engine.StreamingSettings] File [D:/Program_files/Unreal Projects/Gedaria/Saved/Config/Windows/Engine.ini]
[2020.02.01-16.28.01:282][  0]LogConfig: Setting CVar [[s.MinBulkDataSizeForAsyncLoading:131072]]
[2020.02.01-16.28.01:282][  0]LogConfig: Setting CVar [[s.AsyncLoadingThreadEnabled:0]]
[2020.02.01-16.28.01:282][  0]LogConfig: Setting CVar [[s.EventDrivenLoaderEnabled:1]]
[2020.02.01-16.28.01:282][  0]LogConfig: Setting CVar [[s.WarnIfTimeLimitExceeded:0]]
[2020.02.01-16.28.01:282][  0]LogConfig: Setting CVar [[s.TimeLimitExceededMultiplier:1.5]]
[2020.02.01-16.28.01:282][  0]LogConfig: Setting CVar [[s.TimeLimitExceededMinTime:0.005]]
[2020.02.01-16.28.01:282][  0]LogConfig: Setting CVar [[s.UseBackgroundLevelStreaming:1]]
[2020.02.01-16.28.01:282][  0]LogConfig: Setting CVar [[s.PriorityAsyncLoadingExtraTime:15.0]]
[2020.02.01-16.28.01:283][  0]LogConfig: Setting CVar [[s.LevelStreamingActorsUpdateTimeLimit:5.0]]
[2020.02.01-16.28.01:283][  0]LogConfig: Setting CVar [[s.PriorityLevelStreamingActorsUpdateExtraTime:5.0]]
[2020.02.01-16.28.01:283][  0]LogConfig: Setting CVar [[s.LevelStreamingComponentsRegistrationGranularity:10]]
[2020.02.01-16.28.01:283][  0]LogConfig: Setting CVar [[s.UnregisterComponentsTimeLimit:1.0]]
[2020.02.01-16.28.01:283][  0]LogConfig: Setting CVar [[s.LevelStreamingComponentsUnregistrationGranularity:5]]
[2020.02.01-16.28.01:283][  0]LogConfig: Applying CVar settings from Section [/Script/Engine.GarbageCollectionSettings] File [D:/Program_files/Unreal Projects/Gedaria/Saved/Config/Windows/Engine.ini]
[2020.02.01-16.28.01:283][  0]LogConfig: Setting CVar [[gc.MaxObjectsNotConsideredByGC:1]]
[2020.02.01-16.28.01:283][  0]LogConfig: Setting CVar [[gc.SizeOfPermanentObjectPool:0]]
[2020.02.01-16.28.01:283][  0]LogConfig: Setting CVar [[gc.FlushStreamingOnGC:0]]
[2020.02.01-16.28.01:283][  0]LogConfig: Setting CVar [[gc.NumRetriesBeforeForcingGC:10]]
[2020.02.01-16.28.01:283][  0]LogConfig: Setting CVar [[gc.AllowParallelGC:1]]
[2020.02.01-16.28.01:283][  0]LogConfig: Setting CVar [[gc.TimeBetweenPurgingPendingKillObjects:61.1]]
[2020.02.01-16.28.01:283][  0]LogConfig: Setting CVar [[gc.MaxObjectsInEditor:8388607]]
[2020.02.01-16.28.01:283][  0]LogConfig: Setting CVar [[gc.IncrementalBeginDestroyEnabled:1]]
[2020.02.01-16.28.01:283][  0]LogConfig: Setting CVar [[gc.CreateGCClusters:1]]
[2020.02.01-16.28.01:283][  0]LogConfig: Setting CVar [[gc.MergeGCClusters:0]]
[2020.02.01-16.28.01:284][  0]LogConfig: Setting CVar [[gc.MinGCClusterSize:5]]
[2020.02.01-16.28.01:284][  0]LogConfig: Setting CVar [[gc.ActorClusteringEnabled:0]]
[2020.02.01-16.28.01:284][  0]LogConfig: Setting CVar [[gc.BlueprintClusteringEnabled:0]]
[2020.02.01-16.28.01:284][  0]LogConfig: Setting CVar [[gc.UseDisregardForGCOnDedicatedServers:0]]
[2020.02.01-16.28.01:284][  0]LogConfig: Applying CVar settings from Section [/Script/Engine.NetworkSettings] File [D:/Program_files/Unreal Projects/Gedaria/Saved/Config/Windows/Engine.ini]
[2020.02.01-16.28.01:284][  0]LogConfig: Applying CVar settings from Section [/Script/UnrealEd.CookerSettings] File [D:/Program_files/Unreal Projects/Gedaria/Saved/Config/Windows/Engine.ini]
[2020.02.01-16.28.01:291][  0]LogConfig: Applying CVar settings from Section [ViewDistanceQuality@3] File [D:/Program_files/Unreal Projects/Gedaria/Saved/Config/Windows/Scalability.ini]
[2020.02.01-16.28.01:291][  0]LogConfig: Setting CVar [[r.SkeletalMeshLODBias:0]]
[2020.02.01-16.28.01:291][  0]LogConfig: Setting CVar [[r.ViewDistanceScale:1.0]]
[2020.02.01-16.28.01:291][  0]LogConfig: Applying CVar settings from Section [AntiAliasingQuality@3] File [D:/Program_files/Unreal Projects/Gedaria/Saved/Config/Windows/Scalability.ini]
[2020.02.01-16.28.01:291][  0]LogConfig: Setting CVar [[r.PostProcessAAQuality:4]]
[2020.02.01-16.28.01:291][  0]LogConfig: Applying CVar settings from Section [ShadowQuality@3] File [D:/Program_files/Unreal Projects/Gedaria/Saved/Config/Windows/Scalability.ini]
[2020.02.01-16.28.01:291][  0]LogConfig: Setting CVar [[r.LightFunctionQuality:1]]
[2020.02.01-16.28.01:291][  0]LogConfig: Setting CVar [[r.ShadowQuality:5]]
[2020.02.01-16.28.01:291][  0]LogConfig: Setting CVar [[r.Shadow.CSM.MaxCascades:10]]
[2020.02.01-16.28.01:291][  0]LogConfig: Setting CVar [[r.Shadow.MaxResolution:2048]]
[2020.02.01-16.28.01:292][  0]LogConfig: Setting CVar [[r.Shadow.MaxCSMResolution:2048]]
[2020.02.01-16.28.01:292][  0]LogConfig: Setting CVar [[r.Shadow.RadiusThreshold:0.01]]
[2020.02.01-16.28.01:292][  0]LogConfig: Setting CVar [[r.Shadow.DistanceScale:1.0]]
[2020.02.01-16.28.01:292][  0]LogConfig: Setting CVar [[r.Shadow.CSM.TransitionScale:1.0]]
[2020.02.01-16.28.01:292][  0]LogConfig: Setting CVar [[r.Shadow.PreShadowResolutionFactor:1.0]]
[2020.02.01-16.28.01:292][  0]LogConfig: Setting CVar [[r.DistanceFieldShadowing:1]]
[2020.02.01-16.28.01:292][  0]LogConfig: Setting CVar [[r.DistanceFieldAO:1]]
[2020.02.01-16.28.01:292][  0]LogConfig: Setting CVar [[r.AOQuality:2]]
[2020.02.01-16.28.01:292][  0]LogConfig: Setting CVar [[r.VolumetricFog:1]]
[2020.02.01-16.28.01:292][  0]LogConfig: Setting CVar [[r.VolumetricFog.GridPixelSize:8]]
[2020.02.01-16.28.01:292][  0]LogConfig: Setting CVar [[r.VolumetricFog.GridSizeZ:128]]
[2020.02.01-16.28.01:292][  0]LogConfig: Setting CVar [[r.VolumetricFog.HistoryMissSupersampleCount:4]]
[2020.02.01-16.28.01:292][  0]LogConfig: Setting CVar [[r.LightMaxDrawDistanceScale:1]]
[2020.02.01-16.28.01:292][  0]LogConfig: Setting CVar [[r.CapsuleShadows:1]]
[2020.02.01-16.28.01:292][  0]LogConfig: Applying CVar settings from Section [PostProcessQuality@3] File [D:/Program_files/Unreal Projects/Gedaria/Saved/Config/Windows/Scalability.ini]
[2020.02.01-16.28.01:293][  0]LogConfig: Setting CVar [[r.MotionBlurQuality:4]]
[2020.02.01-16.28.01:293][  0]LogConfig: Setting CVar [[r.AmbientOcclusionMipLevelFactor:0.4]]
[2020.02.01-16.28.01:293][  0]LogConfig: Setting CVar [[r.AmbientOcclusionMaxQuality:100]]
[2020.02.01-16.28.01:293][  0]LogConfig: Setting CVar [[r.AmbientOcclusionLevels:-1]]
[2020.02.01-16.28.01:293][  0]LogConfig: Setting CVar [[r.AmbientOcclusionRadiusScale:1.0]]
[2020.02.01-16.28.01:293][  0]LogConfig: Setting CVar [[r.DepthOfFieldQuality:2]]
[2020.02.01-16.28.01:293][  0]LogConfig: Setting CVar [[r.RenderTargetPoolMin:400]]
[2020.02.01-16.28.01:293][  0]LogConfig: Setting CVar [[r.LensFlareQuality:2]]
[2020.02.01-16.28.01:293][  0]LogConfig: Setting CVar [[r.SceneColorFringeQuality:1]]
[2020.02.01-16.28.01:293][  0]LogConfig: Setting CVar [[r.EyeAdaptationQuality:2]]
[2020.02.01-16.28.01:293][  0]LogConfig: Setting CVar [[r.BloomQuality:5]]
[2020.02.01-16.28.01:293][  0]LogConfig: Setting CVar [[r.FastBlurThreshold:100]]
[2020.02.01-16.28.01:293][  0]LogConfig: Setting CVar [[r.Upscale.Quality:3]]
[2020.02.01-16.28.01:293][  0]LogConfig: Setting CVar [[r.Tonemapper.GrainQuantization:1]]
[2020.02.01-16.28.01:293][  0]LogConfig: Setting CVar [[r.LightShaftQuality:1]]
[2020.02.01-16.28.01:293][  0]LogConfig: Setting CVar [[r.Filter.SizeScale:1]]
[2020.02.01-16.28.01:293][  0]LogConfig: Setting CVar [[r.Tonemapper.Quality:5]]
[2020.02.01-16.28.01:294][  0]LogConfig: Setting CVar [[r.DOF.Gather.AccumulatorQuality:1        ; higher gathering accumulator quality]]
[2020.02.01-16.28.01:294][  0]LogConfig: Setting CVar [[r.DOF.Gather.PostfilterMethod:1          ; Median3x3 postfilering method]]
[2020.02.01-16.28.01:294][  0]LogConfig: Setting CVar [[r.DOF.Gather.EnableBokehSettings:0       ; no bokeh simulation when gathering]]
[2020.02.01-16.28.01:294][  0]LogConfig: Setting CVar [[r.DOF.Gather.RingCount:4                 ; medium number of samples when gathering]]
[2020.02.01-16.28.01:294][  0]LogConfig: Setting CVar [[r.DOF.Scatter.ForegroundCompositing:1    ; additive foreground scattering]]
[2020.02.01-16.28.01:294][  0]LogConfig: Setting CVar [[r.DOF.Scatter.BackgroundCompositing:2    ; additive background scattering]]
[2020.02.01-16.28.01:294][  0]LogConfig: Setting CVar [[r.DOF.Scatter.EnableBokehSettings:1      ; bokeh simulation when scattering]]
[2020.02.01-16.28.01:294][  0]LogConfig: Setting CVar [[r.DOF.Scatter.MaxSpriteRatio:0.1         ; only a maximum of 10% of scattered bokeh]]
[2020.02.01-16.28.01:294][  0]LogConfig: Setting CVar [[r.DOF.Recombine.Quality:1                ; cheap slight out of focus]]
[2020.02.01-16.28.01:294][  0]LogConfig: Setting CVar [[r.DOF.Recombine.EnableBokehSettings:0    ; no bokeh simulation on slight out of focus]]
[2020.02.01-16.28.01:294][  0]LogConfig: Setting CVar [[r.DOF.TemporalAAQuality:1                ; more stable temporal accumulation]]
[2020.02.01-16.28.01:294][  0]LogConfig: Setting CVar [[r.DOF.Kernel.MaxForegroundRadius:0.025]]
[2020.02.01-16.28.01:294][  0]LogConfig: Setting CVar [[r.DOF.Kernel.MaxBackgroundRadius:0.025]]
[2020.02.01-16.28.01:294][  0]LogConfig: Applying CVar settings from Section [TextureQuality@3] File [D:/Program_files/Unreal Projects/Gedaria/Saved/Config/Windows/Scalability.ini]
[2020.02.01-16.28.01:294][  0]LogConfig: Setting CVar [[r.Streaming.MipBias:0]]
[2020.02.01-16.28.01:294][  0]LogConfig: Setting CVar [[r.Streaming.AmortizeCPUToGPUCopy:0]]
[2020.02.01-16.28.01:294][  0]LogConfig: Setting CVar [[r.Streaming.MaxNumTexturesToStreamPerFrame:0]]
[2020.02.01-16.28.01:294][  0]LogConfig: Setting CVar [[r.Streaming.Boost:1]]
[2020.02.01-16.28.01:295][  0]LogConfig: Setting CVar [[r.MaxAnisotropy:8]]
[2020.02.01-16.28.01:295][  0]LogConfig: Setting CVar [[r.Streaming.LimitPoolSizeToVRAM:0]]
[2020.02.01-16.28.01:295][  0]LogConfig: Setting CVar [[r.Streaming.PoolSize:1000]]
[2020.02.01-16.28.01:295][  0]LogConfig: Setting CVar [[r.Streaming.MaxEffectiveScreenSize:0]]
[2020.02.01-16.28.01:295][  0]LogConfig: Applying CVar settings from Section [EffectsQuality@3] File [D:/Program_files/Unreal Projects/Gedaria/Saved/Config/Windows/Scalability.ini]
[2020.02.01-16.28.01:295][  0]LogConfig: Setting CVar [[r.TranslucencyLightingVolumeDim:64]]
[2020.02.01-16.28.01:295][  0]LogConfig: Setting CVar [[r.RefractionQuality:2]]
[2020.02.01-16.28.01:295][  0]LogConfig: Setting CVar [[r.SSR.Quality:3]]
[2020.02.01-16.28.01:295][  0]LogConfig: Setting CVar [[r.SceneColorFormat:4]]
[2020.02.01-16.28.01:295][  0]LogConfig: Setting CVar [[r.DetailMode:2]]
[2020.02.01-16.28.01:295][  0]LogConfig: Setting CVar [[r.TranslucencyVolumeBlur:1]]
[2020.02.01-16.28.01:295][  0]LogConfig: Setting CVar [[r.MaterialQualityLevel:1 ; High quality]]
[2020.02.01-16.28.01:295][  0]LogConfig: Setting CVar [[r.SSS.Scale:1]]
[2020.02.01-16.28.01:295][  0]LogConfig: Setting CVar [[r.SSS.SampleSet:2]]
[2020.02.01-16.28.01:295][  0]LogConfig: Setting CVar [[r.SSS.Quality:1]]
[2020.02.01-16.28.01:295][  0]LogConfig: Setting CVar [[r.SSS.HalfRes:1]]
[2020.02.01-16.28.01:295][  0]LogConfig: Setting CVar [[r.EmitterSpawnRateScale:1.0]]
[2020.02.01-16.28.01:295][  0]LogConfig: Setting CVar [[r.ParticleLightQuality:2]]
[2020.02.01-16.28.01:295][  0]LogConfig: Applying CVar settings from Section [FoliageQuality@3] File [D:/Program_files/Unreal Projects/Gedaria/Saved/Config/Windows/Scalability.ini]
[2020.02.01-16.28.01:295][  0]LogConfig: Setting CVar [[foliage.DensityScale:1.0]]
[2020.02.01-16.28.01:296][  0]LogConfig: Setting CVar [[grass.DensityScale:1.0]]
[2020.02.01-16.28.01:296][  0]LogInit: Selected Device Profile: [Windows]
[2020.02.01-16.28.01:296][  0]LogInit: Applying CVar settings loaded from the selected device profile: [Windows]
[2020.02.01-16.28.01:534][  0]LogHAL: Display: Platform has ~ 8 GB [8431169536 / 8589934592 / 8], which maps to Default [LargestMinGB=32, LargerMinGB=12, DefaultMinGB=8, SmallerMinGB=6, SmallestMinGB=0)
[2020.02.01-16.28.01:534][  0]LogConfig: Setting CVar [[r.Vulkan.UseRealUBs:1]]
[2020.02.01-16.28.01:534][  0]LogInit: Going up to parent DeviceProfile []
[2020.02.01-16.28.01:535][  0]LogConfig: Applying CVar settings from Section [ViewDistanceQuality@3] File [D:/Program_files/Unreal Projects/Gedaria/Saved/Config/Windows/Scalability.ini]
[2020.02.01-16.28.01:535][  0]LogConfig: Setting CVar [[r.SkeletalMeshLODBias:0]]
[2020.02.01-16.28.01:535][  0]LogConfig: Setting CVar [[r.ViewDistanceScale:1.0]]
[2020.02.01-16.28.01:535][  0]LogConfig: Applying CVar settings from Section [AntiAliasingQuality@3] File [D:/Program_files/Unreal Projects/Gedaria/Saved/Config/Windows/Scalability.ini]
[2020.02.01-16.28.01:535][  0]LogConfig: Setting CVar [[r.PostProcessAAQuality:4]]
[2020.02.01-16.28.01:535][  0]LogConfig: Applying CVar settings from Section [ShadowQuality@3] File [D:/Program_files/Unreal Projects/Gedaria/Saved/Config/Windows/Scalability.ini]
[2020.02.01-16.28.01:535][  0]LogConfig: Setting CVar [[r.LightFunctionQuality:1]]
[2020.02.01-16.28.01:535][  0]LogConfig: Setting CVar [[r.ShadowQuality:5]]
[2020.02.01-16.28.01:535][  0]LogConfig: Setting CVar [[r.Shadow.CSM.MaxCascades:10]]
[2020.02.01-16.28.01:535][  0]LogConfig: Setting CVar [[r.Shadow.MaxResolution:2048]]
[2020.02.01-16.28.01:535][  0]LogConfig: Setting CVar [[r.Shadow.MaxCSMResolution:2048]]
[2020.02.01-16.28.01:535][  0]LogConfig: Setting CVar [[r.Shadow.RadiusThreshold:0.01]]
[2020.02.01-16.28.01:535][  0]LogConfig: Setting CVar [[r.Shadow.DistanceScale:1.0]]
[2020.02.01-16.28.01:535][  0]LogConfig: Setting CVar [[r.Shadow.CSM.TransitionScale:1.0]]
[2020.02.01-16.28.01:535][  0]LogConfig: Setting CVar [[r.Shadow.PreShadowResolutionFactor:1.0]]
[2020.02.01-16.28.01:535][  0]LogConfig: Setting CVar [[r.DistanceFieldShadowing:1]]
[2020.02.01-16.28.01:535][  0]LogConfig: Setting CVar [[r.DistanceFieldAO:1]]
[2020.02.01-16.28.01:535][  0]LogConfig: Setting CVar [[r.AOQuality:2]]
[2020.02.01-16.28.01:536][  0]LogConfig: Setting CVar [[r.VolumetricFog:1]]
[2020.02.01-16.28.01:536][  0]LogConfig: Setting CVar [[r.VolumetricFog.GridPixelSize:8]]
[2020.02.01-16.28.01:536][  0]LogConfig: Setting CVar [[r.VolumetricFog.GridSizeZ:128]]
[2020.02.01-16.28.01:536][  0]LogConfig: Setting CVar [[r.VolumetricFog.HistoryMissSupersampleCount:4]]
[2020.02.01-16.28.01:536][  0]LogConfig: Setting CVar [[r.LightMaxDrawDistanceScale:1]]
[2020.02.01-16.28.01:536][  0]LogConfig: Setting CVar [[r.CapsuleShadows:1]]
[2020.02.01-16.28.01:536][  0]LogConfig: Applying CVar settings from Section [PostProcessQuality@3] File [D:/Program_files/Unreal Projects/Gedaria/Saved/Config/Windows/Scalability.ini]
[2020.02.01-16.28.01:536][  0]LogConfig: Setting CVar [[r.MotionBlurQuality:4]]
[2020.02.01-16.28.01:536][  0]LogConfig: Setting CVar [[r.AmbientOcclusionMipLevelFactor:0.4]]
[2020.02.01-16.28.01:536][  0]LogConfig: Setting CVar [[r.AmbientOcclusionMaxQuality:100]]
[2020.02.01-16.28.01:536][  0]LogConfig: Setting CVar [[r.AmbientOcclusionLevels:-1]]
[2020.02.01-16.28.01:536][  0]LogConfig: Setting CVar [[r.AmbientOcclusionRadiusScale:1.0]]
[2020.02.01-16.28.01:536][  0]LogConfig: Setting CVar [[r.DepthOfFieldQuality:2]]
[2020.02.01-16.28.01:536][  0]LogConfig: Setting CVar [[r.RenderTargetPoolMin:400]]
[2020.02.01-16.28.01:536][  0]LogConfig: Setting CVar [[r.LensFlareQuality:2]]
[2020.02.01-16.28.01:536][  0]LogConfig: Setting CVar [[r.SceneColorFringeQuality:1]]
[2020.02.01-16.28.01:536][  0]LogConfig: Setting CVar [[r.EyeAdaptationQuality:2]]
[2020.02.01-16.28.01:536][  0]LogConfig: Setting CVar [[r.BloomQuality:5]]
[2020.02.01-16.28.01:537][  0]LogConfig: Setting CVar [[r.FastBlurThreshold:100]]
[2020.02.01-16.28.01:537][  0]LogConfig: Setting CVar [[r.Upscale.Quality:3]]
[2020.02.01-16.28.01:537][  0]LogConfig: Setting CVar [[r.Tonemapper.GrainQuantization:1]]
[2020.02.01-16.28.01:537][  0]LogConfig: Setting CVar [[r.LightShaftQuality:1]]
[2020.02.01-16.28.01:537][  0]LogConfig: Setting CVar [[r.Filter.SizeScale:1]]
[2020.02.01-16.28.01:537][  0]LogConfig: Setting CVar [[r.Tonemapper.Quality:5]]
[2020.02.01-16.28.01:537][  0]LogConfig: Setting CVar [[r.DOF.Gather.AccumulatorQuality:1        ; higher gathering accumulator quality]]
[2020.02.01-16.28.01:537][  0]LogConfig: Setting CVar [[r.DOF.Gather.PostfilterMethod:1          ; Median3x3 postfilering method]]
[2020.02.01-16.28.01:537][  0]LogConfig: Setting CVar [[r.DOF.Gather.EnableBokehSettings:0       ; no bokeh simulation when gathering]]
[2020.02.01-16.28.01:537][  0]LogConfig: Setting CVar [[r.DOF.Gather.RingCount:4                 ; medium number of samples when gathering]]
[2020.02.01-16.28.01:537][  0]LogConfig: Setting CVar [[r.DOF.Scatter.ForegroundCompositing:1    ; additive foreground scattering]]
[2020.02.01-16.28.01:537][  0]LogConfig: Setting CVar [[r.DOF.Scatter.BackgroundCompositing:2    ; additive background scattering]]
[2020.02.01-16.28.01:537][  0]LogConfig: Setting CVar [[r.DOF.Scatter.EnableBokehSettings:1      ; bokeh simulation when scattering]]
[2020.02.01-16.28.01:537][  0]LogConfig: Setting CVar [[r.DOF.Scatter.MaxSpriteRatio:0.1         ; only a maximum of 10% of scattered bokeh]]
[2020.02.01-16.28.01:537][  0]LogConfig: Setting CVar [[r.DOF.Recombine.Quality:1                ; cheap slight out of focus]]
[2020.02.01-16.28.01:537][  0]LogConfig: Setting CVar [[r.DOF.Recombine.EnableBokehSettings:0    ; no bokeh simulation on slight out of focus]]
[2020.02.01-16.28.01:537][  0]LogConfig: Setting CVar [[r.DOF.TemporalAAQuality:1                ; more stable temporal accumulation]]
[2020.02.01-16.28.01:537][  0]LogConfig: Setting CVar [[r.DOF.Kernel.MaxForegroundRadius:0.025]]
[2020.02.01-16.28.01:537][  0]LogConfig: Setting CVar [[r.DOF.Kernel.MaxBackgroundRadius:0.025]]
[2020.02.01-16.28.01:538][  0]LogConfig: Applying CVar settings from Section [TextureQuality@3] File [D:/Program_files/Unreal Projects/Gedaria/Saved/Config/Windows/Scalability.ini]
[2020.02.01-16.28.01:538][  0]LogConfig: Setting CVar [[r.Streaming.MipBias:0]]
[2020.02.01-16.28.01:538][  0]LogConfig: Setting CVar [[r.Streaming.AmortizeCPUToGPUCopy:0]]
[2020.02.01-16.28.01:538][  0]LogConfig: Setting CVar [[r.Streaming.MaxNumTexturesToStreamPerFrame:0]]
[2020.02.01-16.28.01:538][  0]LogConfig: Setting CVar [[r.Streaming.Boost:1]]
[2020.02.01-16.28.01:538][  0]LogConfig: Setting CVar [[r.MaxAnisotropy:8]]
[2020.02.01-16.28.01:538][  0]LogConfig: Setting CVar [[r.Streaming.LimitPoolSizeToVRAM:0]]
[2020.02.01-16.28.01:538][  0]LogConfig: Setting CVar [[r.Streaming.PoolSize:1000]]
[2020.02.01-16.28.01:538][  0]LogConfig: Setting CVar [[r.Streaming.MaxEffectiveScreenSize:0]]
[2020.02.01-16.28.01:538][  0]LogConfig: Applying CVar settings from Section [EffectsQuality@3] File [D:/Program_files/Unreal Projects/Gedaria/Saved/Config/Windows/Scalability.ini]
[2020.02.01-16.28.01:538][  0]LogConfig: Setting CVar [[r.TranslucencyLightingVolumeDim:64]]
[2020.02.01-16.28.01:538][  0]LogConfig: Setting CVar [[r.RefractionQuality:2]]
[2020.02.01-16.28.01:538][  0]LogConfig: Setting CVar [[r.SSR.Quality:3]]
[2020.02.01-16.28.01:538][  0]LogConfig: Setting CVar [[r.SceneColorFormat:4]]
[2020.02.01-16.28.01:538][  0]LogConfig: Setting CVar [[r.DetailMode:2]]
[2020.02.01-16.28.01:538][  0]LogConfig: Setting CVar [[r.TranslucencyVolumeBlur:1]]
[2020.02.01-16.28.01:539][  0]LogConfig: Setting CVar [[r.MaterialQualityLevel:1 ; High quality]]
[2020.02.01-16.28.01:539][  0]LogConfig: Setting CVar [[r.SSS.Scale:1]]
[2020.02.01-16.28.01:539][  0]LogConfig: Setting CVar [[r.SSS.SampleSet:2]]
[2020.02.01-16.28.01:539][  0]LogConfig: Setting CVar [[r.SSS.Quality:1]]
[2020.02.01-16.28.01:539][  0]LogConfig: Setting CVar [[r.SSS.HalfRes:1]]
[2020.02.01-16.28.01:539][  0]LogConfig: Setting CVar [[r.EmitterSpawnRateScale:1.0]]
[2020.02.01-16.28.01:539][  0]LogConfig: Setting CVar [[r.ParticleLightQuality:2]]
[2020.02.01-16.28.01:539][  0]LogConfig: Applying CVar settings from Section [FoliageQuality@3] File [D:/Program_files/Unreal Projects/Gedaria/Saved/Config/Windows/Scalability.ini]
[2020.02.01-16.28.01:539][  0]LogConfig: Setting CVar [[foliage.DensityScale:1.0]]
[2020.02.01-16.28.01:539][  0]LogConfig: Setting CVar [[grass.DensityScale:1.0]]
[2020.02.01-16.28.01:539][  0]LogConfig: Applying CVar settings from Section [Startup] File [../../../Engine/Config/ConsoleVariables.ini]
[2020.02.01-16.28.01:541][  0]LogConfig: Setting CVar [[net.UseAdaptiveNetUpdateFrequency:0]]
[2020.02.01-16.28.01:541][  0]LogConfig: Applying CVar settings from Section [ConsoleVariables] File [D:/Program_files/Unreal Projects/Gedaria/Saved/Config/Windows/Engine.ini]
[2020.02.01-16.28.01:541][  0]LogInit: Computer: LAPTOP-CL2VGTEM
[2020.02.01-16.28.01:541][  0]LogInit: User: Viktor
[2020.02.01-16.28.01:541][  0]LogInit: CPU Page size=4096, Cores=4
[2020.02.01-16.28.01:541][  0]LogInit: High frequency timer resolution =2.249998 MHz
[2020.02.01-16.28.01:541][  0]LogMemory: Memory total: Physical=7.9GB (8GB approx)
[2020.02.01-16.28.01:541][  0]LogMemory: Platform Memory Stats for Windows
[2020.02.01-16.28.01:542][  0]LogMemory: Process Physical Memory: 104.15 MB used, 104.15 MB peak
[2020.02.01-16.28.01:542][  0]LogMemory: Process Virtual Memory: 101.91 MB used, 101.91 MB peak
[2020.02.01-16.28.01:542][  0]LogMemory: Physical Memory: 5771.44 MB used,  2269.15 MB free, 8040.59 MB total
[2020.02.01-16.28.01:542][  0]LogMemory: Virtual Memory: 4658.91 MB used,  134213072.00 MB free, 134217728.00 MB total
[2020.02.01-16.28.03:947][  0]LogInit: Using OS detected language (cs-CZ).
[2020.02.01-16.28.03:947][  0]LogInit: Using OS detected locale (cs-CZ).
[2020.02.01-16.28.03:950][  0]LogTextLocalizationManager: No localization for 'cs-CZ' exists, so 'en' will be used for the language.
[2020.02.01-16.28.05:092][  0]LogStreaming: Display: Took  1.146s to InitEngineTextLocalization.
[2020.02.01-16.28.05:093][  0]LogInit: Setting process to per monitor DPI aware
[2020.02.01-16.28.05:348][  0]LogSlate: New Slate User Created.  User Index 0, Is Virtual User: 0
[2020.02.01-16.28.05:348][  0]LogSlate: Slate User Registered.  User Index 0, Is Virtual User: 0
[2020.02.01-16.28.07:944][  0]LogHMD: Failed to initialize OpenVR with code 110
[2020.02.01-16.28.07:944][  0]LogD3D11RHI: D3D11 adapters:
[2020.02.01-16.28.08:155][  0]LogD3D11RHI:    0. 'NVIDIA GeForce GTX 1050' (Feature Level 11_0)
[2020.02.01-16.28.08:155][  0]LogD3D11RHI:       4019/0/4020 MB DedicatedVideo/DedicatedSystem/SharedSystem, Outputs:1, VendorId:0x10de
[2020.02.01-16.28.08:179][  0]LogD3D11RHI:    1. 'Intel(R) UHD Graphics 630' (Feature Level 11_0)
[2020.02.01-16.28.08:179][  0]LogD3D11RHI:       128/0/4020 MB DedicatedVideo/DedicatedSystem/SharedSystem, Outputs:0, VendorId:0x8086
[2020.02.01-16.28.08:188][  0]LogD3D11RHI:    2. 'Microsoft Basic Render Driver' (Feature Level 11_0)
[2020.02.01-16.28.08:188][  0]LogD3D11RHI:       0/0/4020 MB DedicatedVideo/DedicatedSystem/SharedSystem, Outputs:0, VendorId:0x1414
[2020.02.01-16.28.08:188][  0]LogD3D11RHI: Chosen D3D11 Adapter: 0
[2020.02.01-16.28.08:221][  0]LogD3D11RHI: Creating new Direct3DDevice
[2020.02.01-16.28.08:221][  0]LogD3D11RHI:     GPU DeviceId: 0x1c8d (for the marketing name, search the web for "GPU Device Id")
[2020.02.01-16.28.08:221][  0]LogWindows: EnumDisplayDevices:
[2020.02.01-16.28.08:222][  0]LogWindows:    0. 'Intel(R) UHD Graphics 630' (P:1 D:1)
[2020.02.01-16.28.08:222][  0]LogWindows:    1. 'Intel(R) UHD Graphics 630' (P:0 D:0)
[2020.02.01-16.28.08:222][  0]LogWindows:    2. 'Intel(R) UHD Graphics 630' (P:0 D:0)
[2020.02.01-16.28.08:223][  0]LogWindows:    3. 'NVIDIA GeForce GTX 1050' (P:0 D:0)
[2020.02.01-16.28.08:223][  0]LogWindows: DebugString: PrimaryIsNotTheChoosenAdapter PrimaryIsNotTheChoosenAdapter PrimaryIsNotTheChoosenAdapter 
[2020.02.01-16.28.08:223][  0]LogD3D11RHI:     Adapter Name: NVIDIA GeForce GTX 1050
[2020.02.01-16.28.08:223][  0]LogD3D11RHI:   Driver Version: 441.20 (internal:26.21.14.4120, unified:441.20)
[2020.02.01-16.28.08:223][  0]LogD3D11RHI:      Driver Date: 11-6-2019
[2020.02.01-16.28.08:223][  0]LogRHI: Texture pool is 2813 MB (70% of 4019 MB)
[2020.02.01-16.28.08:278][  0]LogD3D11RHI: Async texture creation enabled
[2020.02.01-16.28.08:301][  0]LogD3D11RHI: GPU Timing Frequency: 1000.000000 (Debug: 2 1)
[2020.02.01-16.28.08:860][  0]LogTemp: Display: Loaded TP AllDesktopTargetPlatform
[2020.02.01-16.28.08:945][  0]LogTemp: Display: Loaded TP MacClientTargetPlatform
[2020.02.01-16.28.08:996][  0]LogTemp: Display: Loaded TP MacNoEditorTargetPlatform
[2020.02.01-16.28.09:088][  0]LogTemp: Display: Loaded TP MacServerTargetPlatform
[2020.02.01-16.28.09:208][  0]LogTemp: Display: Loaded TP MacTargetPlatform
[2020.02.01-16.28.09:266][  0]LogTemp: Display: Loaded TP WindowsClientTargetPlatform
[2020.02.01-16.28.09:383][  0]LogTemp: Display: Loaded TP WindowsNoEditorTargetPlatform
[2020.02.01-16.28.09:443][  0]LogTemp: Display: Loaded TP WindowsServerTargetPlatform
[2020.02.01-16.28.09:536][  0]LogTemp: Display: Loaded TP WindowsTargetPlatform
[2020.02.01-16.28.09:762][  0]LogTemp: Display: Loaded TP AndroidTargetPlatform
[2020.02.01-16.28.09:763][  0]LogTemp: Display: Loaded TP AndroidTargetPlatform
[2020.02.01-16.28.09:764][  0]LogTemp: Display: Loaded TP AndroidTargetPlatform
[2020.02.01-16.28.09:764][  0]LogTemp: Display: Loaded TP AndroidTargetPlatform
[2020.02.01-16.28.09:764][  0]LogTemp: Display: Loaded TP AndroidTargetPlatform
[2020.02.01-16.28.09:764][  0]LogTemp: Display: Loaded TP AndroidTargetPlatform
[2020.02.01-16.28.09:766][  0]LogTemp: Display: Loaded TP AndroidTargetPlatform
[2020.02.01-16.28.09:767][  0]LogTemp: Display: Loaded TP AndroidTargetPlatform
[2020.02.01-16.28.09:768][  0]LogTemp: Display: Loaded TP AndroidTargetPlatform
[2020.02.01-16.28.09:768][  0]LogTemp: Display: Loaded TP AndroidTargetPlatform
[2020.02.01-16.28.09:768][  0]LogTemp: Display: Loaded TP AndroidTargetPlatform
[2020.02.01-16.28.09:768][  0]LogTemp: Display: Loaded TP AndroidTargetPlatform
[2020.02.01-16.28.09:768][  0]LogTemp: Display: Loaded TP AndroidTargetPlatform
[2020.02.01-16.28.09:768][  0]LogTemp: Display: Loaded TP AndroidTargetPlatform
[2020.02.01-16.28.09:768][  0]LogTemp: Display: Loaded TP AndroidTargetPlatform
[2020.02.01-16.28.09:768][  0]LogTemp: Display: Loaded TP AndroidTargetPlatform
[2020.02.01-16.28.09:768][  0]LogTemp: Display: Loaded TP AndroidTargetPlatform
[2020.02.01-16.28.09:768][  0]LogTemp: Display: Loaded TP AndroidTargetPlatform
[2020.02.01-16.28.09:829][  0]LogTemp: Display: Loaded TP HTML5TargetPlatform
[2020.02.01-16.28.10:187][  0]LogTemp: Display: Loaded TP IOSTargetPlatform
[2020.02.01-16.28.10:187][  0]LogTemp: Display: Loaded TP IOSTargetPlatform
[2020.02.01-16.28.10:234][  0]LogTemp: Display: Loaded TP TVOSTargetPlatform
[2020.02.01-16.28.10:234][  0]LogTemp: Display: Loaded TP TVOSTargetPlatform
[2020.02.01-16.28.10:270][  0]LogTemp: Display: Loaded TP LinuxClientTargetPlatform
[2020.02.01-16.28.10:331][  0]LogTemp: Display: Loaded TP LinuxNoEditorTargetPlatform
[2020.02.01-16.28.10:403][  0]LogTemp: Display: Loaded TP LinuxServerTargetPlatform
[2020.02.01-16.28.10:481][  0]LogTemp: Display: Loaded TP LinuxTargetPlatform
[2020.02.01-16.28.10:604][  0]LogTemp: Display: Loaded TP LuminTargetPlatform
[2020.02.01-16.28.10:604][  0]LogTemp: Display: Loaded TP LuminTargetPlatform
[2020.02.01-16.28.10:604][  0]LogTargetPlatformManager: Display: Building Assets For Windows
[2020.02.01-16.28.12:380][  0]LogShaderCompilers: Guid format shader working directory is -9 characters bigger than the processId version (../../../../../../Program_files/Unreal Projects/Gedaria/Intermediate/Shaders/WorkingDirectory/21352/).
[2020.02.01-16.28.12:380][  0]LogShaderCompilers: Cleaned the shader compiler working directory 'C:/Users/Viktor/AppData/Local/Temp/UnrealShaderWorkingDir/46CDE65C45A95B79BCAA98AF495B3BF1/'.
[2020.02.01-16.28.12:412][  0]LogXGEController: Cleaning working directory: C:/Users/Viktor/AppData/Local/Temp/UnrealXGEWorkingDir/
[2020.02.01-16.28.12:413][  0]LogXGEController: Cannot use XGE Controller as Incredibuild is not installed on this machine.
[2020.02.01-16.28.12:413][  0]LogShaderCompilers: Cannot use XGE Shader Compiler as Incredibuild is not installed on this machine.
[2020.02.01-16.28.12:413][  0]LogShaderCompilers: Display: Using Local Shader Compiler.
[2020.02.01-16.28.14:434][  0]LogDerivedDataCache: Display: Max Cache Size: 512 MB
[2020.02.01-16.28.14:779][  0]LogDerivedDataCache: Loaded boot cache 0.34s 71MB C:/Users/Viktor/AppData/Local/UnrealEngine/4.21/DerivedDataCache/Boot.ddc.
[2020.02.01-16.28.14:779][  0]LogDerivedDataCache: Display: Loaded Boot cache: C:/Users/Viktor/AppData/Local/UnrealEngine/4.21/DerivedDataCache/Boot.ddc
[2020.02.01-16.28.14:793][  0]LogDerivedDataCache: FDerivedDataBackendGraph:  Pak pak cache file ../../../../../../Program_files/Unreal Projects/Gedaria/DerivedDataCache/DDC.ddp not found, will not use a pak cache.
[2020.02.01-16.28.14:793][  0]LogDerivedDataCache: Unable to find inner node Pak for hierarchical cache Hierarchy.
[2020.02.01-16.28.14:837][  0]LogDerivedDataCache: FDerivedDataBackendGraph:  CompressedPak pak cache file ../../../../../../Program_files/Unreal Projects/Gedaria/DerivedDataCache/Compressed.ddp not found, will not use a pak cache.
[2020.02.01-16.28.14:837][  0]LogDerivedDataCache: Unable to find inner node CompressedPak for hierarchical cache Hierarchy.
[2020.02.01-16.28.14:981][  0]LogDerivedDataCache: Display: Pak cache opened for reading ../../../Engine/DerivedDataCache/Compressed.ddp.
[2020.02.01-16.28.14:981][  0]LogDerivedDataCache: FDerivedDataBackendGraph:  EnterprisePak pak cache file ../../../Enterprise/DerivedDataCache/Compressed.ddp not found, will not use a pak cache.
[2020.02.01-16.28.14:981][  0]LogDerivedDataCache: Unable to find inner node EnterprisePak for hierarchical cache Hierarchy.
[2020.02.01-16.28.14:995][  0]LogDerivedDataCache: Using Local data cache path C:/Users/Viktor/AppData/Local/UnrealEngine/Common/DerivedDataCache: Writable
[2020.02.01-16.28.14:996][  0]LogDerivedDataCache: Shared data cache path not found in *engine.ini, will not use an Shared cache.
[2020.02.01-16.28.14:996][  0]LogDerivedDataCache: Unable to find inner node Shared for hierarchical cache Hierarchy.
[2020.02.01-16.28.15:034][  0]LogMaterial: Verifying Global Shaders for PCD3D_SM5
[2020.02.01-16.28.15:036][  0]LogSlate: Using FreeType 2.6.0
[2020.02.01-16.28.15:271][  0]LogSlate: SlateFontServices - WITH_FREETYPE: 1, WITH_HARFBUZZ: 1
[2020.02.01-16.28.20:274][  0]LogAssetRegistry: FAssetRegistry took 0.0341 seconds to start up
[2020.02.01-16.28.27:012][  0]LogInit: Selected Device Profile: [Windows]
[2020.02.01-16.28.29:463][  0]LogSimplygon: Simplygon DLL not present - disabling.
[2020.02.01-16.28.30:093][  0]LogMeshReduction: Using SimplygonSwarm for distributed automatic mesh merging
[2020.02.01-16.28.30:095][  0]LogMeshReduction: Using ProxyLODMeshReduction for automatic mesh merging
[2020.02.01-16.28.30:097][  0]LogMeshReduction: Using QuadricMeshReduction for automatic static mesh reduction
[2020.02.01-16.28.30:097][  0]LogMeshReduction: No automatic skeletal mesh reduction module available
[2020.02.01-16.28.30:329][  0]LogNetVersion: Gedaria 1.0.0, NetCL: 4541578, EngineNetVer: 5, GameNetVer: 0 (Checksum: 1762311512)
[2020.02.01-16.28.34:667][  0]LogPackageLocalizationCache: Processed 11 localized package path(s) for 1 prioritized culture(s) in 0.043793 seconds
[2020.02.01-16.28.34:674][  0]LogUObjectArray: 39775 objects as part of root set at end of initial load.
[2020.02.01-16.28.34:674][  0]LogUObjectAllocator: 6914656 out of 0 bytes used by permanent object pool.
[2020.02.01-16.28.34:675][  0]LogUObjectArray: CloseDisregardForGC: 0/0 objects in disregard for GC pool
[2020.02.01-16.29.04:114][  0]LogTcpMessaging: Initializing TcpMessaging bridge
[2020.02.01-16.29.04:252][  0]LogUdpMessaging: Initializing bridge on interface 0.0.0.0:0 to multicast group 230.0.0.1:6666.
[2020.02.01-16.29.13:872][  0]SourceControl: Source control is disabled
[2020.02.01-16.29.13:928][  0]SourceControl: Source control is disabled
[2020.02.01-16.29.14:776][  0]SourceControl: Source control is disabled
[2020.02.01-16.29.14:975][  0]SourceControl: Source control is disabled
[2020.02.01-16.29.24:838][  0]LogAndroidPermission: UAndroidPermissionCallbackProxy::GetInstance
[2020.02.01-16.29.25:221][  0]LogOcInput: OculusInput pre-init called
[2020.02.01-16.29.26:145][  0]LogEngine: Initializing Engine...
[2020.02.01-16.29.26:146][  0]LogHMD: Failed to initialize OpenVR with code 110
[2020.02.01-16.29.26:148][  0]LogStats: UGameplayTagsManager::ConstructGameplayTagTree: ImportINI prefixes -  0.000 s
[2020.02.01-16.29.26:148][  0]LogStats: UGameplayTagsManager::ConstructGameplayTagTree: Construct from data asset -  0.000 s
[2020.02.01-16.29.26:148][  0]LogStats: UGameplayTagsManager::ConstructGameplayTagTree: ImportINI -  0.000 s
[2020.02.01-16.29.26:148][  0]LogStats: UGameplayTagsManager::ConstructGameplayTagTree: GameplayTagTreeChangedEvent.Broadcast -  0.000 s
[2020.02.01-16.29.27:338][  0]LogInit: Initializing FReadOnlyCVARCache
[2020.02.01-16.29.27:818][  0]LogAIModule: Creating AISystem for world Untitled
[2020.02.01-16.29.28:102][  0]LogInit: XAudio2 using 'Reproduktor/HP (Realtek High Definition Audio)' : 2 channels at 48 kHz using 32 bits per sample (channel mask 0x3)
[2020.02.01-16.29.28:212][  0]LogInit: FAudioDevice initialized.
[2020.02.01-16.29.28:213][  0]LogNetVersion: Set ProjectVersion to 1.0.0.0. Version Checksum will be recalculated on next use.
[2020.02.01-16.29.28:353][  0]LogDerivedDataCache: Saved boot cache 0.14s 71MB C:/Users/Viktor/AppData/Local/UnrealEngine/4.21/DerivedDataCache/Boot.ddc.
[2020.02.01-16.29.28:356][  0]LogInit: Texture streaming: Enabled
[2020.02.01-16.29.28:836][  0]LogEngineSessionManager: EngineSessionManager initialized
[2020.02.01-16.29.28:861][  0]LogEngineSessionManager: EngineSessionManager sent abnormal shutdown report. Type=Debugger, SessionId={0D73A8F0-44AF-4C72-1751-85963E9A6C61}
[2020.02.01-16.29.29:170][  0]LogInit: Transaction tracking system initialized
[2020.02.01-16.29.30:006][  0]BlueprintLog: New page: Editor Load
[2020.02.01-16.29.33:082][  0]LocalizationService: Localization service is disabled
[2020.02.01-16.29.38:517][  0]LogCook: Display: Max memory allowance for cook 16384mb min free memory 0mb
[2020.02.01-16.29.38:518][  0]LogCook: Display: Mobile HDR setting 1
[2020.02.01-16.29.38:518][  0]LogGameplayTags: Display: UGameplayTagsManager::DoneAddingNativeTags. DelegateIsBound: 0
[2020.02.01-16.29.38:518][  0]LogStats: UGameplayTagsManager::ConstructGameplayTagTree: ImportINI prefixes -  0.000 s
[2020.02.01-16.29.38:518][  0]LogStats: UGameplayTagsManager::ConstructGameplayTagTree: Construct from data asset -  0.000 s
[2020.02.01-16.29.38:518][  0]LogStats: UGameplayTagsManager::ConstructGameplayTagTree: ImportINI -  0.000 s
[2020.02.01-16.29.38:518][  0]LogStats: UGameplayTagsManager::ConstructGameplayTagTree: GameplayTagTreeChangedEvent.Broadcast -  0.000 s
[2020.02.01-16.29.39:331][  0]LogFileCache: Scanning file cache for directory 'D:/Program_files/Unreal Projects/Gedaria/Content/' took 0.04s
[2020.02.01-16.29.43:085][  0]SourceControl: Source control is disabled
[2020.02.01-16.29.43:086][  0]Cmd: MAP LOAD FILE="../../../../../../Program_files/Unreal Projects/Gedaria/Content/level/Level1/NewWorld.umap" TEMPLATE=0 SHOWPROGRESS=1 FEATURELEVEL=3
[2020.02.01-16.29.43:148][  0]LightingResults: New page: Lighting Build
[2020.02.01-16.29.43:206][  0]MapCheck: New page: Map Check
[2020.02.01-16.29.43:207][  0]LightingResults: New page: Lighting Build
[2020.02.01-16.30.35:411][  0]LogAIModule: Creating AISystem for world NewWorld
[2020.02.01-16.30.46:219][  0]LogEditorServer: Finished looking for orphan Actors (0.003 secs)
[2020.02.01-16.30.51:791][  0]Cmd: MAP CHECKDEP NOCLEARLOG
[2020.02.01-16.30.51:941][  0]MapCheck: Map check complete: 0 Error(s), 0 Warning(s), took 24,727ms to complete.
[2020.02.01-16.30.52:068][  0]LogFileHelpers: Loading map 'NewWorld' took 68.982
[2020.02.01-16.31.07:583][  0]LogSlate: Updating window title bar state: overlay mode, drag disabled, window buttons hidden, title bar hidden
[2020.02.01-16.31.09:544][  0]LogCollectionManager: Loaded 0 collections in 0.000944 seconds
[2020.02.01-16.31.14:126][  0]LogFileCache: Scanning file cache for directory 'D:/Program_files/Unreal Projects/Gedaria/Saved/Collections/' took 0.04s
[2020.02.01-16.31.14:138][  0]LogFileCache: Scanning file cache for directory 'D:/Program_files/Unreal Projects/Gedaria/Content/Developers/Viktor/Collections/' took 0.01s
[2020.02.01-16.31.14:138][  0]LogFileCache: Scanning file cache for directory 'D:/Program_files/Unreal Projects/Gedaria/Content/Collections/' took 0.01s
[2020.02.01-16.31.14:138][  0]LogCollectionManager: Rebuilt the GUID cache for 0 collections in 0.000000 seconds
[2020.02.01-16.31.14:378][  0]LogContentBrowser: Native class hierarchy populated in 0.2393 seconds. Added 2655 classes and 622 folders.
[2020.02.01-16.31.16:133][  0]LogContentBrowser: Native class hierarchy updated for 'WidgetCarousel' in 0.0005 seconds. Added 0 classes and 0 folders.
[2020.02.01-16.31.17:122][  0]LogPakFile: Registered encryption key '00000000000000000000000000000000': 0 pak files mounted, 0 remain pending
[2020.02.01-16.31.17:600][  0]LogPakFile: Registered encryption key '00000000000000000000000000000000': 0 pak files mounted, 0 remain pending
[2020.02.01-16.31.17:624][  0]LogPakFile: Registered encryption key '00000000000000000000000000000000': 0 pak files mounted, 0 remain pending
[2020.02.01-16.31.17:689][  0]LogPakFile: Registered encryption key '00000000000000000000000000000000': 0 pak files mounted, 0 remain pending
[2020.02.01-16.31.17:715][  0]LogPakFile: Registered encryption key '00000000000000000000000000000000': 0 pak files mounted, 0 remain pending
[2020.02.01-16.31.17:725][  0]LogPakFile: Registered encryption key '00000000000000000000000000000000': 0 pak files mounted, 0 remain pending
[2020.02.01-16.31.17:729][  0]LogPakFile: Registered encryption key '00000000000000000000000000000000': 0 pak files mounted, 0 remain pending
[2020.02.01-16.31.17:905][  0]LogPakFile: Registered encryption key '00000000000000000000000000000000': 0 pak files mounted, 0 remain pending
[2020.02.01-16.31.17:932][  0]LogPakFile: Registered encryption key '00000000000000000000000000000000': 0 pak files mounted, 0 remain pending
[2020.02.01-16.31.17:998][  0]LogPakFile: Registered encryption key '00000000000000000000000000000000': 0 pak files mounted, 0 remain pending
[2020.02.01-16.31.18:143][  0]LogPakFile: Registered encryption key '00000000000000000000000000000000': 0 pak files mounted, 0 remain pending
[2020.02.01-16.31.18:232][  0]LogPakFile: Registered encryption key '00000000000000000000000000000000': 0 pak files mounted, 0 remain pending
[2020.02.01-16.31.18:271][  0]LogPakFile: Registered encryption key '00000000000000000000000000000000': 0 pak files mounted, 0 remain pending
[2020.02.01-16.31.18:350][  0]LogPakFile: Registered encryption key '00000000000000000000000000000000': 0 pak files mounted, 0 remain pending
[2020.02.01-16.31.18:381][  0]LogPakFile: Registered encryption key '00000000000000000000000000000000': 0 pak files mounted, 0 remain pending
[2020.02.01-16.31.18:428][  0]LogPakFile: Registered encryption key '00000000000000000000000000000000': 0 pak files mounted, 0 remain pending
[2020.02.01-16.31.18:438][  0]LogPakFile: Registered encryption key '00000000000000000000000000000000': 0 pak files mounted, 0 remain pending
[2020.02.01-16.31.18:440][  0]LogPakFile: Registered encryption key '00000000000000000000000000000000': 0 pak files mounted, 0 remain pending
[2020.02.01-16.31.18:442][  0]LogPakFile: Registered encryption key '00000000000000000000000000000000': 0 pak files mounted, 0 remain pending
[2020.02.01-16.31.18:443][  0]LogPakFile: Registered encryption key '00000000000000000000000000000000': 0 pak files mounted, 0 remain pending
[2020.02.01-16.31.18:445][  0]LogPakFile: Registered encryption key '00000000000000000000000000000000': 0 pak files mounted, 0 remain pending
[2020.02.01-16.31.18:447][  0]LogPakFile: Registered encryption key '00000000000000000000000000000000': 0 pak files mounted, 0 remain pending
[2020.02.01-16.31.18:503][  0]LogPakFile: Registered encryption key '00000000000000000000000000000000': 0 pak files mounted, 0 remain pending
[2020.02.01-16.31.18:608][  0]LogPakFile: Registered encryption key '00000000000000000000000000000000': 0 pak files mounted, 0 remain pending
[2020.02.01-16.31.18:674][  0]LogPakFile: Registered encryption key '00000000000000000000000000000000': 0 pak files mounted, 0 remain pending
[2020.02.01-16.31.18:696][  0]LogPakFile: Registered encryption key '00000000000000000000000000000000': 0 pak files mounted, 0 remain pending
[2020.02.01-16.31.21:336][  0]LogContentBrowser: Native class hierarchy updated for 'AddContentDialog' in 0.0006 seconds. Added 0 classes and 0 folders.
[2020.02.01-16.31.23:851][  0]LogContentBrowser: Native class hierarchy updated for 'SceneOutliner' in 0.0016 seconds. Added 1 classes and 2 folders.
[2020.02.01-16.31.35:279][  0]LogSlate: Took 0.115245 seconds to synchronously load lazily loaded font '../../../Engine/Content/Slate/Fonts/Roboto-Regular.ttf' (155K)
[2020.02.01-16.31.36:383][  0]LogSlate: Took 0.044605 seconds to synchronously load lazily loaded font '../../../Engine/Content/Slate/Fonts/Roboto-Bold.ttf' (160K)
[2020.02.01-16.31.38:098][  0]LogSlate: Took 0.095078 seconds to synchronously load lazily loaded font '../../../Engine/Content/Editor/Slate/Fonts/FontAwesome.ttf' (139K)
[2020.02.01-16.31.42:066][  0]LogRenderer: Reallocating scene render targets to support 1120x648 Format 10 NumSamples 1 (Frame:1).
[2020.02.01-16.31.55:189][  0]LogContentBrowser: Native class hierarchy updated for 'HierarchicalLODOutliner' in 0.0005 seconds. Added 0 classes and 0 folders.
[2020.02.01-16.31.55:246][  0]LogLoad: (Engine Initialization) Total time: 241.01 seconds
[2020.02.01-16.31.55:246][  0]LogLoad: (Engine Initialization) Total Blueprint compile time: 0.00 seconds
[2020.02.01-16.31.57:388][  0]LogEditorViewport: Clicking Background
[2020.02.01-16.31.58:102][  0]LogSlate: FSceneViewport::OnFocusLost() reason 0
[2020.02.01-16.31.58:166][  0]LogWindowsTextInputMethodSystem: Display: IME system now deactivated.
[2020.02.01-16.32.00:450][  0]LogContentStreaming: Texture pool size now 1000 MB
[2020.02.01-16.32.02:546][  1]LogSlate: Took 0.041943 seconds to synchronously load lazily loaded font '../../../Engine/Content/Slate/Fonts/Roboto-Light.ttf' (167K)
[2020.02.01-16.32.04:296][  9]LogAssetRegistry: Asset discovery search completed in 224.0470 seconds
[2020.02.01-16.32.04:346][  9]LogCollectionManager: Rebuilt the object cache for 0 collections in 0.000000 seconds (found 0 objects)
[2020.02.01-16.32.04:346][  9]LogCollectionManager: Fixed up redirectors for 0 collections in 0.007936 seconds (updated 0 objects)
[2020.02.01-16.33.16:482][729]LogSlate: Took 0.050028 seconds to synchronously load lazily loaded font '../../../Engine/Content/Slate/Fonts/DroidSansMono.ttf' (77K)
[2020.02.01-16.33.21:512][981]LogEditorViewport: Clicking on Actor (LMB): PlayerStart (PlayerStart)
[2020.02.01-16.33.24:859][ 89]LogNavigationPoint: PostEditMove Clear paths rebuilt
[2020.02.01-16.33.26:170][154]LogNavigationPoint: PostEditMove Clear paths rebuilt
[2020.02.01-16.33.27:101][207]LogSlate: FSceneViewport::OnFocusLost() reason 0
[2020.02.01-16.33.27:278][214]LogTemp: Repeating last play command: Selected Viewport
[2020.02.01-16.33.27:481][214]LogBlueprintUserMessages: Early PlayInEditor Detection: Level '/Game/level/Level1/NewWorld.NewWorld:PersistentLevel' has LevelScriptBlueprint '/Game/level/Level1/NewWorld.NewWorld:PersistentLevel.NewWorld' with GeneratedClass '/Game/level/Level1/NewWorld.NewWorld_C' with ClassGeneratedBy '/Game/level/Level1/NewWorld.NewWorld:PersistentLevel.NewWorld'
[2020.02.01-16.33.27:629][214]LogPlayLevel: PlayLevel: No blueprints needed recompiling
[2020.02.01-16.33.28:478][214]PIE: New page: PIE session: NewWorld (1. 2. 2020 18:33:27)
[2020.02.01-16.33.29:345][214]LogPlayLevel: Creating play world package: /Game/level/Level1/UEDPIE_0_NewWorld
[2020.02.01-16.33.30:488][214]LogPlayLevel: PIE: StaticDuplicateObject took: (1.142000s)
[2020.02.01-16.33.30:539][214]LogAIModule: Creating AISystem for world NewWorld
[2020.02.01-16.33.30:740][214]LogPlayLevel: PIE: World Init took: (0.251846s)
[2020.02.01-16.33.30:741][214]LogPlayLevel: PIE: Created PIE world by copying editor world from /Game/level/Level1/NewWorld.NewWorld to /Game/level/Level1/UEDPIE_0_NewWorld.NewWorld (1.396433s)
[2020.02.01-16.33.31:266][214]LogInit: XAudio2 using 'Reproduktor/HP (Realtek High Definition Audio)' : 2 channels at 48 kHz using 32 bits per sample (channel mask 0x3)
[2020.02.01-16.33.31:294][214]LogInit: FAudioDevice initialized.
[2020.02.01-16.33.31:776][214]LogLoad: Game class is '2DSideScrollerGameMode_C'
[2020.02.01-16.33.32:422][214]LogWorld: Bringing World /Game/level/Level1/UEDPIE_0_NewWorld.NewWorld up for play (max tick rate 60) at 2020.02.01-17.33.32
[2020.02.01-16.33.32:887][214]LogLinker: Warning: Can't find file '/Game/NewLevelSequence'
[2020.02.01-16.33.32:887][214]LogLinker: Warning: Can't find file '/Game/NewLevelSequence'
[2020.02.01-16.33.32:904][214]LogUObjectGlobals: Warning: Failed to find object 'Object /Game/NewLevelSequence.NewLevelSequence'
[2020.02.01-16.33.34:716][214]LogWorld: Bringing up level for play took: 2.348283
[2020.02.01-16.33.35:336][214]LogContentBrowser: Native class hierarchy updated for 'MovieSceneCapture' in 0.0006 seconds. Added 20 classes and 0 folders.
[2020.02.01-16.33.35:526][214]PIE: Play in editor start time for /Game/level/Level1/UEDPIE_0_NewWorld 7,347
[2020.02.01-16.33.35:526][214]LogBlueprintUserMessages: Late PlayInEditor Detection: Level '/Game/level/Level1/NewWorld.NewWorld:PersistentLevel' has LevelScriptBlueprint '/Game/level/Level1/NewWorld.NewWorld:PersistentLevel.NewWorld' with GeneratedClass '/Game/level/Level1/NewWorld.NewWorld_C' with ClassGeneratedBy '/Game/level/Level1/NewWorld.NewWorld:PersistentLevel.NewWorld'
[2020.02.01-16.33.46:046][792]LogBlueprintUserMessages: Early EndPlayMap Detection: Level '/Game/level/Level1/NewWorld.NewWorld:PersistentLevel' has LevelScriptBlueprint '/Game/level/Level1/NewWorld.NewWorld:PersistentLevel.NewWorld' with GeneratedClass '/Game/level/Level1/NewWorld.NewWorld_C' with ClassGeneratedBy '/Game/level/Level1/NewWorld.NewWorld:PersistentLevel.NewWorld'
[2020.02.01-16.33.46:108][792]LogSlate: Updating window title bar state: overlay mode, drag disabled, window buttons hidden, title bar hidden
[2020.02.01-16.33.46:685][792]LogPlayLevel: Display: Shutting down PIE online subsystems
[2020.02.01-16.33.46:709][792]LogBlueprintUserMessages: Late EndPlayMap Detection: Level '/Game/level/Level1/NewWorld.NewWorld:PersistentLevel' has LevelScriptBlueprint '/Game/level/Level1/NewWorld.NewWorld:PersistentLevel.NewWorld' with GeneratedClass '/Game/level/Level1/NewWorld.NewWorld_C' with ClassGeneratedBy '/Game/level/Level1/NewWorld.NewWorld:PersistentLevel.NewWorld'
[2020.02.01-16.33.47:027][792]LogSlate: Updating window title bar state: overlay mode, drag disabled, window buttons hidden, title bar hidden
[2020.02.01-16.33.47:863][793]LogPlayLevel: Display: Destroying online subsystem :Context_1
[2020.02.01-16.33.49:678][889]LogSlate: FSceneViewport::OnFocusLost() reason 2
[2020.02.01-16.33.51:545][995]LogSlate: FSceneViewport::OnFocusLost() reason 2
[2020.02.01-16.34.01:473][995]LogTemp: Executing iPhonePackager certificates Engine -bundlename com.YourCompany.Gedaria
[2020.02.01-16.34.01:474][995]LogSlate: Only BGRA pngs, bmps or icos are supported in by External Image Picker
[2020.02.01-16.34.13:338][514]LogSlate: Window 'Project Settings' being destroyed
[2020.02.01-16.34.13:346][514]LogSlate: Window 'Project Settings' being destroyed
