Log file open, 02/01/20 14:42:45
LogWindows: Failed to load 'aqProf.dll' (GetLastError=126)
LogWindows: File 'aqProf.dll' does not exist
LogWindows: Failed to load 'VtuneApi.dll' (GetLastError=126)
LogWindows: File 'VtuneApi.dll' does not exist
LogWindows: Failed to load 'VtuneApi32e.dll' (GetLastError=126)
LogWindows: File 'VtuneApi32e.dll' does not exist
LogConsoleResponse: Display: Failed to find resolution value strings in scalability ini. Falling back to default.
LogInit: Display: Running engine for game: Gedaria
LogPakFile: Registered encryption key '00000000000000000000000000000000': 0 pak files mounted, 0 remain pending
LogPlatformFile: Not using cached read wrapper
LogTaskGraph: Started task graph with 5 named threads and 23 total threads with 3 sets of task threads.
LogStats: Stats thread started at 1.341972
LogD3D11RHI: Loaded GFSDK_Aftermath_Lib.x64.dll
LogICUInternationalization: ICU TimeZone Detection - Raw Offset: +1:00, Platform Override: ''
LogPluginManager: Mounting plugin Paper2D
LogPluginManager: Mounting plugin AISupport
LogPluginManager: Mounting plugin LightPropagationVolume
LogPluginManager: Mounting plugin ActorLayerUtilities
LogPluginManager: Mounting plugin CLionSourceCodeAccess
LogPluginManager: Mounting plugin CodeLiteSourceCodeAccess
LogPluginManager: Mounting plugin GitSourceControl
LogPluginManager: Mounting plugin KDevelopSourceCodeAccess
LogPluginManager: Mounting plugin NullSourceCodeAccess
LogPluginManager: Mounting plugin PerforceSourceControl
LogPluginManager: Mounting plugin SubversionSourceControl
LogPluginManager: Mounting plugin UObjectPlugin
LogPluginManager: Mounting plugin VisualStudioCodeSourceCodeAccess
LogPluginManager: Mounting plugin VisualStudioSourceCodeAccess
LogPluginManager: Mounting plugin XCodeSourceCodeAccess
LogPluginManager: Mounting plugin AssetManagerEditor
LogPluginManager: Mounting plugin CryptoKeys
LogPluginManager: Mounting plugin DataValidation
LogPluginManager: Mounting plugin FacialAnimation
LogPluginManager: Mounting plugin GameplayTagsEditor
LogPluginManager: Mounting plugin MacGraphicsSwitching
LogPluginManager: Mounting plugin MeshEditor
LogPluginManager: Mounting plugin MobileLauncherProfileWizard
LogPluginManager: Mounting plugin PluginBrowser
LogPluginManager: Mounting plugin SpeedTreeImporter
LogPluginManager: Mounting plugin DatasmithContent
LogPluginManager: Mounting plugin VariantManagerContent
LogPluginManager: Mounting plugin AlembicImporter
LogPluginManager: Mounting plugin AppleImageUtils
LogPluginManager: Mounting plugin AppleVision
LogPluginManager: Mounting plugin BackChannel
LogPluginManager: Mounting plugin CharacterAI
LogPluginManager: Mounting plugin GeometryCache
LogPluginManager: Mounting plugin HTML5Networking
LogPluginManager: Mounting plugin ProxyLODPlugin
LogPluginManager: Mounting plugin MagicLeap
LogPluginManager: Mounting plugin MagicLeapMedia
LogPluginManager: Mounting plugin AndroidMedia
LogPluginManager: Mounting plugin AvfMedia
LogPluginManager: Mounting plugin ImgMedia
LogPluginManager: Mounting plugin LinearTimecode
LogPluginManager: Mounting plugin MediaCompositing
LogPluginManager: Mounting plugin MediaPlayerEditor
LogPluginManager: Mounting plugin WebMMedia
LogPluginManager: Mounting plugin WmfMedia
LogPluginManager: Mounting plugin TcpMessaging
LogPluginManager: Mounting plugin UdpMessaging
LogPluginManager: Mounting plugin ActorSequence
LogPluginManager: Mounting plugin LevelSequenceEditor
LogPluginManager: Mounting plugin MatineeToLevelSequence
LogPluginManager: Mounting plugin NetcodeUnitTest
LogPluginManager: Mounting plugin NUTUnrealEngine4
LogPluginManager: Mounting plugin OnlineSubsystemGooglePlay
LogPluginManager: Mounting plugin OnlineSubsystemIOS
LogPluginManager: Mounting plugin OnlineSubsystem
LogPluginManager: Mounting plugin OnlineSubsystemNull
LogPluginManager: Mounting plugin OnlineSubsystemUtils
LogPluginManager: Mounting plugin LauncherChunkInstaller
LogPluginManager: Mounting plugin AndroidDeviceProfileSelector
LogPluginManager: Mounting plugin AndroidMoviePlayer
LogPluginManager: Mounting plugin AndroidPermission
LogPluginManager: Mounting plugin AppleMoviePlayer
LogPluginManager: Mounting plugin ArchVisCharacter
LogPluginManager: Mounting plugin AudioCapture
LogPluginManager: Mounting plugin CableComponent
LogPluginManager: Mounting plugin CustomMeshComponent
LogPluginManager: Mounting plugin EditableMesh
LogPluginManager: Mounting plugin ExampleDeviceProfileSelector
LogPluginManager: Mounting plugin Firebase
LogPluginManager: Mounting plugin GoogleCloudMessaging
LogPluginManager: Mounting plugin IOSDeviceProfileSelector
LogPluginManager: Mounting plugin LinuxDeviceProfileSelector
LogPluginManager: Mounting plugin LocationServicesBPLibrary
LogPluginManager: Mounting plugin MobilePatchingUtils
LogPluginManager: Mounting plugin OculusVR
LogPluginManager: Mounting plugin PhysXVehicles
LogPluginManager: Mounting plugin ProceduralMeshComponent
LogPluginManager: Mounting plugin RuntimePhysXCooking
LogPluginManager: Mounting plugin SteamVR
LogPluginManager: Mounting plugin WebMMoviePlayer
LogPluginManager: Mounting plugin WindowsMoviePlayer
LogStreaming: Display: Took  0.944s to configure plugins.
LogInit: Using libcurl 7.55.1-DEV
LogInit:  - built for x86_64-pc-win32
LogInit:  - supports SSL with OpenSSL/1.0.2h
LogInit:  - supports HTTP deflate (compression) using libz 1.2.8
LogInit:  - other features:
LogInit:      CURL_VERSION_SSL
LogInit:      CURL_VERSION_LIBZ
LogInit:      CURL_VERSION_IPV6
LogInit:      CURL_VERSION_ASYNCHDNS
LogInit:      CURL_VERSION_LARGEFILE
LogInit:      CURL_VERSION_IDN
LogInit:  CurlRequestOptions (configurable via config and command line):
LogInit:  - bVerifyPeer = true  - Libcurl will verify peer certificate
LogInit:  - bUseHttpProxy = false  - Libcurl will NOT use HTTP proxy
LogInit:  - bDontReuseConnections = false  - Libcurl will reuse connections
LogInit:  - MaxHostConnections = 16  - Libcurl will limit the number of connections to a host
LogInit:  - LocalHostAddr = Default
LogInit:  - BufferSize = 65536
LogInit: WinSock: version 1.1 (2.2), MaxSocks=32767, MaxUdp=65467
LogInit: Build: ++UE4+Release-4.21-CL-4753647
LogInit: Engine Version: 4.21.2-4753647+++UE4+Release-4.21
LogInit: Compatible Engine Version: 4.21.0-4541578+++UE4+Release-4.21
LogInit: Net CL: 4541578
LogInit: OS: Windows 10 (), CPU: Intel(R) Core(TM) i5-8300H CPU @ 2.30GHz, GPU: Intel(R) UHD Graphics 630
LogInit: Compiled (64-bit): Jan 19 2019 02:07:31
LogInit: Compiled with Visual C++: 19.13.26129.00
LogInit: Build Configuration: Development
LogInit: Branch Name: ++UE4+Release-4.21
LogInit: Command Line:  -skipcompile
LogInit: Base Directory: D:/Program Files/Epic Games/UE_4.21/Engine/Binaries/Win64/
LogInit: Installed Engine Build: 1
LogDevObjectVersion: Number of dev versions registered: 22
LogDevObjectVersion:   Dev-Blueprints (B0D832E4-1F89-4F0D-ACCF-7EB736FD4AA2): 10
LogDevObjectVersion:   Dev-Build (E1C64328-A22C-4D53-A36C-8E866417BD8C): 0
LogDevObjectVersion:   Dev-Core (375EC13C-06E4-48FB-B500-84F0262A717E): 2
LogDevObjectVersion:   Dev-Editor (E4B068ED-F494-42E9-A231-DA0B2E46BB41): 26
LogDevObjectVersion:   Dev-Framework (CFFC743F-43B0-4480-9391-14DF171D2073): 34
LogDevObjectVersion:   Dev-Mobile (B02B49B5-BB20-44E9-A304-32B752E40360): 2
LogDevObjectVersion:   Dev-Networking (A4E4105C-59A1-49B5-A7C5-40C4547EDFEE): 0
LogDevObjectVersion:   Dev-Online (39C831C9-5AE6-47DC-9A44-9C173E1C8E7C): 0
LogDevObjectVersion:   Dev-Physics (78F01B33-EBEA-4F98-B9B4-84EACCB95AA2): 0
LogDevObjectVersion:   Dev-Platform (6631380F-2D4D-43E0-8009-CF276956A95A): 0
LogDevObjectVersion:   Dev-Rendering (12F88B9F-8875-4AFC-A67C-D90C383ABD29): 27
LogDevObjectVersion:   Dev-Sequencer (7B5AE74C-D270-4C10-A958-57980B212A5A): 9
LogDevObjectVersion:   Dev-VR (D7296918-1DD6-4BDD-9DE2-64A83CC13884): 2
LogDevObjectVersion:   Dev-LoadTimes (C2A15278-BFE7-4AFE-6C17-90FF531DF755): 1
LogDevObjectVersion:   Private-Geometry (6EACA3D4-40EC-4CC1-B786-8BED09428FC5): 3
LogDevObjectVersion:   Dev-AnimPhys (29E575DD-E0A3-4627-9D10-D276232CDCEA): 17
LogDevObjectVersion:   Dev-Anim (AF43A65D-7FD3-4947-9873-3E8ED9C1BB05): 2
LogDevObjectVersion:   Dev-ReflectionCapture (6B266CEC-1EC7-4B8F-A30B-E4D90942FC07): 1
LogDevObjectVersion:   Dev-Automation (0DF73D61-A23F-47EA-B727-89E90C41499A): 1
LogDevObjectVersion:   FortniteMain (601D1886-AC64-4F84-AA16-D3DE0DEAC7D6): 17
LogDevObjectVersion:   Dev-Enterprise (9DFFBCD6-494F-0158-E221-12823C92A888): 4
LogDevObjectVersion:   Dev-Niagara (F2AED0AC-9AFE-416F-8664-AA7FFA26D6FC): 1
LogStreaming: Display: Took  0.090s to delete old logs.
LogInit: Presizing for max 8388607 objects, including 0 objects not considered by GC, pre-allocating 0 bytes for permanent pool.
LogInit: Object subsystem initialized
LogConfig: Setting CVar [[con.DebugEarlyDefault:1]]
LogConfig: Setting CVar [[r.setres:1280x720]]
[2020.02.01-13.42.50:733][  0]LogConfig: Setting CVar [[r.VSync:0]]
[2020.02.01-13.42.50:733][  0]LogConfig: Setting CVar [[r.RHICmdBypass:0]]
[2020.02.01-13.42.50:733][  0]LogConfig: Applying CVar settings from Section [/Script/Engine.RendererSettings] File [D:/Program_files/Unreal Projects/Gedaria/Saved/Config/Windows/Engine.ini]
[2020.02.01-13.42.50:733][  0]LogConfig: Setting CVar [[r.GPUCrashDebugging:0]]
[2020.02.01-13.42.50:733][  0]LogConfig: Applying CVar settings from Section [/Script/Engine.RendererOverrideSettings] File [D:/Program_files/Unreal Projects/Gedaria/Saved/Config/Windows/Engine.ini]
[2020.02.01-13.42.50:733][  0]LogConfig: Applying CVar settings from Section [/Script/Engine.StreamingSettings] File [D:/Program_files/Unreal Projects/Gedaria/Saved/Config/Windows/Engine.ini]
[2020.02.01-13.42.50:733][  0]LogConfig: Setting CVar [[s.MinBulkDataSizeForAsyncLoading:131072]]
[2020.02.01-13.42.50:733][  0]LogConfig: Setting CVar [[s.AsyncLoadingThreadEnabled:0]]
[2020.02.01-13.42.50:733][  0]LogConfig: Setting CVar [[s.EventDrivenLoaderEnabled:1]]
[2020.02.01-13.42.50:733][  0]LogConfig: Setting CVar [[s.WarnIfTimeLimitExceeded:0]]
[2020.02.01-13.42.50:733][  0]LogConfig: Setting CVar [[s.TimeLimitExceededMultiplier:1.5]]
[2020.02.01-13.42.50:733][  0]LogConfig: Setting CVar [[s.TimeLimitExceededMinTime:0.005]]
[2020.02.01-13.42.50:733][  0]LogConfig: Setting CVar [[s.UseBackgroundLevelStreaming:1]]
[2020.02.01-13.42.50:733][  0]LogConfig: Setting CVar [[s.PriorityAsyncLoadingExtraTime:15.0]]
[2020.02.01-13.42.50:733][  0]LogConfig: Setting CVar [[s.LevelStreamingActorsUpdateTimeLimit:5.0]]
[2020.02.01-13.42.50:734][  0]LogConfig: Setting CVar [[s.PriorityLevelStreamingActorsUpdateExtraTime:5.0]]
[2020.02.01-13.42.50:734][  0]LogConfig: Setting CVar [[s.LevelStreamingComponentsRegistrationGranularity:10]]
[2020.02.01-13.42.50:734][  0]LogConfig: Setting CVar [[s.UnregisterComponentsTimeLimit:1.0]]
[2020.02.01-13.42.50:734][  0]LogConfig: Setting CVar [[s.LevelStreamingComponentsUnregistrationGranularity:5]]
[2020.02.01-13.42.50:734][  0]LogConfig: Applying CVar settings from Section [/Script/Engine.GarbageCollectionSettings] File [D:/Program_files/Unreal Projects/Gedaria/Saved/Config/Windows/Engine.ini]
[2020.02.01-13.42.50:734][  0]LogConfig: Setting CVar [[gc.MaxObjectsNotConsideredByGC:1]]
[2020.02.01-13.42.50:734][  0]LogConfig: Setting CVar [[gc.SizeOfPermanentObjectPool:0]]
[2020.02.01-13.42.50:734][  0]LogConfig: Setting CVar [[gc.FlushStreamingOnGC:0]]
[2020.02.01-13.42.50:734][  0]LogConfig: Setting CVar [[gc.NumRetriesBeforeForcingGC:10]]
[2020.02.01-13.42.50:734][  0]LogConfig: Setting CVar [[gc.AllowParallelGC:1]]
[2020.02.01-13.42.50:734][  0]LogConfig: Setting CVar [[gc.TimeBetweenPurgingPendingKillObjects:61.1]]
[2020.02.01-13.42.50:734][  0]LogConfig: Setting CVar [[gc.MaxObjectsInEditor:8388607]]
[2020.02.01-13.42.50:734][  0]LogConfig: Setting CVar [[gc.IncrementalBeginDestroyEnabled:1]]
[2020.02.01-13.42.50:734][  0]LogConfig: Setting CVar [[gc.CreateGCClusters:1]]
[2020.02.01-13.42.50:734][  0]LogConfig: Setting CVar [[gc.MergeGCClusters:0]]
[2020.02.01-13.42.50:734][  0]LogConfig: Setting CVar [[gc.MinGCClusterSize:5]]
[2020.02.01-13.42.50:734][  0]LogConfig: Setting CVar [[gc.ActorClusteringEnabled:0]]
[2020.02.01-13.42.50:734][  0]LogConfig: Setting CVar [[gc.BlueprintClusteringEnabled:0]]
[2020.02.01-13.42.50:734][  0]LogConfig: Setting CVar [[gc.UseDisregardForGCOnDedicatedServers:0]]
[2020.02.01-13.42.50:735][  0]LogConfig: Applying CVar settings from Section [/Script/Engine.NetworkSettings] File [D:/Program_files/Unreal Projects/Gedaria/Saved/Config/Windows/Engine.ini]
[2020.02.01-13.42.50:735][  0]LogConfig: Applying CVar settings from Section [/Script/UnrealEd.CookerSettings] File [D:/Program_files/Unreal Projects/Gedaria/Saved/Config/Windows/Engine.ini]
[2020.02.01-13.42.50:865][  0]LogConfig: Applying CVar settings from Section [ViewDistanceQuality@3] File [D:/Program_files/Unreal Projects/Gedaria/Saved/Config/Windows/Scalability.ini]
[2020.02.01-13.42.50:865][  0]LogConfig: Setting CVar [[r.SkeletalMeshLODBias:0]]
[2020.02.01-13.42.50:865][  0]LogConfig: Setting CVar [[r.ViewDistanceScale:1.0]]
[2020.02.01-13.42.50:865][  0]LogConfig: Applying CVar settings from Section [AntiAliasingQuality@3] File [D:/Program_files/Unreal Projects/Gedaria/Saved/Config/Windows/Scalability.ini]
[2020.02.01-13.42.50:865][  0]LogConfig: Setting CVar [[r.PostProcessAAQuality:4]]
[2020.02.01-13.42.50:865][  0]LogConfig: Applying CVar settings from Section [ShadowQuality@3] File [D:/Program_files/Unreal Projects/Gedaria/Saved/Config/Windows/Scalability.ini]
[2020.02.01-13.42.50:865][  0]LogConfig: Setting CVar [[r.LightFunctionQuality:1]]
[2020.02.01-13.42.50:865][  0]LogConfig: Setting CVar [[r.ShadowQuality:5]]
[2020.02.01-13.42.50:865][  0]LogConfig: Setting CVar [[r.Shadow.CSM.MaxCascades:10]]
[2020.02.01-13.42.50:865][  0]LogConfig: Setting CVar [[r.Shadow.MaxResolution:2048]]
[2020.02.01-13.42.50:865][  0]LogConfig: Setting CVar [[r.Shadow.MaxCSMResolution:2048]]
[2020.02.01-13.42.50:865][  0]LogConfig: Setting CVar [[r.Shadow.RadiusThreshold:0.01]]
[2020.02.01-13.42.50:865][  0]LogConfig: Setting CVar [[r.Shadow.DistanceScale:1.0]]
[2020.02.01-13.42.50:865][  0]LogConfig: Setting CVar [[r.Shadow.CSM.TransitionScale:1.0]]
[2020.02.01-13.42.50:865][  0]LogConfig: Setting CVar [[r.Shadow.PreShadowResolutionFactor:1.0]]
[2020.02.01-13.42.50:865][  0]LogConfig: Setting CVar [[r.DistanceFieldShadowing:1]]
[2020.02.01-13.42.50:866][  0]LogConfig: Setting CVar [[r.DistanceFieldAO:1]]
[2020.02.01-13.42.50:866][  0]LogConfig: Setting CVar [[r.AOQuality:2]]
[2020.02.01-13.42.50:866][  0]LogConfig: Setting CVar [[r.VolumetricFog:1]]
[2020.02.01-13.42.50:866][  0]LogConfig: Setting CVar [[r.VolumetricFog.GridPixelSize:8]]
[2020.02.01-13.42.50:866][  0]LogConfig: Setting CVar [[r.VolumetricFog.GridSizeZ:128]]
[2020.02.01-13.42.50:866][  0]LogConfig: Setting CVar [[r.VolumetricFog.HistoryMissSupersampleCount:4]]
[2020.02.01-13.42.50:866][  0]LogConfig: Setting CVar [[r.LightMaxDrawDistanceScale:1]]
[2020.02.01-13.42.50:866][  0]LogConfig: Setting CVar [[r.CapsuleShadows:1]]
[2020.02.01-13.42.50:866][  0]LogConfig: Applying CVar settings from Section [PostProcessQuality@3] File [D:/Program_files/Unreal Projects/Gedaria/Saved/Config/Windows/Scalability.ini]
[2020.02.01-13.42.50:866][  0]LogConfig: Setting CVar [[r.MotionBlurQuality:4]]
[2020.02.01-13.42.50:866][  0]LogConfig: Setting CVar [[r.AmbientOcclusionMipLevelFactor:0.4]]
[2020.02.01-13.42.50:866][  0]LogConfig: Setting CVar [[r.AmbientOcclusionMaxQuality:100]]
[2020.02.01-13.42.50:866][  0]LogConfig: Setting CVar [[r.AmbientOcclusionLevels:-1]]
[2020.02.01-13.42.50:866][  0]LogConfig: Setting CVar [[r.AmbientOcclusionRadiusScale:1.0]]
[2020.02.01-13.42.50:866][  0]LogConfig: Setting CVar [[r.DepthOfFieldQuality:2]]
[2020.02.01-13.42.50:866][  0]LogConfig: Setting CVar [[r.RenderTargetPoolMin:400]]
[2020.02.01-13.42.50:867][  0]LogConfig: Setting CVar [[r.LensFlareQuality:2]]
[2020.02.01-13.42.50:867][  0]LogConfig: Setting CVar [[r.SceneColorFringeQuality:1]]
[2020.02.01-13.42.50:867][  0]LogConfig: Setting CVar [[r.EyeAdaptationQuality:2]]
[2020.02.01-13.42.50:867][  0]LogConfig: Setting CVar [[r.BloomQuality:5]]
[2020.02.01-13.42.50:867][  0]LogConfig: Setting CVar [[r.FastBlurThreshold:100]]
[2020.02.01-13.42.50:867][  0]LogConfig: Setting CVar [[r.Upscale.Quality:3]]
[2020.02.01-13.42.50:867][  0]LogConfig: Setting CVar [[r.Tonemapper.GrainQuantization:1]]
[2020.02.01-13.42.50:867][  0]LogConfig: Setting CVar [[r.LightShaftQuality:1]]
[2020.02.01-13.42.50:867][  0]LogConfig: Setting CVar [[r.Filter.SizeScale:1]]
[2020.02.01-13.42.50:867][  0]LogConfig: Setting CVar [[r.Tonemapper.Quality:5]]
[2020.02.01-13.42.50:867][  0]LogConfig: Setting CVar [[r.DOF.Gather.AccumulatorQuality:1        ; higher gathering accumulator quality]]
[2020.02.01-13.42.50:867][  0]LogConfig: Setting CVar [[r.DOF.Gather.PostfilterMethod:1          ; Median3x3 postfilering method]]
[2020.02.01-13.42.50:867][  0]LogConfig: Setting CVar [[r.DOF.Gather.EnableBokehSettings:0       ; no bokeh simulation when gathering]]
[2020.02.01-13.42.50:867][  0]LogConfig: Setting CVar [[r.DOF.Gather.RingCount:4                 ; medium number of samples when gathering]]
[2020.02.01-13.42.50:867][  0]LogConfig: Setting CVar [[r.DOF.Scatter.ForegroundCompositing:1    ; additive foreground scattering]]
[2020.02.01-13.42.50:867][  0]LogConfig: Setting CVar [[r.DOF.Scatter.BackgroundCompositing:2    ; additive background scattering]]
[2020.02.01-13.42.50:868][  0]LogConfig: Setting CVar [[r.DOF.Scatter.EnableBokehSettings:1      ; bokeh simulation when scattering]]
[2020.02.01-13.42.50:868][  0]LogConfig: Setting CVar [[r.DOF.Scatter.MaxSpriteRatio:0.1         ; only a maximum of 10% of scattered bokeh]]
[2020.02.01-13.42.50:868][  0]LogConfig: Setting CVar [[r.DOF.Recombine.Quality:1                ; cheap slight out of focus]]
[2020.02.01-13.42.50:868][  0]LogConfig: Setting CVar [[r.DOF.Recombine.EnableBokehSettings:0    ; no bokeh simulation on slight out of focus]]
[2020.02.01-13.42.50:868][  0]LogConfig: Setting CVar [[r.DOF.TemporalAAQuality:1                ; more stable temporal accumulation]]
[2020.02.01-13.42.50:868][  0]LogConfig: Setting CVar [[r.DOF.Kernel.MaxForegroundRadius:0.025]]
[2020.02.01-13.42.50:868][  0]LogConfig: Setting CVar [[r.DOF.Kernel.MaxBackgroundRadius:0.025]]
[2020.02.01-13.42.50:868][  0]LogConfig: Applying CVar settings from Section [TextureQuality@3] File [D:/Program_files/Unreal Projects/Gedaria/Saved/Config/Windows/Scalability.ini]
[2020.02.01-13.42.50:868][  0]LogConfig: Setting CVar [[r.Streaming.MipBias:0]]
[2020.02.01-13.42.50:868][  0]LogConfig: Setting CVar [[r.Streaming.AmortizeCPUToGPUCopy:0]]
[2020.02.01-13.42.50:868][  0]LogConfig: Setting CVar [[r.Streaming.MaxNumTexturesToStreamPerFrame:0]]
[2020.02.01-13.42.50:868][  0]LogConfig: Setting CVar [[r.Streaming.Boost:1]]
[2020.02.01-13.42.50:868][  0]LogConfig: Setting CVar [[r.MaxAnisotropy:8]]
[2020.02.01-13.42.50:868][  0]LogConfig: Setting CVar [[r.Streaming.LimitPoolSizeToVRAM:0]]
[2020.02.01-13.42.50:868][  0]LogConfig: Setting CVar [[r.Streaming.PoolSize:1000]]
[2020.02.01-13.42.50:869][  0]LogConfig: Setting CVar [[r.Streaming.MaxEffectiveScreenSize:0]]
[2020.02.01-13.42.50:869][  0]LogConfig: Applying CVar settings from Section [EffectsQuality@3] File [D:/Program_files/Unreal Projects/Gedaria/Saved/Config/Windows/Scalability.ini]
[2020.02.01-13.42.50:869][  0]LogConfig: Setting CVar [[r.TranslucencyLightingVolumeDim:64]]
[2020.02.01-13.42.50:869][  0]LogConfig: Setting CVar [[r.RefractionQuality:2]]
[2020.02.01-13.42.50:869][  0]LogConfig: Setting CVar [[r.SSR.Quality:3]]
[2020.02.01-13.42.50:869][  0]LogConfig: Setting CVar [[r.SceneColorFormat:4]]
[2020.02.01-13.42.50:869][  0]LogConfig: Setting CVar [[r.DetailMode:2]]
[2020.02.01-13.42.50:869][  0]LogConfig: Setting CVar [[r.TranslucencyVolumeBlur:1]]
[2020.02.01-13.42.50:869][  0]LogConfig: Setting CVar [[r.MaterialQualityLevel:1 ; High quality]]
[2020.02.01-13.42.50:869][  0]LogConfig: Setting CVar [[r.SSS.Scale:1]]
[2020.02.01-13.42.50:869][  0]LogConfig: Setting CVar [[r.SSS.SampleSet:2]]
[2020.02.01-13.42.50:869][  0]LogConfig: Setting CVar [[r.SSS.Quality:1]]
[2020.02.01-13.42.50:869][  0]LogConfig: Setting CVar [[r.SSS.HalfRes:1]]
[2020.02.01-13.42.50:869][  0]LogConfig: Setting CVar [[r.EmitterSpawnRateScale:1.0]]
[2020.02.01-13.42.50:869][  0]LogConfig: Setting CVar [[r.ParticleLightQuality:2]]
[2020.02.01-13.42.50:869][  0]LogConfig: Applying CVar settings from Section [FoliageQuality@3] File [D:/Program_files/Unreal Projects/Gedaria/Saved/Config/Windows/Scalability.ini]
[2020.02.01-13.42.50:869][  0]LogConfig: Setting CVar [[foliage.DensityScale:1.0]]
[2020.02.01-13.42.50:869][  0]LogConfig: Setting CVar [[grass.DensityScale:1.0]]
[2020.02.01-13.42.50:901][  0]LogInit: Selected Device Profile: [Windows]
[2020.02.01-13.42.50:901][  0]LogInit: Applying CVar settings loaded from the selected device profile: [Windows]
[2020.02.01-13.42.50:963][  0]LogHAL: Display: Platform has ~ 8 GB [8431169536 / 8589934592 / 8], which maps to Default [LargestMinGB=32, LargerMinGB=12, DefaultMinGB=8, SmallerMinGB=6, SmallestMinGB=0)
[2020.02.01-13.42.51:052][  0]LogConfig: Setting CVar [[r.Vulkan.UseRealUBs:1]]
[2020.02.01-13.42.51:052][  0]LogInit: Going up to parent DeviceProfile []
[2020.02.01-13.42.51:052][  0]LogConfig: Applying CVar settings from Section [ViewDistanceQuality@3] File [D:/Program_files/Unreal Projects/Gedaria/Saved/Config/Windows/Scalability.ini]
[2020.02.01-13.42.51:052][  0]LogConfig: Setting CVar [[r.SkeletalMeshLODBias:0]]
[2020.02.01-13.42.51:052][  0]LogConfig: Setting CVar [[r.ViewDistanceScale:1.0]]
[2020.02.01-13.42.51:052][  0]LogConfig: Applying CVar settings from Section [AntiAliasingQuality@3] File [D:/Program_files/Unreal Projects/Gedaria/Saved/Config/Windows/Scalability.ini]
[2020.02.01-13.42.51:052][  0]LogConfig: Setting CVar [[r.PostProcessAAQuality:4]]
[2020.02.01-13.42.51:053][  0]LogConfig: Applying CVar settings from Section [ShadowQuality@3] File [D:/Program_files/Unreal Projects/Gedaria/Saved/Config/Windows/Scalability.ini]
[2020.02.01-13.42.51:053][  0]LogConfig: Setting CVar [[r.LightFunctionQuality:1]]
[2020.02.01-13.42.51:053][  0]LogConfig: Setting CVar [[r.ShadowQuality:5]]
[2020.02.01-13.42.51:053][  0]LogConfig: Setting CVar [[r.Shadow.CSM.MaxCascades:10]]
[2020.02.01-13.42.51:053][  0]LogConfig: Setting CVar [[r.Shadow.MaxResolution:2048]]
[2020.02.01-13.42.51:053][  0]LogConfig: Setting CVar [[r.Shadow.MaxCSMResolution:2048]]
[2020.02.01-13.42.51:053][  0]LogConfig: Setting CVar [[r.Shadow.RadiusThreshold:0.01]]
[2020.02.01-13.42.51:053][  0]LogConfig: Setting CVar [[r.Shadow.DistanceScale:1.0]]
[2020.02.01-13.42.51:053][  0]LogConfig: Setting CVar [[r.Shadow.CSM.TransitionScale:1.0]]
[2020.02.01-13.42.51:053][  0]LogConfig: Setting CVar [[r.Shadow.PreShadowResolutionFactor:1.0]]
[2020.02.01-13.42.51:053][  0]LogConfig: Setting CVar [[r.DistanceFieldShadowing:1]]
[2020.02.01-13.42.51:053][  0]LogConfig: Setting CVar [[r.DistanceFieldAO:1]]
[2020.02.01-13.42.51:053][  0]LogConfig: Setting CVar [[r.AOQuality:2]]
[2020.02.01-13.42.51:053][  0]LogConfig: Setting CVar [[r.VolumetricFog:1]]
[2020.02.01-13.42.51:053][  0]LogConfig: Setting CVar [[r.VolumetricFog.GridPixelSize:8]]
[2020.02.01-13.42.51:053][  0]LogConfig: Setting CVar [[r.VolumetricFog.GridSizeZ:128]]
[2020.02.01-13.42.51:053][  0]LogConfig: Setting CVar [[r.VolumetricFog.HistoryMissSupersampleCount:4]]
[2020.02.01-13.42.51:054][  0]LogConfig: Setting CVar [[r.LightMaxDrawDistanceScale:1]]
[2020.02.01-13.42.51:054][  0]LogConfig: Setting CVar [[r.CapsuleShadows:1]]
[2020.02.01-13.42.51:054][  0]LogConfig: Applying CVar settings from Section [PostProcessQuality@3] File [D:/Program_files/Unreal Projects/Gedaria/Saved/Config/Windows/Scalability.ini]
[2020.02.01-13.42.51:054][  0]LogConfig: Setting CVar [[r.MotionBlurQuality:4]]
[2020.02.01-13.42.51:054][  0]LogConfig: Setting CVar [[r.AmbientOcclusionMipLevelFactor:0.4]]
[2020.02.01-13.42.51:054][  0]LogConfig: Setting CVar [[r.AmbientOcclusionMaxQuality:100]]
[2020.02.01-13.42.51:054][  0]LogConfig: Setting CVar [[r.AmbientOcclusionLevels:-1]]
[2020.02.01-13.42.51:054][  0]LogConfig: Setting CVar [[r.AmbientOcclusionRadiusScale:1.0]]
[2020.02.01-13.42.51:054][  0]LogConfig: Setting CVar [[r.DepthOfFieldQuality:2]]
[2020.02.01-13.42.51:054][  0]LogConfig: Setting CVar [[r.RenderTargetPoolMin:400]]
[2020.02.01-13.42.51:054][  0]LogConfig: Setting CVar [[r.LensFlareQuality:2]]
[2020.02.01-13.42.51:054][  0]LogConfig: Setting CVar [[r.SceneColorFringeQuality:1]]
[2020.02.01-13.42.51:054][  0]LogConfig: Setting CVar [[r.EyeAdaptationQuality:2]]
[2020.02.01-13.42.51:054][  0]LogConfig: Setting CVar [[r.BloomQuality:5]]
[2020.02.01-13.42.51:054][  0]LogConfig: Setting CVar [[r.FastBlurThreshold:100]]
[2020.02.01-13.42.51:055][  0]LogConfig: Setting CVar [[r.Upscale.Quality:3]]
[2020.02.01-13.42.51:055][  0]LogConfig: Setting CVar [[r.Tonemapper.GrainQuantization:1]]
[2020.02.01-13.42.51:055][  0]LogConfig: Setting CVar [[r.LightShaftQuality:1]]
[2020.02.01-13.42.51:055][  0]LogConfig: Setting CVar [[r.Filter.SizeScale:1]]
[2020.02.01-13.42.51:055][  0]LogConfig: Setting CVar [[r.Tonemapper.Quality:5]]
[2020.02.01-13.42.51:055][  0]LogConfig: Setting CVar [[r.DOF.Gather.AccumulatorQuality:1        ; higher gathering accumulator quality]]
[2020.02.01-13.42.51:055][  0]LogConfig: Setting CVar [[r.DOF.Gather.PostfilterMethod:1          ; Median3x3 postfilering method]]
[2020.02.01-13.42.51:055][  0]LogConfig: Setting CVar [[r.DOF.Gather.EnableBokehSettings:0       ; no bokeh simulation when gathering]]
[2020.02.01-13.42.51:055][  0]LogConfig: Setting CVar [[r.DOF.Gather.RingCount:4                 ; medium number of samples when gathering]]
[2020.02.01-13.42.51:055][  0]LogConfig: Setting CVar [[r.DOF.Scatter.ForegroundCompositing:1    ; additive foreground scattering]]
[2020.02.01-13.42.51:055][  0]LogConfig: Setting CVar [[r.DOF.Scatter.BackgroundCompositing:2    ; additive background scattering]]
[2020.02.01-13.42.51:055][  0]LogConfig: Setting CVar [[r.DOF.Scatter.EnableBokehSettings:1      ; bokeh simulation when scattering]]
[2020.02.01-13.42.51:055][  0]LogConfig: Setting CVar [[r.DOF.Scatter.MaxSpriteRatio:0.1         ; only a maximum of 10% of scattered bokeh]]
[2020.02.01-13.42.51:055][  0]LogConfig: Setting CVar [[r.DOF.Recombine.Quality:1                ; cheap slight out of focus]]
[2020.02.01-13.42.51:055][  0]LogConfig: Setting CVar [[r.DOF.Recombine.EnableBokehSettings:0    ; no bokeh simulation on slight out of focus]]
[2020.02.01-13.42.51:055][  0]LogConfig: Setting CVar [[r.DOF.TemporalAAQuality:1                ; more stable temporal accumulation]]
[2020.02.01-13.42.51:056][  0]LogConfig: Setting CVar [[r.DOF.Kernel.MaxForegroundRadius:0.025]]
[2020.02.01-13.42.51:056][  0]LogConfig: Setting CVar [[r.DOF.Kernel.MaxBackgroundRadius:0.025]]
[2020.02.01-13.42.51:056][  0]LogConfig: Applying CVar settings from Section [TextureQuality@3] File [D:/Program_files/Unreal Projects/Gedaria/Saved/Config/Windows/Scalability.ini]
[2020.02.01-13.42.51:056][  0]LogConfig: Setting CVar [[r.Streaming.MipBias:0]]
[2020.02.01-13.42.51:056][  0]LogConfig: Setting CVar [[r.Streaming.AmortizeCPUToGPUCopy:0]]
[2020.02.01-13.42.51:056][  0]LogConfig: Setting CVar [[r.Streaming.MaxNumTexturesToStreamPerFrame:0]]
[2020.02.01-13.42.51:056][  0]LogConfig: Setting CVar [[r.Streaming.Boost:1]]
[2020.02.01-13.42.51:056][  0]LogConfig: Setting CVar [[r.MaxAnisotropy:8]]
[2020.02.01-13.42.51:056][  0]LogConfig: Setting CVar [[r.Streaming.LimitPoolSizeToVRAM:0]]
[2020.02.01-13.42.51:056][  0]LogConfig: Setting CVar [[r.Streaming.PoolSize:1000]]
[2020.02.01-13.42.51:056][  0]LogConfig: Setting CVar [[r.Streaming.MaxEffectiveScreenSize:0]]
[2020.02.01-13.42.51:056][  0]LogConfig: Applying CVar settings from Section [EffectsQuality@3] File [D:/Program_files/Unreal Projects/Gedaria/Saved/Config/Windows/Scalability.ini]
[2020.02.01-13.42.51:056][  0]LogConfig: Setting CVar [[r.TranslucencyLightingVolumeDim:64]]
[2020.02.01-13.42.51:056][  0]LogConfig: Setting CVar [[r.RefractionQuality:2]]
[2020.02.01-13.42.51:056][  0]LogConfig: Setting CVar [[r.SSR.Quality:3]]
[2020.02.01-13.42.51:056][  0]LogConfig: Setting CVar [[r.SceneColorFormat:4]]
[2020.02.01-13.42.51:056][  0]LogConfig: Setting CVar [[r.DetailMode:2]]
[2020.02.01-13.42.51:056][  0]LogConfig: Setting CVar [[r.TranslucencyVolumeBlur:1]]
[2020.02.01-13.42.51:057][  0]LogConfig: Setting CVar [[r.MaterialQualityLevel:1 ; High quality]]
[2020.02.01-13.42.51:057][  0]LogConfig: Setting CVar [[r.SSS.Scale:1]]
[2020.02.01-13.42.51:057][  0]LogConfig: Setting CVar [[r.SSS.SampleSet:2]]
[2020.02.01-13.42.51:057][  0]LogConfig: Setting CVar [[r.SSS.Quality:1]]
[2020.02.01-13.42.51:057][  0]LogConfig: Setting CVar [[r.SSS.HalfRes:1]]
[2020.02.01-13.42.51:057][  0]LogConfig: Setting CVar [[r.EmitterSpawnRateScale:1.0]]
[2020.02.01-13.42.51:057][  0]LogConfig: Setting CVar [[r.ParticleLightQuality:2]]
[2020.02.01-13.42.51:057][  0]LogConfig: Applying CVar settings from Section [FoliageQuality@3] File [D:/Program_files/Unreal Projects/Gedaria/Saved/Config/Windows/Scalability.ini]
[2020.02.01-13.42.51:057][  0]LogConfig: Setting CVar [[foliage.DensityScale:1.0]]
[2020.02.01-13.42.51:057][  0]LogConfig: Setting CVar [[grass.DensityScale:1.0]]
[2020.02.01-13.42.51:057][  0]LogConfig: Applying CVar settings from Section [Startup] File [../../../Engine/Config/ConsoleVariables.ini]
[2020.02.01-13.42.51:058][  0]LogConfig: Setting CVar [[net.UseAdaptiveNetUpdateFrequency:0]]
[2020.02.01-13.42.51:058][  0]LogConfig: Applying CVar settings from Section [ConsoleVariables] File [D:/Program_files/Unreal Projects/Gedaria/Saved/Config/Windows/Engine.ini]
[2020.02.01-13.42.51:090][  0]LogInit: Computer: LAPTOP-CL2VGTEM
[2020.02.01-13.42.51:090][  0]LogInit: User: Viktor
[2020.02.01-13.42.51:090][  0]LogInit: CPU Page size=4096, Cores=4
[2020.02.01-13.42.51:090][  0]LogInit: High frequency timer resolution =2.249998 MHz
[2020.02.01-13.42.51:119][  0]LogMemory: Memory total: Physical=7.9GB (8GB approx)
[2020.02.01-13.42.51:119][  0]LogMemory: Platform Memory Stats for Windows
[2020.02.01-13.42.51:119][  0]LogMemory: Process Physical Memory: 104.21 MB used, 104.21 MB peak
[2020.02.01-13.42.51:120][  0]LogMemory: Process Virtual Memory: 101.95 MB used, 101.95 MB peak
[2020.02.01-13.42.51:120][  0]LogMemory: Physical Memory: 6314.88 MB used,  1725.71 MB free, 8040.59 MB total
[2020.02.01-13.42.51:120][  0]LogMemory: Virtual Memory: 4658.91 MB used,  134213072.00 MB free, 134217728.00 MB total
[2020.02.01-13.42.54:696][  0]LogInit: Using OS detected language (cs-CZ).
[2020.02.01-13.42.54:696][  0]LogInit: Using OS detected locale (cs-CZ).
[2020.02.01-13.42.54:765][  0]LogTextLocalizationManager: No localization for 'cs-CZ' exists, so 'en' will be used for the language.
[2020.02.01-13.42.56:263][  0]LogStreaming: Display: Took  1.568s to InitEngineTextLocalization.
[2020.02.01-13.42.56:263][  0]LogInit: Setting process to per monitor DPI aware
[2020.02.01-13.42.57:237][  0]LogSlate: New Slate User Created.  User Index 0, Is Virtual User: 0
[2020.02.01-13.42.57:237][  0]LogSlate: Slate User Registered.  User Index 0, Is Virtual User: 0
[2020.02.01-13.43.00:513][  0]LogHMD: Failed to initialize OpenVR with code 110
[2020.02.01-13.43.00:513][  0]LogD3D11RHI: D3D11 adapters:
[2020.02.01-13.43.00:782][  0]LogD3D11RHI:    0. 'NVIDIA GeForce GTX 1050' (Feature Level 11_0)
[2020.02.01-13.43.00:782][  0]LogD3D11RHI:       4019/0/4020 MB DedicatedVideo/DedicatedSystem/SharedSystem, Outputs:1, VendorId:0x10de
[2020.02.01-13.43.00:806][  0]LogD3D11RHI:    1. 'Intel(R) UHD Graphics 630' (Feature Level 11_0)
[2020.02.01-13.43.00:806][  0]LogD3D11RHI:       128/0/4020 MB DedicatedVideo/DedicatedSystem/SharedSystem, Outputs:0, VendorId:0x8086
[2020.02.01-13.43.00:815][  0]LogD3D11RHI:    2. 'Microsoft Basic Render Driver' (Feature Level 11_0)
[2020.02.01-13.43.00:815][  0]LogD3D11RHI:       0/0/4020 MB DedicatedVideo/DedicatedSystem/SharedSystem, Outputs:0, VendorId:0x1414
[2020.02.01-13.43.00:815][  0]LogD3D11RHI: Chosen D3D11 Adapter: 0
[2020.02.01-13.43.00:863][  0]LogD3D11RHI: Creating new Direct3DDevice
[2020.02.01-13.43.00:863][  0]LogD3D11RHI:     GPU DeviceId: 0x1c8d (for the marketing name, search the web for "GPU Device Id")
[2020.02.01-13.43.00:863][  0]LogWindows: EnumDisplayDevices:
[2020.02.01-13.43.00:864][  0]LogWindows:    0. 'Intel(R) UHD Graphics 630' (P:1 D:1)
[2020.02.01-13.43.00:890][  0]LogWindows:    1. 'Intel(R) UHD Graphics 630' (P:0 D:0)
[2020.02.01-13.43.00:890][  0]LogWindows:    2. 'Intel(R) UHD Graphics 630' (P:0 D:0)
[2020.02.01-13.43.00:891][  0]LogWindows:    3. 'NVIDIA GeForce GTX 1050' (P:0 D:0)
[2020.02.01-13.43.00:919][  0]LogWindows: DebugString: PrimaryIsNotTheChoosenAdapter PrimaryIsNotTheChoosenAdapter PrimaryIsNotTheChoosenAdapter 
[2020.02.01-13.43.00:919][  0]LogD3D11RHI:     Adapter Name: NVIDIA GeForce GTX 1050
[2020.02.01-13.43.00:919][  0]LogD3D11RHI:   Driver Version: 441.20 (internal:26.21.14.4120, unified:441.20)
[2020.02.01-13.43.00:919][  0]LogD3D11RHI:      Driver Date: 11-6-2019
[2020.02.01-13.43.00:919][  0]LogRHI: Texture pool is 2813 MB (70% of 4019 MB)
[2020.02.01-13.43.00:997][  0]LogD3D11RHI: Async texture creation enabled
[2020.02.01-13.43.01:630][  0]LogD3D11RHI: GPU Timing Frequency: 1000.000000 (Debug: 2 1)
[2020.02.01-13.43.02:801][  0]LogTemp: Display: Loaded TP AllDesktopTargetPlatform
[2020.02.01-13.43.02:889][  0]LogTemp: Display: Loaded TP MacClientTargetPlatform
[2020.02.01-13.43.02:979][  0]LogTemp: Display: Loaded TP MacNoEditorTargetPlatform
[2020.02.01-13.43.03:082][  0]LogTemp: Display: Loaded TP MacServerTargetPlatform
[2020.02.01-13.43.03:300][  0]LogTemp: Display: Loaded TP MacTargetPlatform
[2020.02.01-13.43.03:377][  0]LogTemp: Display: Loaded TP WindowsClientTargetPlatform
[2020.02.01-13.43.03:624][  0]LogTemp: Display: Loaded TP WindowsNoEditorTargetPlatform
[2020.02.01-13.43.03:715][  0]LogTemp: Display: Loaded TP WindowsServerTargetPlatform
[2020.02.01-13.43.03:762][  0]LogTemp: Display: Loaded TP WindowsTargetPlatform
[2020.02.01-13.43.03:921][  0]LogTemp: Display: Loaded TP AndroidTargetPlatform
[2020.02.01-13.43.03:921][  0]LogTemp: Display: Loaded TP AndroidTargetPlatform
[2020.02.01-13.43.03:921][  0]LogTemp: Display: Loaded TP AndroidTargetPlatform
[2020.02.01-13.43.03:922][  0]LogTemp: Display: Loaded TP AndroidTargetPlatform
[2020.02.01-13.43.03:922][  0]LogTemp: Display: Loaded TP AndroidTargetPlatform
[2020.02.01-13.43.03:922][  0]LogTemp: Display: Loaded TP AndroidTargetPlatform
[2020.02.01-13.43.03:922][  0]LogTemp: Display: Loaded TP AndroidTargetPlatform
[2020.02.01-13.43.03:922][  0]LogTemp: Display: Loaded TP AndroidTargetPlatform
[2020.02.01-13.43.03:922][  0]LogTemp: Display: Loaded TP AndroidTargetPlatform
[2020.02.01-13.43.03:922][  0]LogTemp: Display: Loaded TP AndroidTargetPlatform
[2020.02.01-13.43.03:922][  0]LogTemp: Display: Loaded TP AndroidTargetPlatform
[2020.02.01-13.43.03:922][  0]LogTemp: Display: Loaded TP AndroidTargetPlatform
[2020.02.01-13.43.03:922][  0]LogTemp: Display: Loaded TP AndroidTargetPlatform
[2020.02.01-13.43.03:922][  0]LogTemp: Display: Loaded TP AndroidTargetPlatform
[2020.02.01-13.43.03:922][  0]LogTemp: Display: Loaded TP AndroidTargetPlatform
[2020.02.01-13.43.03:922][  0]LogTemp: Display: Loaded TP AndroidTargetPlatform
[2020.02.01-13.43.03:922][  0]LogTemp: Display: Loaded TP AndroidTargetPlatform
[2020.02.01-13.43.03:922][  0]LogTemp: Display: Loaded TP AndroidTargetPlatform
[2020.02.01-13.43.03:957][  0]LogTemp: Display: Loaded TP HTML5TargetPlatform
[2020.02.01-13.43.04:265][  0]LogTemp: Display: Loaded TP IOSTargetPlatform
[2020.02.01-13.43.04:265][  0]LogTemp: Display: Loaded TP IOSTargetPlatform
[2020.02.01-13.43.04:298][  0]LogTemp: Display: Loaded TP TVOSTargetPlatform
[2020.02.01-13.43.04:299][  0]LogTemp: Display: Loaded TP TVOSTargetPlatform
[2020.02.01-13.43.04:371][  0]LogTemp: Display: Loaded TP LinuxClientTargetPlatform
[2020.02.01-13.43.04:410][  0]LogTemp: Display: Loaded TP LinuxNoEditorTargetPlatform
[2020.02.01-13.43.04:459][  0]LogTemp: Display: Loaded TP LinuxServerTargetPlatform
[2020.02.01-13.43.04:534][  0]LogTemp: Display: Loaded TP LinuxTargetPlatform
[2020.02.01-13.43.04:624][  0]LogTemp: Display: Loaded TP LuminTargetPlatform
[2020.02.01-13.43.04:624][  0]LogTemp: Display: Loaded TP LuminTargetPlatform
[2020.02.01-13.43.04:624][  0]LogTargetPlatformManager: Display: Building Assets For Windows
[2020.02.01-13.43.06:699][  0]LogShaderCompilers: Guid format shader working directory is -9 characters bigger than the processId version (../../../../../../Program_files/Unreal Projects/Gedaria/Intermediate/Shaders/WorkingDirectory/16992/).
[2020.02.01-13.43.06:699][  0]LogShaderCompilers: Cleaned the shader compiler working directory 'C:/Users/Viktor/AppData/Local/Temp/UnrealShaderWorkingDir/1C6E36B74061EF57668FB6BA9B8C1E4E/'.
[2020.02.01-13.43.06:797][  0]LogXGEController: Cannot use XGE Controller as Incredibuild is not installed on this machine.
[2020.02.01-13.43.06:798][  0]LogShaderCompilers: Cannot use XGE Shader Compiler as Incredibuild is not installed on this machine.
[2020.02.01-13.43.06:798][  0]LogShaderCompilers: Display: Using Local Shader Compiler.
[2020.02.01-13.43.16:715][  0]LogDerivedDataCache: Display: Max Cache Size: 512 MB
[2020.02.01-13.43.16:998][  0]LogDerivedDataCache: Loaded boot cache 0.28s 71MB C:/Users/Viktor/AppData/Local/UnrealEngine/4.21/DerivedDataCache/Boot.ddc.
[2020.02.01-13.43.16:998][  0]LogDerivedDataCache: Display: Loaded Boot cache: C:/Users/Viktor/AppData/Local/UnrealEngine/4.21/DerivedDataCache/Boot.ddc
[2020.02.01-13.43.17:025][  0]LogDerivedDataCache: FDerivedDataBackendGraph:  Pak pak cache file ../../../../../../Program_files/Unreal Projects/Gedaria/DerivedDataCache/DDC.ddp not found, will not use a pak cache.
[2020.02.01-13.43.17:025][  0]LogDerivedDataCache: Unable to find inner node Pak for hierarchical cache Hierarchy.
[2020.02.01-13.43.17:026][  0]LogDerivedDataCache: FDerivedDataBackendGraph:  CompressedPak pak cache file ../../../../../../Program_files/Unreal Projects/Gedaria/DerivedDataCache/Compressed.ddp not found, will not use a pak cache.
[2020.02.01-13.43.17:026][  0]LogDerivedDataCache: Unable to find inner node CompressedPak for hierarchical cache Hierarchy.
[2020.02.01-13.43.17:289][  0]LogDerivedDataCache: Display: Pak cache opened for reading ../../../Engine/DerivedDataCache/Compressed.ddp.
[2020.02.01-13.43.17:293][  0]LogDerivedDataCache: FDerivedDataBackendGraph:  EnterprisePak pak cache file ../../../Enterprise/DerivedDataCache/Compressed.ddp not found, will not use a pak cache.
[2020.02.01-13.43.17:293][  0]LogDerivedDataCache: Unable to find inner node EnterprisePak for hierarchical cache Hierarchy.
[2020.02.01-13.43.17:323][  0]LogDerivedDataCache: Using Local data cache path C:/Users/Viktor/AppData/Local/UnrealEngine/Common/DerivedDataCache: Writable
[2020.02.01-13.43.17:323][  0]LogDerivedDataCache: Shared data cache path not found in *engine.ini, will not use an Shared cache.
[2020.02.01-13.43.17:323][  0]LogDerivedDataCache: Unable to find inner node Shared for hierarchical cache Hierarchy.
[2020.02.01-13.43.17:521][  0]LogMaterial: Verifying Global Shaders for PCD3D_SM5
[2020.02.01-13.43.17:786][  0]LogSlate: Using FreeType 2.6.0
[2020.02.01-13.43.18:034][  0]LogSlate: SlateFontServices - WITH_FREETYPE: 1, WITH_HARFBUZZ: 1
[2020.02.01-13.43.26:328][  0]LogAssetRegistry: FAssetRegistry took 0.0900 seconds to start up
[2020.02.01-13.43.30:886][  0]LogInit: Selected Device Profile: [Windows]
[2020.02.01-13.43.32:932][  0]LogSimplygon: Simplygon DLL not present - disabling.
[2020.02.01-13.43.33:176][  0]LogMeshReduction: Using SimplygonSwarm for distributed automatic mesh merging
[2020.02.01-13.43.33:177][  0]LogMeshReduction: Using ProxyLODMeshReduction for automatic mesh merging
[2020.02.01-13.43.33:177][  0]LogMeshReduction: Using QuadricMeshReduction for automatic static mesh reduction
[2020.02.01-13.43.33:178][  0]LogMeshReduction: No automatic skeletal mesh reduction module available
[2020.02.01-13.43.33:522][  0]LogNetVersion: Gedaria 1.0.0, NetCL: 4541578, EngineNetVer: 5, GameNetVer: 0 (Checksum: 1762311512)
[2020.02.01-13.43.39:866][  0]LogPackageLocalizationCache: Processed 11 localized package path(s) for 1 prioritized culture(s) in 0.155288 seconds
[2020.02.01-13.43.39:962][  0]LogUObjectArray: 39775 objects as part of root set at end of initial load.
[2020.02.01-13.43.39:962][  0]LogUObjectAllocator: 6914656 out of 0 bytes used by permanent object pool.
[2020.02.01-13.43.39:962][  0]LogUObjectArray: CloseDisregardForGC: 0/0 objects in disregard for GC pool
[2020.02.01-13.43.55:625][  0]LogTcpMessaging: Initializing TcpMessaging bridge
[2020.02.01-13.43.55:660][  0]LogUdpMessaging: Initializing bridge on interface 0.0.0.0:0 to multicast group 230.0.0.1:6666.
