Log file open, 02/01/20 14:19:33
LogWindows: Failed to load 'aqProf.dll' (GetLastError=126)
LogWindows: File 'aqProf.dll' does not exist
LogWindows: Failed to load 'VtuneApi.dll' (GetLastError=126)
LogWindows: File 'VtuneApi.dll' does not exist
LogWindows: Failed to load 'VtuneApi32e.dll' (GetLastError=126)
LogWindows: File 'VtuneApi32e.dll' does not exist
LogConsoleResponse: Display: Failed to find resolution value strings in scalability ini. Falling back to default.
LogInit: Display: Running engine for game: Gedaria
LogPakFile: Registered encryption key '00000000000000000000000000000000': 0 pak files mounted, 0 remain pending
LogPlatformFile: Not using cached read wrapper
LogTaskGraph: Started task graph with 5 named threads and 23 total threads with 3 sets of task threads.
LogStats: Stats thread started at 0.268966
LogD3D11RHI: Loaded GFSDK_Aftermath_Lib.x64.dll
LogICUInternationalization: ICU TimeZone Detection - Raw Offset: +1:00, Platform Override: ''
LogPluginManager: Mounting plugin Paper2D
LogPluginManager: Mounting plugin AISupport
LogPluginManager: Mounting plugin LightPropagationVolume
LogPluginManager: Mounting plugin ActorLayerUtilities
LogPluginManager: Mounting plugin CLionSourceCodeAccess
LogPluginManager: Mounting plugin CodeLiteSourceCodeAccess
LogPluginManager: Mounting plugin GitSourceControl
LogPluginManager: Mounting plugin KDevelopSourceCodeAccess
LogPluginManager: Mounting plugin NullSourceCodeAccess
LogPluginManager: Mounting plugin PerforceSourceControl
LogPluginManager: Mounting plugin SubversionSourceControl
LogPluginManager: Mounting plugin UObjectPlugin
LogPluginManager: Mounting plugin VisualStudioCodeSourceCodeAccess
LogPluginManager: Mounting plugin VisualStudioSourceCodeAccess
LogPluginManager: Mounting plugin XCodeSourceCodeAccess
LogPluginManager: Mounting plugin AssetManagerEditor
LogPluginManager: Mounting plugin CryptoKeys
LogPluginManager: Mounting plugin DataValidation
LogPluginManager: Mounting plugin FacialAnimation
LogPluginManager: Mounting plugin GameplayTagsEditor
LogPluginManager: Mounting plugin MacGraphicsSwitching
LogPluginManager: Mounting plugin MeshEditor
LogPluginManager: Mounting plugin MobileLauncherProfileWizard
LogPluginManager: Mounting plugin PluginBrowser
LogPluginManager: Mounting plugin SpeedTreeImporter
LogPluginManager: Mounting plugin DatasmithContent
LogPluginManager: Mounting plugin VariantManagerContent
LogPluginManager: Mounting plugin AlembicImporter
LogPluginManager: Mounting plugin AppleImageUtils
LogPluginManager: Mounting plugin AppleVision
LogPluginManager: Mounting plugin BackChannel
LogPluginManager: Mounting plugin CharacterAI
LogPluginManager: Mounting plugin GeometryCache
LogPluginManager: Mounting plugin HTML5Networking
LogPluginManager: Mounting plugin ProxyLODPlugin
LogPluginManager: Mounting plugin MagicLeap
LogPluginManager: Mounting plugin MagicLeapMedia
LogPluginManager: Mounting plugin AndroidMedia
LogPluginManager: Mounting plugin AvfMedia
LogPluginManager: Mounting plugin ImgMedia
LogPluginManager: Mounting plugin LinearTimecode
LogPluginManager: Mounting plugin MediaCompositing
LogPluginManager: Mounting plugin MediaPlayerEditor
LogPluginManager: Mounting plugin WebMMedia
LogPluginManager: Mounting plugin WmfMedia
LogPluginManager: Mounting plugin TcpMessaging
LogPluginManager: Mounting plugin UdpMessaging
LogPluginManager: Mounting plugin ActorSequence
LogPluginManager: Mounting plugin LevelSequenceEditor
LogPluginManager: Mounting plugin MatineeToLevelSequence
LogPluginManager: Mounting plugin NetcodeUnitTest
LogPluginManager: Mounting plugin NUTUnrealEngine4
LogPluginManager: Mounting plugin OnlineSubsystemGooglePlay
LogPluginManager: Mounting plugin OnlineSubsystemIOS
LogPluginManager: Mounting plugin OnlineSubsystem
LogPluginManager: Mounting plugin OnlineSubsystemNull
LogPluginManager: Mounting plugin OnlineSubsystemUtils
LogPluginManager: Mounting plugin LauncherChunkInstaller
LogPluginManager: Mounting plugin AndroidDeviceProfileSelector
LogPluginManager: Mounting plugin AndroidMoviePlayer
LogPluginManager: Mounting plugin AndroidPermission
LogPluginManager: Mounting plugin AppleMoviePlayer
LogPluginManager: Mounting plugin ArchVisCharacter
LogPluginManager: Mounting plugin AudioCapture
LogPluginManager: Mounting plugin CableComponent
LogPluginManager: Mounting plugin CustomMeshComponent
LogPluginManager: Mounting plugin EditableMesh
LogPluginManager: Mounting plugin ExampleDeviceProfileSelector
LogPluginManager: Mounting plugin Firebase
LogPluginManager: Mounting plugin GoogleCloudMessaging
LogPluginManager: Mounting plugin IOSDeviceProfileSelector
LogPluginManager: Mounting plugin LinuxDeviceProfileSelector
LogPluginManager: Mounting plugin LocationServicesBPLibrary
LogPluginManager: Mounting plugin MobilePatchingUtils
LogPluginManager: Mounting plugin OculusVR
LogPluginManager: Mounting plugin PhysXVehicles
LogPluginManager: Mounting plugin ProceduralMeshComponent
LogPluginManager: Mounting plugin RuntimePhysXCooking
LogPluginManager: Mounting plugin SteamVR
LogPluginManager: Mounting plugin WebMMoviePlayer
LogPluginManager: Mounting plugin WindowsMoviePlayer
LogStreaming: Display: Took  0.717s to configure plugins.
LogInit: Using libcurl 7.55.1-DEV
LogInit:  - built for x86_64-pc-win32
LogInit:  - supports SSL with OpenSSL/1.0.2h
LogInit:  - supports HTTP deflate (compression) using libz 1.2.8
LogInit:  - other features:
LogInit:      CURL_VERSION_SSL
LogInit:      CURL_VERSION_LIBZ
LogInit:      CURL_VERSION_IPV6
LogInit:      CURL_VERSION_ASYNCHDNS
LogInit:      CURL_VERSION_LARGEFILE
LogInit:      CURL_VERSION_IDN
LogInit:  CurlRequestOptions (configurable via config and command line):
LogInit:  - bVerifyPeer = true  - Libcurl will verify peer certificate
LogInit:  - bUseHttpProxy = false  - Libcurl will NOT use HTTP proxy
LogInit:  - bDontReuseConnections = false  - Libcurl will reuse connections
LogInit:  - MaxHostConnections = 16  - Libcurl will limit the number of connections to a host
LogInit:  - LocalHostAddr = Default
LogInit:  - BufferSize = 65536
LogInit: WinSock: version 1.1 (2.2), MaxSocks=32767, MaxUdp=65467
LogInit: Build: ++UE4+Release-4.21-CL-4753647
LogInit: Engine Version: 4.21.2-4753647+++UE4+Release-4.21
LogInit: Compatible Engine Version: 4.21.0-4541578+++UE4+Release-4.21
LogInit: Net CL: 4541578
LogInit: OS: Windows 10 (), CPU: Intel(R) Core(TM) i5-8300H CPU @ 2.30GHz, GPU: Intel(R) UHD Graphics 630
LogInit: Compiled (64-bit): Jan 19 2019 02:07:31
LogInit: Compiled with Visual C++: 19.13.26129.00
LogInit: Build Configuration: Development
LogInit: Branch Name: ++UE4+Release-4.21
LogInit: Command Line: 
LogInit: Base Directory: D:/Program Files/Epic Games/UE_4.21/Engine/Binaries/Win64/
LogInit: Installed Engine Build: 1
LogDevObjectVersion: Number of dev versions registered: 22
LogDevObjectVersion:   Dev-Blueprints (B0D832E4-1F89-4F0D-ACCF-7EB736FD4AA2): 10
LogDevObjectVersion:   Dev-Build (E1C64328-A22C-4D53-A36C-8E866417BD8C): 0
LogDevObjectVersion:   Dev-Core (375EC13C-06E4-48FB-B500-84F0262A717E): 2
LogDevObjectVersion:   Dev-Editor (E4B068ED-F494-42E9-A231-DA0B2E46BB41): 26
LogDevObjectVersion:   Dev-Framework (CFFC743F-43B0-4480-9391-14DF171D2073): 34
LogDevObjectVersion:   Dev-Mobile (B02B49B5-BB20-44E9-A304-32B752E40360): 2
LogDevObjectVersion:   Dev-Networking (A4E4105C-59A1-49B5-A7C5-40C4547EDFEE): 0
LogDevObjectVersion:   Dev-Online (39C831C9-5AE6-47DC-9A44-9C173E1C8E7C): 0
LogDevObjectVersion:   Dev-Physics (78F01B33-EBEA-4F98-B9B4-84EACCB95AA2): 0
LogDevObjectVersion:   Dev-Platform (6631380F-2D4D-43E0-8009-CF276956A95A): 0
LogDevObjectVersion:   Dev-Rendering (12F88B9F-8875-4AFC-A67C-D90C383ABD29): 27
LogDevObjectVersion:   Dev-Sequencer (7B5AE74C-D270-4C10-A958-57980B212A5A): 9
LogDevObjectVersion:   Dev-VR (D7296918-1DD6-4BDD-9DE2-64A83CC13884): 2
LogDevObjectVersion:   Dev-LoadTimes (C2A15278-BFE7-4AFE-6C17-90FF531DF755): 1
LogDevObjectVersion:   Private-Geometry (6EACA3D4-40EC-4CC1-B786-8BED09428FC5): 3
LogDevObjectVersion:   Dev-AnimPhys (29E575DD-E0A3-4627-9D10-D276232CDCEA): 17
LogDevObjectVersion:   Dev-Anim (AF43A65D-7FD3-4947-9873-3E8ED9C1BB05): 2
LogDevObjectVersion:   Dev-ReflectionCapture (6B266CEC-1EC7-4B8F-A30B-E4D90942FC07): 1
LogDevObjectVersion:   Dev-Automation (0DF73D61-A23F-47EA-B727-89E90C41499A): 1
LogDevObjectVersion:   FortniteMain (601D1886-AC64-4F84-AA16-D3DE0DEAC7D6): 17
LogDevObjectVersion:   Dev-Enterprise (9DFFBCD6-494F-0158-E221-12823C92A888): 4
LogDevObjectVersion:   Dev-Niagara (F2AED0AC-9AFE-416F-8664-AA7FFA26D6FC): 1
LogStreaming: Display: Took  0.030s to delete old logs.
LogInit: Presizing for max 8388607 objects, including 0 objects not considered by GC, pre-allocating 0 bytes for permanent pool.
LogInit: Object subsystem initialized
LogConfig: Setting CVar [[con.DebugEarlyDefault:1]]
LogConfig: Setting CVar [[r.setres:1280x720]]
[2020.02.01-13.19.43:724][  0]LogConfig: Setting CVar [[r.VSync:0]]
[2020.02.01-13.19.43:724][  0]LogConfig: Setting CVar [[r.RHICmdBypass:0]]
[2020.02.01-13.19.43:724][  0]LogConfig: Applying CVar settings from Section [/Script/Engine.RendererSettings] File [D:/Program_files/Unreal Projects/Gedaria/Saved/Config/Windows/Engine.ini]
[2020.02.01-13.19.43:724][  0]LogConfig: Setting CVar [[r.GPUCrashDebugging:0]]
[2020.02.01-13.19.43:724][  0]LogConfig: Applying CVar settings from Section [/Script/Engine.RendererOverrideSettings] File [D:/Program_files/Unreal Projects/Gedaria/Saved/Config/Windows/Engine.ini]
[2020.02.01-13.19.43:724][  0]LogConfig: Applying CVar settings from Section [/Script/Engine.StreamingSettings] File [D:/Program_files/Unreal Projects/Gedaria/Saved/Config/Windows/Engine.ini]
[2020.02.01-13.19.43:724][  0]LogConfig: Setting CVar [[s.MinBulkDataSizeForAsyncLoading:131072]]
[2020.02.01-13.19.43:724][  0]LogConfig: Setting CVar [[s.AsyncLoadingThreadEnabled:0]]
[2020.02.01-13.19.43:724][  0]LogConfig: Setting CVar [[s.EventDrivenLoaderEnabled:1]]
[2020.02.01-13.19.43:724][  0]LogConfig: Setting CVar [[s.WarnIfTimeLimitExceeded:0]]
[2020.02.01-13.19.43:724][  0]LogConfig: Setting CVar [[s.TimeLimitExceededMultiplier:1.5]]
[2020.02.01-13.19.43:724][  0]LogConfig: Setting CVar [[s.TimeLimitExceededMinTime:0.005]]
[2020.02.01-13.19.43:724][  0]LogConfig: Setting CVar [[s.UseBackgroundLevelStreaming:1]]
[2020.02.01-13.19.43:724][  0]LogConfig: Setting CVar [[s.PriorityAsyncLoadingExtraTime:15.0]]
[2020.02.01-13.19.43:724][  0]LogConfig: Setting CVar [[s.LevelStreamingActorsUpdateTimeLimit:5.0]]
[2020.02.01-13.19.43:724][  0]LogConfig: Setting CVar [[s.PriorityLevelStreamingActorsUpdateExtraTime:5.0]]
[2020.02.01-13.19.43:724][  0]LogConfig: Setting CVar [[s.LevelStreamingComponentsRegistrationGranularity:10]]
[2020.02.01-13.19.43:724][  0]LogConfig: Setting CVar [[s.UnregisterComponentsTimeLimit:1.0]]
[2020.02.01-13.19.43:724][  0]LogConfig: Setting CVar [[s.LevelStreamingComponentsUnregistrationGranularity:5]]
[2020.02.01-13.19.43:724][  0]LogConfig: Applying CVar settings from Section [/Script/Engine.GarbageCollectionSettings] File [D:/Program_files/Unreal Projects/Gedaria/Saved/Config/Windows/Engine.ini]
[2020.02.01-13.19.43:724][  0]LogConfig: Setting CVar [[gc.MaxObjectsNotConsideredByGC:1]]
[2020.02.01-13.19.43:724][  0]LogConfig: Setting CVar [[gc.SizeOfPermanentObjectPool:0]]
[2020.02.01-13.19.43:724][  0]LogConfig: Setting CVar [[gc.FlushStreamingOnGC:0]]
[2020.02.01-13.19.43:724][  0]LogConfig: Setting CVar [[gc.NumRetriesBeforeForcingGC:10]]
[2020.02.01-13.19.43:724][  0]LogConfig: Setting CVar [[gc.AllowParallelGC:1]]
[2020.02.01-13.19.43:724][  0]LogConfig: Setting CVar [[gc.TimeBetweenPurgingPendingKillObjects:61.1]]
[2020.02.01-13.19.43:724][  0]LogConfig: Setting CVar [[gc.MaxObjectsInEditor:8388607]]
[2020.02.01-13.19.43:725][  0]LogConfig: Setting CVar [[gc.IncrementalBeginDestroyEnabled:1]]
[2020.02.01-13.19.43:725][  0]LogConfig: Setting CVar [[gc.CreateGCClusters:1]]
[2020.02.01-13.19.43:725][  0]LogConfig: Setting CVar [[gc.MergeGCClusters:0]]
[2020.02.01-13.19.43:725][  0]LogConfig: Setting CVar [[gc.MinGCClusterSize:5]]
[2020.02.01-13.19.43:725][  0]LogConfig: Setting CVar [[gc.ActorClusteringEnabled:0]]
[2020.02.01-13.19.43:725][  0]LogConfig: Setting CVar [[gc.BlueprintClusteringEnabled:0]]
[2020.02.01-13.19.43:725][  0]LogConfig: Setting CVar [[gc.UseDisregardForGCOnDedicatedServers:0]]
[2020.02.01-13.19.43:725][  0]LogConfig: Applying CVar settings from Section [/Script/Engine.NetworkSettings] File [D:/Program_files/Unreal Projects/Gedaria/Saved/Config/Windows/Engine.ini]
[2020.02.01-13.19.43:725][  0]LogConfig: Applying CVar settings from Section [/Script/UnrealEd.CookerSettings] File [D:/Program_files/Unreal Projects/Gedaria/Saved/Config/Windows/Engine.ini]
[2020.02.01-13.19.43:728][  0]LogConfig: Applying CVar settings from Section [ViewDistanceQuality@3] File [D:/Program_files/Unreal Projects/Gedaria/Saved/Config/Windows/Scalability.ini]
[2020.02.01-13.19.43:728][  0]LogConfig: Setting CVar [[r.SkeletalMeshLODBias:0]]
[2020.02.01-13.19.43:728][  0]LogConfig: Setting CVar [[r.ViewDistanceScale:1.0]]
[2020.02.01-13.19.43:728][  0]LogConfig: Applying CVar settings from Section [AntiAliasingQuality@3] File [D:/Program_files/Unreal Projects/Gedaria/Saved/Config/Windows/Scalability.ini]
[2020.02.01-13.19.43:728][  0]LogConfig: Setting CVar [[r.PostProcessAAQuality:4]]
[2020.02.01-13.19.43:728][  0]LogConfig: Applying CVar settings from Section [ShadowQuality@3] File [D:/Program_files/Unreal Projects/Gedaria/Saved/Config/Windows/Scalability.ini]
[2020.02.01-13.19.43:728][  0]LogConfig: Setting CVar [[r.LightFunctionQuality:1]]
[2020.02.01-13.19.43:728][  0]LogConfig: Setting CVar [[r.ShadowQuality:5]]
[2020.02.01-13.19.43:728][  0]LogConfig: Setting CVar [[r.Shadow.CSM.MaxCascades:10]]
[2020.02.01-13.19.43:728][  0]LogConfig: Setting CVar [[r.Shadow.MaxResolution:2048]]
[2020.02.01-13.19.43:728][  0]LogConfig: Setting CVar [[r.Shadow.MaxCSMResolution:2048]]
[2020.02.01-13.19.43:728][  0]LogConfig: Setting CVar [[r.Shadow.RadiusThreshold:0.01]]
[2020.02.01-13.19.43:728][  0]LogConfig: Setting CVar [[r.Shadow.DistanceScale:1.0]]
[2020.02.01-13.19.43:728][  0]LogConfig: Setting CVar [[r.Shadow.CSM.TransitionScale:1.0]]
[2020.02.01-13.19.43:728][  0]LogConfig: Setting CVar [[r.Shadow.PreShadowResolutionFactor:1.0]]
[2020.02.01-13.19.43:728][  0]LogConfig: Setting CVar [[r.DistanceFieldShadowing:1]]
[2020.02.01-13.19.43:728][  0]LogConfig: Setting CVar [[r.DistanceFieldAO:1]]
[2020.02.01-13.19.43:728][  0]LogConfig: Setting CVar [[r.AOQuality:2]]
[2020.02.01-13.19.43:728][  0]LogConfig: Setting CVar [[r.VolumetricFog:1]]
[2020.02.01-13.19.43:728][  0]LogConfig: Setting CVar [[r.VolumetricFog.GridPixelSize:8]]
[2020.02.01-13.19.43:728][  0]LogConfig: Setting CVar [[r.VolumetricFog.GridSizeZ:128]]
[2020.02.01-13.19.43:728][  0]LogConfig: Setting CVar [[r.VolumetricFog.HistoryMissSupersampleCount:4]]
[2020.02.01-13.19.43:728][  0]LogConfig: Setting CVar [[r.LightMaxDrawDistanceScale:1]]
[2020.02.01-13.19.43:728][  0]LogConfig: Setting CVar [[r.CapsuleShadows:1]]
[2020.02.01-13.19.43:728][  0]LogConfig: Applying CVar settings from Section [PostProcessQuality@3] File [D:/Program_files/Unreal Projects/Gedaria/Saved/Config/Windows/Scalability.ini]
[2020.02.01-13.19.43:728][  0]LogConfig: Setting CVar [[r.MotionBlurQuality:4]]
[2020.02.01-13.19.43:728][  0]LogConfig: Setting CVar [[r.AmbientOcclusionMipLevelFactor:0.4]]
[2020.02.01-13.19.43:728][  0]LogConfig: Setting CVar [[r.AmbientOcclusionMaxQuality:100]]
[2020.02.01-13.19.43:728][  0]LogConfig: Setting CVar [[r.AmbientOcclusionLevels:-1]]
[2020.02.01-13.19.43:728][  0]LogConfig: Setting CVar [[r.AmbientOcclusionRadiusScale:1.0]]
[2020.02.01-13.19.43:729][  0]LogConfig: Setting CVar [[r.DepthOfFieldQuality:2]]
[2020.02.01-13.19.43:729][  0]LogConfig: Setting CVar [[r.RenderTargetPoolMin:400]]
[2020.02.01-13.19.43:729][  0]LogConfig: Setting CVar [[r.LensFlareQuality:2]]
[2020.02.01-13.19.43:729][  0]LogConfig: Setting CVar [[r.SceneColorFringeQuality:1]]
[2020.02.01-13.19.43:729][  0]LogConfig: Setting CVar [[r.EyeAdaptationQuality:2]]
[2020.02.01-13.19.43:729][  0]LogConfig: Setting CVar [[r.BloomQuality:5]]
[2020.02.01-13.19.43:729][  0]LogConfig: Setting CVar [[r.FastBlurThreshold:100]]
[2020.02.01-13.19.43:729][  0]LogConfig: Setting CVar [[r.Upscale.Quality:3]]
[2020.02.01-13.19.43:729][  0]LogConfig: Setting CVar [[r.Tonemapper.GrainQuantization:1]]
[2020.02.01-13.19.43:729][  0]LogConfig: Setting CVar [[r.LightShaftQuality:1]]
[2020.02.01-13.19.43:729][  0]LogConfig: Setting CVar [[r.Filter.SizeScale:1]]
[2020.02.01-13.19.43:729][  0]LogConfig: Setting CVar [[r.Tonemapper.Quality:5]]
[2020.02.01-13.19.43:729][  0]LogConfig: Setting CVar [[r.DOF.Gather.AccumulatorQuality:1        ; higher gathering accumulator quality]]
[2020.02.01-13.19.43:729][  0]LogConfig: Setting CVar [[r.DOF.Gather.PostfilterMethod:1          ; Median3x3 postfilering method]]
[2020.02.01-13.19.43:729][  0]LogConfig: Setting CVar [[r.DOF.Gather.EnableBokehSettings:0       ; no bokeh simulation when gathering]]
[2020.02.01-13.19.43:729][  0]LogConfig: Setting CVar [[r.DOF.Gather.RingCount:4                 ; medium number of samples when gathering]]
[2020.02.01-13.19.43:729][  0]LogConfig: Setting CVar [[r.DOF.Scatter.ForegroundCompositing:1    ; additive foreground scattering]]
[2020.02.01-13.19.43:729][  0]LogConfig: Setting CVar [[r.DOF.Scatter.BackgroundCompositing:2    ; additive background scattering]]
[2020.02.01-13.19.43:729][  0]LogConfig: Setting CVar [[r.DOF.Scatter.EnableBokehSettings:1      ; bokeh simulation when scattering]]
[2020.02.01-13.19.43:729][  0]LogConfig: Setting CVar [[r.DOF.Scatter.MaxSpriteRatio:0.1         ; only a maximum of 10% of scattered bokeh]]
[2020.02.01-13.19.43:729][  0]LogConfig: Setting CVar [[r.DOF.Recombine.Quality:1                ; cheap slight out of focus]]
[2020.02.01-13.19.43:729][  0]LogConfig: Setting CVar [[r.DOF.Recombine.EnableBokehSettings:0    ; no bokeh simulation on slight out of focus]]
[2020.02.01-13.19.43:729][  0]LogConfig: Setting CVar [[r.DOF.TemporalAAQuality:1                ; more stable temporal accumulation]]
[2020.02.01-13.19.43:729][  0]LogConfig: Setting CVar [[r.DOF.Kernel.MaxForegroundRadius:0.025]]
[2020.02.01-13.19.43:729][  0]LogConfig: Setting CVar [[r.DOF.Kernel.MaxBackgroundRadius:0.025]]
[2020.02.01-13.19.43:729][  0]LogConfig: Applying CVar settings from Section [TextureQuality@3] File [D:/Program_files/Unreal Projects/Gedaria/Saved/Config/Windows/Scalability.ini]
[2020.02.01-13.19.43:729][  0]LogConfig: Setting CVar [[r.Streaming.MipBias:0]]
[2020.02.01-13.19.43:729][  0]LogConfig: Setting CVar [[r.Streaming.AmortizeCPUToGPUCopy:0]]
[2020.02.01-13.19.43:729][  0]LogConfig: Setting CVar [[r.Streaming.MaxNumTexturesToStreamPerFrame:0]]
[2020.02.01-13.19.43:729][  0]LogConfig: Setting CVar [[r.Streaming.Boost:1]]
[2020.02.01-13.19.43:729][  0]LogConfig: Setting CVar [[r.MaxAnisotropy:8]]
[2020.02.01-13.19.43:729][  0]LogConfig: Setting CVar [[r.Streaming.LimitPoolSizeToVRAM:0]]
[2020.02.01-13.19.43:729][  0]LogConfig: Setting CVar [[r.Streaming.PoolSize:1000]]
[2020.02.01-13.19.43:729][  0]LogConfig: Setting CVar [[r.Streaming.MaxEffectiveScreenSize:0]]
[2020.02.01-13.19.43:729][  0]LogConfig: Applying CVar settings from Section [EffectsQuality@3] File [D:/Program_files/Unreal Projects/Gedaria/Saved/Config/Windows/Scalability.ini]
[2020.02.01-13.19.43:729][  0]LogConfig: Setting CVar [[r.TranslucencyLightingVolumeDim:64]]
[2020.02.01-13.19.43:729][  0]LogConfig: Setting CVar [[r.RefractionQuality:2]]
[2020.02.01-13.19.43:729][  0]LogConfig: Setting CVar [[r.SSR.Quality:3]]
[2020.02.01-13.19.43:729][  0]LogConfig: Setting CVar [[r.SceneColorFormat:4]]
[2020.02.01-13.19.43:729][  0]LogConfig: Setting CVar [[r.DetailMode:2]]
[2020.02.01-13.19.43:729][  0]LogConfig: Setting CVar [[r.TranslucencyVolumeBlur:1]]
[2020.02.01-13.19.43:729][  0]LogConfig: Setting CVar [[r.MaterialQualityLevel:1 ; High quality]]
[2020.02.01-13.19.43:730][  0]LogConfig: Setting CVar [[r.SSS.Scale:1]]
[2020.02.01-13.19.43:730][  0]LogConfig: Setting CVar [[r.SSS.SampleSet:2]]
[2020.02.01-13.19.43:730][  0]LogConfig: Setting CVar [[r.SSS.Quality:1]]
[2020.02.01-13.19.43:730][  0]LogConfig: Setting CVar [[r.SSS.HalfRes:1]]
[2020.02.01-13.19.43:730][  0]LogConfig: Setting CVar [[r.EmitterSpawnRateScale:1.0]]
[2020.02.01-13.19.43:730][  0]LogConfig: Setting CVar [[r.ParticleLightQuality:2]]
[2020.02.01-13.19.43:730][  0]LogConfig: Applying CVar settings from Section [FoliageQuality@3] File [D:/Program_files/Unreal Projects/Gedaria/Saved/Config/Windows/Scalability.ini]
[2020.02.01-13.19.43:730][  0]LogConfig: Setting CVar [[foliage.DensityScale:1.0]]
[2020.02.01-13.19.43:730][  0]LogConfig: Setting CVar [[grass.DensityScale:1.0]]
[2020.02.01-13.19.43:730][  0]LogInit: Selected Device Profile: [Windows]
[2020.02.01-13.19.43:730][  0]LogInit: Applying CVar settings loaded from the selected device profile: [Windows]
[2020.02.01-13.19.44:011][  0]LogHAL: Display: Platform has ~ 8 GB [8431169536 / 8589934592 / 8], which maps to Default [LargestMinGB=32, LargerMinGB=12, DefaultMinGB=8, SmallerMinGB=6, SmallestMinGB=0)
[2020.02.01-13.19.44:011][  0]LogConfig: Setting CVar [[r.Vulkan.UseRealUBs:1]]
[2020.02.01-13.19.44:011][  0]LogInit: Going up to parent DeviceProfile []
[2020.02.01-13.19.44:011][  0]LogConfig: Applying CVar settings from Section [ViewDistanceQuality@3] File [D:/Program_files/Unreal Projects/Gedaria/Saved/Config/Windows/Scalability.ini]
[2020.02.01-13.19.44:011][  0]LogConfig: Setting CVar [[r.SkeletalMeshLODBias:0]]
[2020.02.01-13.19.44:011][  0]LogConfig: Setting CVar [[r.ViewDistanceScale:1.0]]
[2020.02.01-13.19.44:011][  0]LogConfig: Applying CVar settings from Section [AntiAliasingQuality@3] File [D:/Program_files/Unreal Projects/Gedaria/Saved/Config/Windows/Scalability.ini]
[2020.02.01-13.19.44:011][  0]LogConfig: Setting CVar [[r.PostProcessAAQuality:4]]
[2020.02.01-13.19.44:011][  0]LogConfig: Applying CVar settings from Section [ShadowQuality@3] File [D:/Program_files/Unreal Projects/Gedaria/Saved/Config/Windows/Scalability.ini]
[2020.02.01-13.19.44:011][  0]LogConfig: Setting CVar [[r.LightFunctionQuality:1]]
[2020.02.01-13.19.44:011][  0]LogConfig: Setting CVar [[r.ShadowQuality:5]]
[2020.02.01-13.19.44:011][  0]LogConfig: Setting CVar [[r.Shadow.CSM.MaxCascades:10]]
[2020.02.01-13.19.44:011][  0]LogConfig: Setting CVar [[r.Shadow.MaxResolution:2048]]
[2020.02.01-13.19.44:011][  0]LogConfig: Setting CVar [[r.Shadow.MaxCSMResolution:2048]]
[2020.02.01-13.19.44:011][  0]LogConfig: Setting CVar [[r.Shadow.RadiusThreshold:0.01]]
[2020.02.01-13.19.44:011][  0]LogConfig: Setting CVar [[r.Shadow.DistanceScale:1.0]]
[2020.02.01-13.19.44:011][  0]LogConfig: Setting CVar [[r.Shadow.CSM.TransitionScale:1.0]]
[2020.02.01-13.19.44:011][  0]LogConfig: Setting CVar [[r.Shadow.PreShadowResolutionFactor:1.0]]
[2020.02.01-13.19.44:011][  0]LogConfig: Setting CVar [[r.DistanceFieldShadowing:1]]
[2020.02.01-13.19.44:011][  0]LogConfig: Setting CVar [[r.DistanceFieldAO:1]]
[2020.02.01-13.19.44:012][  0]LogConfig: Setting CVar [[r.AOQuality:2]]
[2020.02.01-13.19.44:012][  0]LogConfig: Setting CVar [[r.VolumetricFog:1]]
[2020.02.01-13.19.44:012][  0]LogConfig: Setting CVar [[r.VolumetricFog.GridPixelSize:8]]
[2020.02.01-13.19.44:012][  0]LogConfig: Setting CVar [[r.VolumetricFog.GridSizeZ:128]]
[2020.02.01-13.19.44:012][  0]LogConfig: Setting CVar [[r.VolumetricFog.HistoryMissSupersampleCount:4]]
[2020.02.01-13.19.44:012][  0]LogConfig: Setting CVar [[r.LightMaxDrawDistanceScale:1]]
[2020.02.01-13.19.44:012][  0]LogConfig: Setting CVar [[r.CapsuleShadows:1]]
[2020.02.01-13.19.44:012][  0]LogConfig: Applying CVar settings from Section [PostProcessQuality@3] File [D:/Program_files/Unreal Projects/Gedaria/Saved/Config/Windows/Scalability.ini]
[2020.02.01-13.19.44:012][  0]LogConfig: Setting CVar [[r.MotionBlurQuality:4]]
[2020.02.01-13.19.44:012][  0]LogConfig: Setting CVar [[r.AmbientOcclusionMipLevelFactor:0.4]]
[2020.02.01-13.19.44:012][  0]LogConfig: Setting CVar [[r.AmbientOcclusionMaxQuality:100]]
[2020.02.01-13.19.44:012][  0]LogConfig: Setting CVar [[r.AmbientOcclusionLevels:-1]]
[2020.02.01-13.19.44:012][  0]LogConfig: Setting CVar [[r.AmbientOcclusionRadiusScale:1.0]]
[2020.02.01-13.19.44:012][  0]LogConfig: Setting CVar [[r.DepthOfFieldQuality:2]]
[2020.02.01-13.19.44:012][  0]LogConfig: Setting CVar [[r.RenderTargetPoolMin:400]]
[2020.02.01-13.19.44:012][  0]LogConfig: Setting CVar [[r.LensFlareQuality:2]]
[2020.02.01-13.19.44:012][  0]LogConfig: Setting CVar [[r.SceneColorFringeQuality:1]]
[2020.02.01-13.19.44:012][  0]LogConfig: Setting CVar [[r.EyeAdaptationQuality:2]]
[2020.02.01-13.19.44:012][  0]LogConfig: Setting CVar [[r.BloomQuality:5]]
[2020.02.01-13.19.44:012][  0]LogConfig: Setting CVar [[r.FastBlurThreshold:100]]
[2020.02.01-13.19.44:012][  0]LogConfig: Setting CVar [[r.Upscale.Quality:3]]
[2020.02.01-13.19.44:012][  0]LogConfig: Setting CVar [[r.Tonemapper.GrainQuantization:1]]
[2020.02.01-13.19.44:012][  0]LogConfig: Setting CVar [[r.LightShaftQuality:1]]
[2020.02.01-13.19.44:012][  0]LogConfig: Setting CVar [[r.Filter.SizeScale:1]]
[2020.02.01-13.19.44:012][  0]LogConfig: Setting CVar [[r.Tonemapper.Quality:5]]
[2020.02.01-13.19.44:012][  0]LogConfig: Setting CVar [[r.DOF.Gather.AccumulatorQuality:1        ; higher gathering accumulator quality]]
[2020.02.01-13.19.44:012][  0]LogConfig: Setting CVar [[r.DOF.Gather.PostfilterMethod:1          ; Median3x3 postfilering method]]
[2020.02.01-13.19.44:012][  0]LogConfig: Setting CVar [[r.DOF.Gather.EnableBokehSettings:0       ; no bokeh simulation when gathering]]
[2020.02.01-13.19.44:012][  0]LogConfig: Setting CVar [[r.DOF.Gather.RingCount:4                 ; medium number of samples when gathering]]
[2020.02.01-13.19.44:012][  0]LogConfig: Setting CVar [[r.DOF.Scatter.ForegroundCompositing:1    ; additive foreground scattering]]
[2020.02.01-13.19.44:012][  0]LogConfig: Setting CVar [[r.DOF.Scatter.BackgroundCompositing:2    ; additive background scattering]]
[2020.02.01-13.19.44:012][  0]LogConfig: Setting CVar [[r.DOF.Scatter.EnableBokehSettings:1      ; bokeh simulation when scattering]]
[2020.02.01-13.19.44:012][  0]LogConfig: Setting CVar [[r.DOF.Scatter.MaxSpriteRatio:0.1         ; only a maximum of 10% of scattered bokeh]]
[2020.02.01-13.19.44:012][  0]LogConfig: Setting CVar [[r.DOF.Recombine.Quality:1                ; cheap slight out of focus]]
[2020.02.01-13.19.44:012][  0]LogConfig: Setting CVar [[r.DOF.Recombine.EnableBokehSettings:0    ; no bokeh simulation on slight out of focus]]
[2020.02.01-13.19.44:012][  0]LogConfig: Setting CVar [[r.DOF.TemporalAAQuality:1                ; more stable temporal accumulation]]
[2020.02.01-13.19.44:012][  0]LogConfig: Setting CVar [[r.DOF.Kernel.MaxForegroundRadius:0.025]]
[2020.02.01-13.19.44:012][  0]LogConfig: Setting CVar [[r.DOF.Kernel.MaxBackgroundRadius:0.025]]
[2020.02.01-13.19.44:012][  0]LogConfig: Applying CVar settings from Section [TextureQuality@3] File [D:/Program_files/Unreal Projects/Gedaria/Saved/Config/Windows/Scalability.ini]
[2020.02.01-13.19.44:012][  0]LogConfig: Setting CVar [[r.Streaming.MipBias:0]]
[2020.02.01-13.19.44:012][  0]LogConfig: Setting CVar [[r.Streaming.AmortizeCPUToGPUCopy:0]]
[2020.02.01-13.19.44:012][  0]LogConfig: Setting CVar [[r.Streaming.MaxNumTexturesToStreamPerFrame:0]]
[2020.02.01-13.19.44:012][  0]LogConfig: Setting CVar [[r.Streaming.Boost:1]]
[2020.02.01-13.19.44:012][  0]LogConfig: Setting CVar [[r.MaxAnisotropy:8]]
[2020.02.01-13.19.44:012][  0]LogConfig: Setting CVar [[r.Streaming.LimitPoolSizeToVRAM:0]]
[2020.02.01-13.19.44:012][  0]LogConfig: Setting CVar [[r.Streaming.PoolSize:1000]]
[2020.02.01-13.19.44:012][  0]LogConfig: Setting CVar [[r.Streaming.MaxEffectiveScreenSize:0]]
[2020.02.01-13.19.44:012][  0]LogConfig: Applying CVar settings from Section [EffectsQuality@3] File [D:/Program_files/Unreal Projects/Gedaria/Saved/Config/Windows/Scalability.ini]
[2020.02.01-13.19.44:012][  0]LogConfig: Setting CVar [[r.TranslucencyLightingVolumeDim:64]]
[2020.02.01-13.19.44:012][  0]LogConfig: Setting CVar [[r.RefractionQuality:2]]
[2020.02.01-13.19.44:012][  0]LogConfig: Setting CVar [[r.SSR.Quality:3]]
[2020.02.01-13.19.44:012][  0]LogConfig: Setting CVar [[r.SceneColorFormat:4]]
[2020.02.01-13.19.44:012][  0]LogConfig: Setting CVar [[r.DetailMode:2]]
[2020.02.01-13.19.44:012][  0]LogConfig: Setting CVar [[r.TranslucencyVolumeBlur:1]]
[2020.02.01-13.19.44:012][  0]LogConfig: Setting CVar [[r.MaterialQualityLevel:1 ; High quality]]
[2020.02.01-13.19.44:012][  0]LogConfig: Setting CVar [[r.SSS.Scale:1]]
[2020.02.01-13.19.44:012][  0]LogConfig: Setting CVar [[r.SSS.SampleSet:2]]
[2020.02.01-13.19.44:012][  0]LogConfig: Setting CVar [[r.SSS.Quality:1]]
[2020.02.01-13.19.44:012][  0]LogConfig: Setting CVar [[r.SSS.HalfRes:1]]
[2020.02.01-13.19.44:012][  0]LogConfig: Setting CVar [[r.EmitterSpawnRateScale:1.0]]
[2020.02.01-13.19.44:013][  0]LogConfig: Setting CVar [[r.ParticleLightQuality:2]]
[2020.02.01-13.19.44:013][  0]LogConfig: Applying CVar settings from Section [FoliageQuality@3] File [D:/Program_files/Unreal Projects/Gedaria/Saved/Config/Windows/Scalability.ini]
[2020.02.01-13.19.44:013][  0]LogConfig: Setting CVar [[foliage.DensityScale:1.0]]
[2020.02.01-13.19.44:013][  0]LogConfig: Setting CVar [[grass.DensityScale:1.0]]
[2020.02.01-13.19.44:013][  0]LogConfig: Applying CVar settings from Section [Startup] File [../../../Engine/Config/ConsoleVariables.ini]
[2020.02.01-13.19.44:149][  0]LogConfig: Setting CVar [[net.UseAdaptiveNetUpdateFrequency:0]]
[2020.02.01-13.19.44:149][  0]LogConfig: Applying CVar settings from Section [ConsoleVariables] File [D:/Program_files/Unreal Projects/Gedaria/Saved/Config/Windows/Engine.ini]
[2020.02.01-13.19.44:149][  0]LogInit: Computer: LAPTOP-CL2VGTEM
[2020.02.01-13.19.44:149][  0]LogInit: User: Viktor
[2020.02.01-13.19.44:149][  0]LogInit: CPU Page size=4096, Cores=4
[2020.02.01-13.19.44:149][  0]LogInit: High frequency timer resolution =2.249998 MHz
[2020.02.01-13.19.44:149][  0]LogMemory: Memory total: Physical=7.9GB (8GB approx)
[2020.02.01-13.19.44:149][  0]LogMemory: Platform Memory Stats for Windows
[2020.02.01-13.19.44:149][  0]LogMemory: Process Physical Memory: 103.88 MB used, 103.88 MB peak
[2020.02.01-13.19.44:149][  0]LogMemory: Process Virtual Memory: 102.00 MB used, 102.00 MB peak
[2020.02.01-13.19.44:149][  0]LogMemory: Physical Memory: 7145.07 MB used,  895.52 MB free, 8040.59 MB total
[2020.02.01-13.19.44:149][  0]LogMemory: Virtual Memory: 4658.91 MB used,  134213072.00 MB free, 134217728.00 MB total
[2020.02.01-13.19.45:948][  0]LogInit: Using OS detected language (cs-CZ).
[2020.02.01-13.19.45:948][  0]LogInit: Using OS detected locale (cs-CZ).
[2020.02.01-13.19.46:062][  0]LogTextLocalizationManager: No localization for 'cs-CZ' exists, so 'en' will be used for the language.
[2020.02.01-13.19.50:115][  0]LogStreaming: Display: Took  4.167s to InitEngineTextLocalization.
[2020.02.01-13.19.50:115][  0]LogInit: Setting process to per monitor DPI aware
[2020.02.01-13.19.52:054][  0]LogSlate: New Slate User Created.  User Index 0, Is Virtual User: 0
[2020.02.01-13.19.52:054][  0]LogSlate: Slate User Registered.  User Index 0, Is Virtual User: 0
[2020.02.01-13.19.56:472][  0]LogHMD: Failed to initialize OpenVR with code 110
[2020.02.01-13.19.56:472][  0]LogD3D11RHI: D3D11 adapters:
[2020.02.01-13.19.56:589][  0]LogD3D11RHI:    0. 'NVIDIA GeForce GTX 1050' (Feature Level 11_0)
[2020.02.01-13.19.56:589][  0]LogD3D11RHI:       4019/0/4020 MB DedicatedVideo/DedicatedSystem/SharedSystem, Outputs:1, VendorId:0x10de
[2020.02.01-13.19.56:605][  0]LogD3D11RHI:    1. 'Intel(R) UHD Graphics 630' (Feature Level 11_0)
[2020.02.01-13.19.56:605][  0]LogD3D11RHI:       128/0/4020 MB DedicatedVideo/DedicatedSystem/SharedSystem, Outputs:0, VendorId:0x8086
[2020.02.01-13.19.56:611][  0]LogD3D11RHI:    2. 'Microsoft Basic Render Driver' (Feature Level 11_0)
[2020.02.01-13.19.56:611][  0]LogD3D11RHI:       0/0/4020 MB DedicatedVideo/DedicatedSystem/SharedSystem, Outputs:0, VendorId:0x1414
[2020.02.01-13.19.56:611][  0]LogD3D11RHI: Chosen D3D11 Adapter: 0
[2020.02.01-13.19.56:645][  0]LogD3D11RHI: Creating new Direct3DDevice
[2020.02.01-13.19.56:645][  0]LogD3D11RHI:     GPU DeviceId: 0x1c8d (for the marketing name, search the web for "GPU Device Id")
[2020.02.01-13.19.56:645][  0]LogWindows: EnumDisplayDevices:
[2020.02.01-13.19.56:645][  0]LogWindows:    0. 'Intel(R) UHD Graphics 630' (P:1 D:1)
[2020.02.01-13.19.56:645][  0]LogWindows:    1. 'Intel(R) UHD Graphics 630' (P:0 D:0)
[2020.02.01-13.19.56:645][  0]LogWindows:    2. 'Intel(R) UHD Graphics 630' (P:0 D:0)
[2020.02.01-13.19.56:645][  0]LogWindows:    3. 'NVIDIA GeForce GTX 1050' (P:0 D:0)
[2020.02.01-13.19.56:646][  0]LogWindows: DebugString: PrimaryIsNotTheChoosenAdapter PrimaryIsNotTheChoosenAdapter PrimaryIsNotTheChoosenAdapter 
[2020.02.01-13.19.56:646][  0]LogD3D11RHI:     Adapter Name: NVIDIA GeForce GTX 1050
[2020.02.01-13.19.56:646][  0]LogD3D11RHI:   Driver Version: 441.20 (internal:26.21.14.4120, unified:441.20)
[2020.02.01-13.19.56:646][  0]LogD3D11RHI:      Driver Date: 11-6-2019
[2020.02.01-13.19.56:646][  0]LogRHI: Texture pool is 2813 MB (70% of 4019 MB)
[2020.02.01-13.19.56:752][  0]LogD3D11RHI: Async texture creation enabled
[2020.02.01-13.19.56:774][  0]LogD3D11RHI: GPU Timing Frequency: 1000.000000 (Debug: 2 1)
[2020.02.01-13.19.57:226][  0]LogTemp: Display: Loaded TP AllDesktopTargetPlatform
[2020.02.01-13.19.57:312][  0]LogTemp: Display: Loaded TP MacClientTargetPlatform
[2020.02.01-13.19.57:378][  0]LogTemp: Display: Loaded TP MacNoEditorTargetPlatform
[2020.02.01-13.19.57:456][  0]LogTemp: Display: Loaded TP MacServerTargetPlatform
[2020.02.01-13.19.57:603][  0]LogTemp: Display: Loaded TP MacTargetPlatform
[2020.02.01-13.19.57:765][  0]LogTemp: Display: Loaded TP WindowsClientTargetPlatform
[2020.02.01-13.19.57:925][  0]LogTemp: Display: Loaded TP WindowsNoEditorTargetPlatform
[2020.02.01-13.19.58:032][  0]LogTemp: Display: Loaded TP WindowsServerTargetPlatform
[2020.02.01-13.19.58:140][  0]LogTemp: Display: Loaded TP WindowsTargetPlatform
[2020.02.01-13.19.58:318][  0]LogTemp: Display: Loaded TP AndroidTargetPlatform
[2020.02.01-13.19.58:318][  0]LogTemp: Display: Loaded TP AndroidTargetPlatform
[2020.02.01-13.19.58:318][  0]LogTemp: Display: Loaded TP AndroidTargetPlatform
[2020.02.01-13.19.58:318][  0]LogTemp: Display: Loaded TP AndroidTargetPlatform
[2020.02.01-13.19.58:318][  0]LogTemp: Display: Loaded TP AndroidTargetPlatform
[2020.02.01-13.19.58:318][  0]LogTemp: Display: Loaded TP AndroidTargetPlatform
[2020.02.01-13.19.58:318][  0]LogTemp: Display: Loaded TP AndroidTargetPlatform
[2020.02.01-13.19.58:318][  0]LogTemp: Display: Loaded TP AndroidTargetPlatform
[2020.02.01-13.19.58:318][  0]LogTemp: Display: Loaded TP AndroidTargetPlatform
[2020.02.01-13.19.58:318][  0]LogTemp: Display: Loaded TP AndroidTargetPlatform
[2020.02.01-13.19.58:318][  0]LogTemp: Display: Loaded TP AndroidTargetPlatform
[2020.02.01-13.19.58:318][  0]LogTemp: Display: Loaded TP AndroidTargetPlatform
[2020.02.01-13.19.58:318][  0]LogTemp: Display: Loaded TP AndroidTargetPlatform
[2020.02.01-13.19.58:318][  0]LogTemp: Display: Loaded TP AndroidTargetPlatform
[2020.02.01-13.19.58:318][  0]LogTemp: Display: Loaded TP AndroidTargetPlatform
[2020.02.01-13.19.58:318][  0]LogTemp: Display: Loaded TP AndroidTargetPlatform
[2020.02.01-13.19.58:318][  0]LogTemp: Display: Loaded TP AndroidTargetPlatform
[2020.02.01-13.19.58:318][  0]LogTemp: Display: Loaded TP AndroidTargetPlatform
[2020.02.01-13.19.58:385][  0]LogTemp: Display: Loaded TP HTML5TargetPlatform
[2020.02.01-13.19.58:713][  0]LogTemp: Display: Loaded TP IOSTargetPlatform
[2020.02.01-13.19.58:713][  0]LogTemp: Display: Loaded TP IOSTargetPlatform
[2020.02.01-13.19.58:814][  0]LogTemp: Display: Loaded TP TVOSTargetPlatform
[2020.02.01-13.19.58:814][  0]LogTemp: Display: Loaded TP TVOSTargetPlatform
[2020.02.01-13.19.58:892][  0]LogTemp: Display: Loaded TP LinuxClientTargetPlatform
[2020.02.01-13.19.58:947][  0]LogTemp: Display: Loaded TP LinuxNoEditorTargetPlatform
[2020.02.01-13.19.59:022][  0]LogTemp: Display: Loaded TP LinuxServerTargetPlatform
[2020.02.01-13.19.59:201][  0]LogTemp: Display: Loaded TP LinuxTargetPlatform
[2020.02.01-13.19.59:280][  0]LogTemp: Display: Loaded TP LuminTargetPlatform
[2020.02.01-13.19.59:280][  0]LogTemp: Display: Loaded TP LuminTargetPlatform
[2020.02.01-13.19.59:280][  0]LogTargetPlatformManager: Display: Building Assets For Windows
[2020.02.01-13.20.01:980][  0]LogShaderCompilers: Guid format shader working directory is -9 characters bigger than the processId version (../../../../../../Program_files/Unreal Projects/Gedaria/Intermediate/Shaders/WorkingDirectory/15876/).
[2020.02.01-13.20.01:980][  0]LogShaderCompilers: Cleaned the shader compiler working directory 'C:/Users/Viktor/AppData/Local/Temp/UnrealShaderWorkingDir/918233E54A7C96227E6A31BBCEBDD2B7/'.
[2020.02.01-13.20.02:153][  0]LogXGEController: Cannot use XGE Controller as Incredibuild is not installed on this machine.
[2020.02.01-13.20.02:153][  0]LogShaderCompilers: Cannot use XGE Shader Compiler as Incredibuild is not installed on this machine.
[2020.02.01-13.20.02:153][  0]LogShaderCompilers: Display: Using Local Shader Compiler.
[2020.02.01-13.20.06:617][  0]LogDerivedDataCache: Display: Max Cache Size: 512 MB
[2020.02.01-13.20.06:977][  0]LogDerivedDataCache: Loaded boot cache 0.36s 71MB C:/Users/Viktor/AppData/Local/UnrealEngine/4.21/DerivedDataCache/Boot.ddc.
[2020.02.01-13.20.06:977][  0]LogDerivedDataCache: Display: Loaded Boot cache: C:/Users/Viktor/AppData/Local/UnrealEngine/4.21/DerivedDataCache/Boot.ddc
[2020.02.01-13.20.06:977][  0]LogDerivedDataCache: FDerivedDataBackendGraph:  Pak pak cache file ../../../../../../Program_files/Unreal Projects/Gedaria/DerivedDataCache/DDC.ddp not found, will not use a pak cache.
[2020.02.01-13.20.06:977][  0]LogDerivedDataCache: Unable to find inner node Pak for hierarchical cache Hierarchy.
[2020.02.01-13.20.06:977][  0]LogDerivedDataCache: FDerivedDataBackendGraph:  CompressedPak pak cache file ../../../../../../Program_files/Unreal Projects/Gedaria/DerivedDataCache/Compressed.ddp not found, will not use a pak cache.
[2020.02.01-13.20.06:977][  0]LogDerivedDataCache: Unable to find inner node CompressedPak for hierarchical cache Hierarchy.
[2020.02.01-13.20.07:270][  0]LogDerivedDataCache: Display: Pak cache opened for reading ../../../Engine/DerivedDataCache/Compressed.ddp.
[2020.02.01-13.20.07:270][  0]LogDerivedDataCache: FDerivedDataBackendGraph:  EnterprisePak pak cache file ../../../Enterprise/DerivedDataCache/Compressed.ddp not found, will not use a pak cache.
[2020.02.01-13.20.07:270][  0]LogDerivedDataCache: Unable to find inner node EnterprisePak for hierarchical cache Hierarchy.
[2020.02.01-13.20.07:283][  0]LogDerivedDataCache: Using Local data cache path C:/Users/Viktor/AppData/Local/UnrealEngine/Common/DerivedDataCache: Writable
[2020.02.01-13.20.07:283][  0]LogDerivedDataCache: Shared data cache path not found in *engine.ini, will not use an Shared cache.
[2020.02.01-13.20.07:283][  0]LogDerivedDataCache: Unable to find inner node Shared for hierarchical cache Hierarchy.
[2020.02.01-13.20.07:311][  0]LogMaterial: Verifying Global Shaders for PCD3D_SM5
[2020.02.01-13.20.07:313][  0]LogSlate: Using FreeType 2.6.0
[2020.02.01-13.20.07:518][  0]LogSlate: SlateFontServices - WITH_FREETYPE: 1, WITH_HARFBUZZ: 1
[2020.02.01-13.20.12:154][  0]LogAssetRegistry: FAssetRegistry took 0.0357 seconds to start up
[2020.02.01-13.20.14:789][  0]LogInit: Selected Device Profile: [Windows]
[2020.02.01-13.20.16:777][  0]LogSimplygon: Simplygon DLL not present - disabling.
[2020.02.01-13.20.17:135][  0]LogMeshReduction: Using SimplygonSwarm for distributed automatic mesh merging
[2020.02.01-13.20.17:135][  0]LogMeshReduction: Using ProxyLODMeshReduction for automatic mesh merging
[2020.02.01-13.20.17:135][  0]LogMeshReduction: Using QuadricMeshReduction for automatic static mesh reduction
[2020.02.01-13.20.17:135][  0]LogMeshReduction: No automatic skeletal mesh reduction module available
[2020.02.01-13.20.17:328][  0]LogNetVersion: Gedaria 1.0.0, NetCL: 4541578, EngineNetVer: 5, GameNetVer: 0 (Checksum: 1762311512)
[2020.02.01-13.20.20:787][  0]LogPackageLocalizationCache: Processed 11 localized package path(s) for 1 prioritized culture(s) in 0.351874 seconds
[2020.02.01-13.20.20:796][  0]LogUObjectArray: 39775 objects as part of root set at end of initial load.
[2020.02.01-13.20.20:796][  0]LogUObjectAllocator: 6914656 out of 0 bytes used by permanent object pool.
[2020.02.01-13.20.20:796][  0]LogUObjectArray: CloseDisregardForGC: 0/0 objects in disregard for GC pool
[2020.02.01-13.21.13:882][  0]LogTcpMessaging: Initializing TcpMessaging bridge
[2020.02.01-13.21.13:981][  0]LogUdpMessaging: Initializing bridge on interface 0.0.0.0:0 to multicast group 230.0.0.1:6666.
[2020.02.01-13.21.18:883][  0]SourceControl: Source control is disabled
[2020.02.01-13.21.18:883][  0]SourceControl: Source control is disabled
[2020.02.01-13.21.19:036][  0]SourceControl: Source control is disabled
[2020.02.01-13.21.19:160][  0]SourceControl: Source control is disabled
[2020.02.01-13.21.25:700][  0]LogAndroidPermission: UAndroidPermissionCallbackProxy::GetInstance
[2020.02.01-13.21.26:708][  0]LogOcInput: OculusInput pre-init called
[2020.02.01-13.21.31:518][  0]LogAutomationTest: Warning: Smoke tests took > 2s to run: 2.68s
[2020.02.01-13.21.31:636][  0]LogEngine: Initializing Engine...
[2020.02.01-13.21.31:637][  0]LogHMD: Failed to initialize OpenVR with code 110
[2020.02.01-13.21.31:764][  0]LogStats: UGameplayTagsManager::ConstructGameplayTagTree: ImportINI prefixes -  0.000 s
[2020.02.01-13.21.31:764][  0]LogStats: UGameplayTagsManager::ConstructGameplayTagTree: Construct from data asset -  0.000 s
[2020.02.01-13.21.31:764][  0]LogStats: UGameplayTagsManager::ConstructGameplayTagTree: ImportINI -  0.000 s
[2020.02.01-13.21.31:764][  0]LogStats: UGameplayTagsManager::ConstructGameplayTagTree: GameplayTagTreeChangedEvent.Broadcast -  0.000 s
[2020.02.01-13.21.34:458][  0]LogInit: Initializing FReadOnlyCVARCache
[2020.02.01-13.21.36:932][  0]LogAIModule: Creating AISystem for world Untitled
[2020.02.01-13.21.36:967][  0]LogInit: XAudio2 using 'Reproduktor/HP (Realtek High Definition Audio)' : 2 channels at 48 kHz using 32 bits per sample (channel mask 0x3)
[2020.02.01-13.21.38:831][  0]LogInit: FAudioDevice initialized.
[2020.02.01-13.21.38:832][  0]LogNetVersion: Set ProjectVersion to 1.0.0.0. Version Checksum will be recalculated on next use.
[2020.02.01-13.21.38:945][  0]LogDerivedDataCache: Saved boot cache 0.11s 71MB C:/Users/Viktor/AppData/Local/UnrealEngine/4.21/DerivedDataCache/Boot.ddc.
[2020.02.01-13.21.38:952][  0]LogInit: Texture streaming: Enabled
[2020.02.01-13.21.39:982][  0]LogEngineSessionManager: EngineSessionManager initialized
[2020.02.01-13.21.40:215][  0]LogInit: Transaction tracking system initialized
[2020.02.01-13.21.41:996][  0]BlueprintLog: New page: Editor Load
[2020.02.01-13.21.46:877][  0]LocalizationService: Localization service is disabled
[2020.02.01-13.21.52:410][  0]LogCook: Display: Max memory allowance for cook 16384mb min free memory 0mb
[2020.02.01-13.21.52:411][  0]LogCook: Display: Mobile HDR setting 1
[2020.02.01-13.21.52:411][  0]LogGameplayTags: Display: UGameplayTagsManager::DoneAddingNativeTags. DelegateIsBound: 0
[2020.02.01-13.21.52:411][  0]LogStats: UGameplayTagsManager::ConstructGameplayTagTree: ImportINI prefixes -  0.000 s
[2020.02.01-13.21.52:411][  0]LogStats: UGameplayTagsManager::ConstructGameplayTagTree: Construct from data asset -  0.000 s
[2020.02.01-13.21.52:411][  0]LogStats: UGameplayTagsManager::ConstructGameplayTagTree: ImportINI -  0.000 s
[2020.02.01-13.21.52:411][  0]LogStats: UGameplayTagsManager::ConstructGameplayTagTree: GameplayTagTreeChangedEvent.Broadcast -  0.000 s
[2020.02.01-13.21.53:508][  0]LogFileCache: Scanning file cache for directory 'D:/Program_files/Unreal Projects/Gedaria/Content/' took 1.20s
[2020.02.01-13.21.58:919][  0]SourceControl: Source control is disabled
[2020.02.01-13.21.58:919][  0]Cmd: MAP LOAD FILE="../../../../../../Program_files/Unreal Projects/Gedaria/Content/level/Level1/NewWorld.umap" TEMPLATE=0 SHOWPROGRESS=1 FEATURELEVEL=3
[2020.02.01-13.21.58:919][  0]LightingResults: New page: Lighting Build
[2020.02.01-13.21.59:098][  0]MapCheck: New page: Map Check
[2020.02.01-13.21.59:098][  0]LightingResults: New page: Lighting Build
[2020.02.01-13.22.31:072][  0]LogAIModule: Creating AISystem for world NewWorld
[2020.02.01-13.22.33:203][  0]LogEditorServer: Finished looking for orphan Actors (0.000 secs)
[2020.02.01-13.22.34:331][  0]Cmd: MAP CHECKDEP NOCLEARLOG
[2020.02.01-13.22.34:373][  0]MapCheck: Map check complete: 0 Error(s), 0 Warning(s), took 0,152ms to complete.
[2020.02.01-13.22.34:373][  0]LogFileHelpers: Loading map 'NewWorld' took 35.453
[2020.02.01-13.22.41:141][  0]LogSlate: Updating window title bar state: overlay mode, drag disabled, window buttons hidden, title bar hidden
[2020.02.01-13.22.41:665][  0]LogCollectionManager: Loaded 0 collections in 0.000891 seconds
[2020.02.01-13.22.42:104][  0]LogFileCache: Scanning file cache for directory 'D:/Program_files/Unreal Projects/Gedaria/Saved/Collections/' took 0.01s
[2020.02.01-13.22.42:104][  0]LogFileCache: Scanning file cache for directory 'D:/Program_files/Unreal Projects/Gedaria/Content/Developers/Viktor/Collections/' took 0.01s
[2020.02.01-13.22.42:104][  0]LogFileCache: Scanning file cache for directory 'D:/Program_files/Unreal Projects/Gedaria/Content/Collections/' took 0.01s
[2020.02.01-13.22.42:104][  0]LogCollectionManager: Rebuilt the GUID cache for 0 collections in 0.000002 seconds
[2020.02.01-13.22.42:167][  0]LogContentBrowser: Native class hierarchy populated in 0.0389 seconds. Added 2654 classes and 622 folders.
[2020.02.01-13.22.42:448][  0]LogContentBrowser: Native class hierarchy updated for 'WidgetCarousel' in 0.0006 seconds. Added 0 classes and 0 folders.
[2020.02.01-13.22.42:945][  0]LogPakFile: Registered encryption key '00000000000000000000000000000000': 0 pak files mounted, 0 remain pending
[2020.02.01-13.22.43:030][  0]LogPakFile: Registered encryption key '00000000000000000000000000000000': 0 pak files mounted, 0 remain pending
[2020.02.01-13.22.43:116][  0]LogPakFile: Registered encryption key '00000000000000000000000000000000': 0 pak files mounted, 0 remain pending
[2020.02.01-13.22.43:160][  0]LogPakFile: Registered encryption key '00000000000000000000000000000000': 0 pak files mounted, 0 remain pending
[2020.02.01-13.22.43:162][  0]LogPakFile: Registered encryption key '00000000000000000000000000000000': 0 pak files mounted, 0 remain pending
[2020.02.01-13.22.43:191][  0]LogPakFile: Registered encryption key '00000000000000000000000000000000': 0 pak files mounted, 0 remain pending
[2020.02.01-13.22.43:210][  0]LogPakFile: Registered encryption key '00000000000000000000000000000000': 0 pak files mounted, 0 remain pending
[2020.02.01-13.22.43:230][  0]LogPakFile: Registered encryption key '00000000000000000000000000000000': 0 pak files mounted, 0 remain pending
[2020.02.01-13.22.43:232][  0]LogPakFile: Registered encryption key '00000000000000000000000000000000': 0 pak files mounted, 0 remain pending
[2020.02.01-13.22.43:276][  0]LogPakFile: Registered encryption key '00000000000000000000000000000000': 0 pak files mounted, 0 remain pending
[2020.02.01-13.22.43:336][  0]LogPakFile: Registered encryption key '00000000000000000000000000000000': 0 pak files mounted, 0 remain pending
[2020.02.01-13.22.43:423][  0]LogPakFile: Registered encryption key '00000000000000000000000000000000': 0 pak files mounted, 0 remain pending
[2020.02.01-13.22.43:525][  0]LogPakFile: Registered encryption key '00000000000000000000000000000000': 0 pak files mounted, 0 remain pending
[2020.02.01-13.22.43:663][  0]LogPakFile: Registered encryption key '00000000000000000000000000000000': 0 pak files mounted, 0 remain pending
[2020.02.01-13.22.43:773][  0]LogPakFile: Registered encryption key '00000000000000000000000000000000': 0 pak files mounted, 0 remain pending
[2020.02.01-13.22.43:918][  0]LogPakFile: Registered encryption key '00000000000000000000000000000000': 0 pak files mounted, 0 remain pending
[2020.02.01-13.22.43:961][  0]LogPakFile: Registered encryption key '00000000000000000000000000000000': 0 pak files mounted, 0 remain pending
[2020.02.01-13.22.43:971][  0]LogPakFile: Registered encryption key '00000000000000000000000000000000': 0 pak files mounted, 0 remain pending
[2020.02.01-13.22.43:992][  0]LogPakFile: Registered encryption key '00000000000000000000000000000000': 0 pak files mounted, 0 remain pending
[2020.02.01-13.22.43:994][  0]LogPakFile: Registered encryption key '00000000000000000000000000000000': 0 pak files mounted, 0 remain pending
[2020.02.01-13.22.43:995][  0]LogPakFile: Registered encryption key '00000000000000000000000000000000': 0 pak files mounted, 0 remain pending
[2020.02.01-13.22.44:014][  0]LogPakFile: Registered encryption key '00000000000000000000000000000000': 0 pak files mounted, 0 remain pending
[2020.02.01-13.22.44:094][  0]LogPakFile: Registered encryption key '00000000000000000000000000000000': 0 pak files mounted, 0 remain pending
[2020.02.01-13.22.44:132][  0]LogPakFile: Registered encryption key '00000000000000000000000000000000': 0 pak files mounted, 0 remain pending
[2020.02.01-13.22.44:159][  0]LogPakFile: Registered encryption key '00000000000000000000000000000000': 0 pak files mounted, 0 remain pending
[2020.02.01-13.22.44:168][  0]LogPakFile: Registered encryption key '00000000000000000000000000000000': 0 pak files mounted, 0 remain pending
[2020.02.01-13.22.50:265][  0]LogContentBrowser: Native class hierarchy updated for 'AddContentDialog' in 0.0005 seconds. Added 0 classes and 0 folders.
[2020.02.01-13.22.50:794][  0]LogContentBrowser: Native class hierarchy updated for 'SceneOutliner' in 0.0004 seconds. Added 1 classes and 2 folders.
[2020.02.01-13.22.54:666][  0]LogSlate: Took 0.265448 seconds to synchronously load lazily loaded font '../../../Engine/Content/Slate/Fonts/Roboto-Regular.ttf' (155K)
[2020.02.01-13.22.54:686][  0]LogSlate: Took 0.017434 seconds to synchronously load lazily loaded font '../../../Engine/Content/Slate/Fonts/Roboto-Bold.ttf' (160K)
[2020.02.01-13.22.54:807][  0]LogSlate: Took 0.115334 seconds to synchronously load lazily loaded font '../../../Engine/Content/Editor/Slate/Fonts/FontAwesome.ttf' (139K)
[2020.02.01-13.22.55:695][  0]LogRenderer: Reallocating scene render targets to support 1120x648 Format 10 NumSamples 1 (Frame:1).
[2020.02.01-13.22.57:880][  0]LogContentBrowser: Native class hierarchy updated for 'HierarchicalLODOutliner' in 0.0005 seconds. Added 0 classes and 0 folders.
[2020.02.01-13.22.57:880][  0]LogLoad: (Engine Initialization) Total time: 259.40 seconds
[2020.02.01-13.22.57:880][  0]LogLoad: (Engine Initialization) Total Blueprint compile time: 0.00 seconds
[2020.02.01-13.22.58:475][  0]LogContentStreaming: Texture pool size now 1000 MB
[2020.02.01-13.22.58:658][  0]LogSlate: Took 0.087827 seconds to synchronously load lazily loaded font '../../../Engine/Content/Slate/Fonts/Roboto-Light.ttf' (167K)
[2020.02.01-13.22.59:120][  6]LogAssetRegistry: Asset discovery search completed in 166.9891 seconds
[2020.02.01-13.22.59:123][  6]LogCollectionManager: Rebuilt the object cache for 0 collections in 0.000000 seconds (found 0 objects)
[2020.02.01-13.22.59:124][  6]LogCollectionManager: Fixed up redirectors for 0 collections in 0.000237 seconds (updated 0 objects)
[2020.02.01-13.29.19:131][136]LogSlate: Window 'Gedaria - Unreal Editor' being destroyed
[2020.02.01-13.29.22:164][137]Cmd: QUIT_EDITOR
[2020.02.01-13.29.24:358][137]LogExit: Preparing to exit.
[2020.02.01-13.29.30:809][137]LogExit: Editor shut down
[2020.02.01-13.29.30:810][137]LogExit: Transaction tracking system shut down
[2020.02.01-13.29.47:232][137]LogExit: Object subsystem successfully closed.
[2020.02.01-13.29.52:171][137]LogShaderCompilers: Display: Shaders left to compile 0
[2020.02.01-13.29.52:457][137]LogD3D11RHI: Shutdown
[2020.02.01-13.29.52:526][137]LogD3D11RHI: CleanupD3DDevice
[2020.02.01-13.29.53:601][137]LogD3D11RHI: ~FD3D11DynamicRHI
[2020.02.01-13.30.01:971][137]LogModuleManager: Shutting down and abandoning module HierarchicalLODOutliner (624)
[2020.02.01-13.30.01:971][137]LogModuleManager: Shutting down and abandoning module SceneOutliner (622)
[2020.02.01-13.30.01:988][137]LogModuleManager: Shutting down and abandoning module AddContentDialog (620)
[2020.02.01-13.30.02:047][137]LogModuleManager: Shutting down and abandoning module WidgetCarousel (619)
[2020.02.01-13.30.02:048][137]LogModuleManager: Shutting down and abandoning module EditorWidgets (616)
[2020.02.01-13.30.02:048][137]LogModuleManager: Shutting down and abandoning module CollectionManager (614)
[2020.02.01-13.30.02:078][137]LogModuleManager: Shutting down and abandoning module StatsViewer (612)
[2020.02.01-13.30.02:174][137]LogModuleManager: Shutting down and abandoning module FoliageEdit (610)
[2020.02.01-13.30.02:197][137]LogModuleManager: Shutting down and abandoning module LandscapeEditor (608)
[2020.02.01-13.30.02:465][137]LogModuleManager: Shutting down and abandoning module MeshPaintMode (606)
[2020.02.01-13.30.02:521][137]LogModuleManager: Shutting down and abandoning module SceneDepthPickerMode (604)
[2020.02.01-13.30.02:521][137]LogModuleManager: Shutting down and abandoning module ActorPickerMode (602)
[2020.02.01-13.30.02:521][137]LogModuleManager: Shutting down and abandoning module GeometryMode (600)
[2020.02.01-13.30.02:521][137]LogModuleManager: Shutting down and abandoning module TextureAlignMode (598)
[2020.02.01-13.30.02:521][137]LogModuleManager: Shutting down and abandoning module BspMode (596)
[2020.02.01-13.30.02:544][137]LogModuleManager: Shutting down and abandoning module PIEPreviewDeviceProfileSelector (594)
[2020.02.01-13.30.02:606][137]LogModuleManager: Shutting down and abandoning module SequenceRecorderSections (592)
[2020.02.01-13.30.02:668][137]LogModuleManager: Shutting down and abandoning module AutomationWorker (590)
[2020.02.01-13.30.02:743][137]LogModuleManager: Shutting down and abandoning module AudioCaptureEditor (588)
[2020.02.01-13.30.02:743][137]LogModuleManager: Shutting down and abandoning module MatineeToLevelSequence (586)
[2020.02.01-13.30.02:798][137]LogModuleManager: Shutting down and abandoning module LevelSequenceEditor (584)
[2020.02.01-13.30.03:466][137]LogModuleManager: Shutting down and abandoning module PlacementMode (583)
[2020.02.01-13.30.03:466][137]LogModuleManager: Shutting down and abandoning module MaterialEditor (582)
[2020.02.01-13.30.03:641][137]LogModuleManager: Shutting down and abandoning module WmfMediaFactory (578)
[2020.02.01-13.30.03:641][137]LogModuleManager: Shutting down and abandoning module WmfMediaEditor (576)
[2020.02.01-13.30.03:641][137]LogModuleManager: Shutting down and abandoning module WebMMediaFactory (574)
[2020.02.01-13.30.03:641][137]LogModuleManager: Shutting down and abandoning module WebMMediaEditor (572)
[2020.02.01-13.30.03:641][137]LogModuleManager: Shutting down and abandoning module WebMMedia (570)
[2020.02.01-13.30.03:667][137]LogModuleManager: Shutting down and abandoning module MediaPlayerEditor (568)
[2020.02.01-13.30.03:757][137]LogModuleManager: Shutting down and abandoning module MediaCompositingEditor (566)
[2020.02.01-13.30.04:080][137]LogModuleManager: Shutting down and abandoning module SequenceRecorder (565)
[2020.02.01-13.30.04:103][137]LogModuleManager: Shutting down and abandoning module OpenExrWrapper (562)
[2020.02.01-13.30.04:103][137]LogModuleManager: Shutting down and abandoning module ImgMediaFactory (560)
[2020.02.01-13.30.04:103][137]LogModuleManager: Shutting down and abandoning module ImgMediaEditor (558)
[2020.02.01-13.30.04:103][137]LogModuleManager: Shutting down and abandoning module AvfMediaFactory (556)
[2020.02.01-13.30.04:103][137]LogModuleManager: Shutting down and abandoning module AvfMediaEditor (554)
[2020.02.01-13.30.04:103][137]LogModuleManager: Shutting down and abandoning module AndroidMediaFactory (552)
[2020.02.01-13.30.04:103][137]LogModuleManager: Shutting down and abandoning module AndroidMediaEditor (550)
[2020.02.01-13.30.04:103][137]LogModuleManager: Shutting down and abandoning module MagicLeapCameraPreviewFactory (548)
[2020.02.01-13.30.04:103][137]LogModuleManager: Shutting down and abandoning module MagicLeapMediaFactory (546)
[2020.02.01-13.30.04:103][137]LogModuleManager: Shutting down and abandoning module MagicLeapMediaEditor (544)
[2020.02.01-13.30.04:103][137]LogModuleManager: Shutting down and abandoning module CharacterAI (542)
[2020.02.01-13.30.04:103][137]LogModuleManager: Shutting down and abandoning module SmartSnapping (540)
[2020.02.01-13.30.04:103][137]LogModuleManager: Shutting down and abandoning module SessionServices (538)
[2020.02.01-13.30.04:103][137]LogModuleManager: Shutting down and abandoning module ViewportSnapping (536)
[2020.02.01-13.30.04:104][137]LogModuleManager: Shutting down and abandoning module ViewportInteraction (534)
[2020.02.01-13.30.04:104][137]LogModuleManager: Shutting down and abandoning module ClothPainter (532)
[2020.02.01-13.30.04:191][137]LogModuleManager: Shutting down and abandoning module SkeletalMeshEditor (531)
[2020.02.01-13.30.04:443][137]LogModuleManager: Shutting down and abandoning module LogVisualizer (528)
[2020.02.01-13.30.04:746][137]LogModuleManager: Shutting down and abandoning module IntroTutorials (526)
[2020.02.01-13.30.05:150][137]LogModuleManager: Shutting down and abandoning module GameProjectGeneration (525)
[2020.02.01-13.30.05:243][137]LogModuleManager: Shutting down and abandoning module LuminPlatformEditor (522)
[2020.02.01-13.30.05:243][137]LogModuleManager: Shutting down and abandoning module IOSPlatformEditor (520)
[2020.02.01-13.30.05:244][137]LogModuleManager: Shutting down and abandoning module HTML5PlatformEditor (518)
[2020.02.01-13.30.05:244][137]LogModuleManager: Shutting down and abandoning module AndroidPlatformEditor (516)
[2020.02.01-13.30.05:244][137]LogModuleManager: Shutting down and abandoning module AndroidDeviceDetection (515)
[2020.02.01-13.30.05:576][137]LogModuleManager: Shutting down and abandoning module WindowsPlatformEditor (512)
[2020.02.01-13.30.05:576][137]LogModuleManager: Shutting down and abandoning module LuminRuntimeSettings (510)
[2020.02.01-13.30.05:576][137]LogModuleManager: Shutting down and abandoning module IOSRuntimeSettings (508)
[2020.02.01-13.30.05:576][137]LogModuleManager: Shutting down and abandoning module AndroidRuntimeSettings (506)
[2020.02.01-13.30.05:576][137]LogModuleManager: Shutting down and abandoning module TimeManagementEditor (504)
[2020.02.01-13.30.05:576][137]LogModuleManager: Shutting down and abandoning module InputBindingEditor (502)
[2020.02.01-13.30.05:620][137]LogModuleManager: Shutting down and abandoning module MergeActors (500)
[2020.02.01-13.30.05:831][137]LogModuleManager: Shutting down and abandoning module LocalizationDashboard (498)
[2020.02.01-13.30.05:981][137]LogModuleManager: Shutting down and abandoning module LocalizationService (497)
[2020.02.01-13.30.06:128][137]LogModuleManager: Shutting down and abandoning module HardwareTargeting (494)
[2020.02.01-13.30.06:128][137]LogModuleManager: Shutting down and abandoning module DeviceProfileEditor (492)
[2020.02.01-13.30.06:152][137]LogModuleManager: Shutting down and abandoning module UndoHistory (490)
[2020.02.01-13.30.06:314][137]LogModuleManager: Shutting down and abandoning module XmlParser (488)
[2020.02.01-13.30.06:314][137]LogModuleManager: Shutting down and abandoning module Blutility (486)
[2020.02.01-13.30.06:352][137]LogModuleManager: Shutting down and abandoning module ProjectSettingsViewer (484)
[2020.02.01-13.30.06:352][137]LogModuleManager: Shutting down and abandoning module ProjectTargetPlatformEditor (483)
[2020.02.01-13.30.06:352][137]LogModuleManager: Shutting down and abandoning module EditorSettingsViewer (480)
[2020.02.01-13.30.06:352][137]LogModuleManager: Shutting down and abandoning module SettingsEditor (478)
[2020.02.01-13.30.06:509][137]LogModuleManager: Shutting down and abandoning module ProjectLauncher (476)
[2020.02.01-13.30.06:673][137]LogModuleManager: Shutting down and abandoning module SessionFrontend (474)
[2020.02.01-13.30.06:755][137]LogModuleManager: Shutting down and abandoning module ProfilerClient (472)
[2020.02.01-13.30.06:777][137]LogModuleManager: Shutting down and abandoning module DeviceManager (470)
[2020.02.01-13.30.06:839][137]LogModuleManager: Shutting down and abandoning module TargetDeviceServices (469)
[2020.02.01-13.30.06:895][137]LogModuleManager: Shutting down and abandoning module AutomationController (466)
[2020.02.01-13.30.07:086][137]LogModuleManager: Shutting down and abandoning module AutomationWindow (464)
[2020.02.01-13.30.07:137][137]LogModuleManager: Shutting down and abandoning module Layers (462)
[2020.02.01-13.30.07:455][137]LogModuleManager: Shutting down and abandoning module ComponentVisualizers (460)
[2020.02.01-13.30.07:476][137]LogModuleManager: Shutting down and abandoning module DetailCustomizations (458)
[2020.02.01-13.30.07:701][137]LogModuleManager: Shutting down and abandoning module PackagesDialog (456)
[2020.02.01-13.30.07:727][137]LogModuleManager: Shutting down and abandoning module Persona (454)
[2020.02.01-13.30.07:872][137]LogModuleManager: Shutting down and abandoning module AdvancedPreviewScene (453)
[2020.02.01-13.30.07:872][137]LogModuleManager: Shutting down and abandoning module AnimGraph (451)
[2020.02.01-13.30.07:890][137]LogModuleManager: Shutting down and abandoning module Kismet (448)
[2020.02.01-13.30.08:175][137]LogModuleManager: Shutting down and abandoning module GraphEditor (446)
[2020.02.01-13.30.08:294][137]LogModuleManager: Shutting down and abandoning module ClassViewer (444)
[2020.02.01-13.30.08:347][137]LogModuleManager: Shutting down and abandoning module Toolbox (442)
[2020.02.01-13.30.08:347][137]LogModuleManager: Shutting down and abandoning module DesktopPlatform (441)
[2020.02.01-13.30.08:415][137]LogModuleManager: Shutting down and abandoning module ModuleUI (438)
[2020.02.01-13.30.08:457][137]LogModuleManager: Shutting down and abandoning module MovieSceneTools (436)
[2020.02.01-13.30.08:663][137]LogModuleManager: Shutting down and abandoning module OutputLog (434)
[2020.02.01-13.30.08:663][137]LogModuleManager: Shutting down and abandoning module GammaUI (432)
[2020.02.01-13.30.08:725][137]LogModuleManager: Shutting down and abandoning module Documentation (430)
[2020.02.01-13.30.08:725][137]LogModuleManager: Shutting down and abandoning module MovieSceneTracks (428)
[2020.02.01-13.30.08:778][137]LogModuleManager: Shutting down and abandoning module MovieScene (426)
[2020.02.01-13.30.08:866][137]LogModuleManager: Shutting down and abandoning module StreamingPauseRendering (424)
[2020.02.01-13.30.09:021][137]LogModuleManager: Shutting down and abandoning module LauncherPlatform (422)
[2020.02.01-13.30.09:021][137]LogModuleManager: Shutting down and abandoning module AnalyticsET (420)
[2020.02.01-13.30.09:021][137]LogModuleManager: Shutting down and abandoning module PortalServices (418)
[2020.02.01-13.30.09:021][137]LogModuleManager: Shutting down and abandoning module PortalRpc (416)
[2020.02.01-13.30.09:021][137]LogModuleManager: Shutting down and abandoning module MessagingRpc (414)
[2020.02.01-13.30.09:021][137]LogModuleManager: Shutting down and abandoning module AIModule (412)
[2020.02.01-13.30.09:300][137]LogModuleManager: Shutting down and abandoning module GameplayDebugger (411)
[2020.02.01-13.30.09:460][137]LogModuleManager: Shutting down and abandoning module AITestSuite (409)
[2020.02.01-13.30.09:481][137]LogModuleManager: Shutting down and abandoning module NavigationSystem (407)
[2020.02.01-13.30.09:481][137]LogModuleManager: Shutting down and abandoning module ImageWriteQueue (404)
[2020.02.01-13.30.09:484][137]LogModuleManager: Shutting down and abandoning module ProfilerService (402)
[2020.02.01-13.30.09:712][137]LogModuleManager: Shutting down and abandoning module TaskGraph (400)
[2020.02.01-13.30.09:787][137]LogModuleManager: Shutting down and abandoning module SteamVRController (398)
[2020.02.01-13.30.09:787][137]LogModuleManager: Shutting down and abandoning module ProceduralMeshComponentEditor (396)
[2020.02.01-13.30.09:787][137]LogModuleManager: Shutting down and abandoning module ProceduralMeshComponent (394)
[2020.02.01-13.30.09:804][137]LogModuleManager: Shutting down and abandoning module OculusInput (392)
[2020.02.01-13.30.09:804][137]LogModuleManager: Shutting down and abandoning module MobilePatchingUtils (390)
[2020.02.01-13.30.09:804][137]LogModuleManager: Shutting down and abandoning module EditableMesh (388)
[2020.02.01-13.30.09:880][137]LogModuleManager: Shutting down and abandoning module CustomMeshComponent (386)
[2020.02.01-13.30.09:880][137]LogModuleManager: Shutting down and abandoning module CableComponent (384)
[2020.02.01-13.30.09:907][137]LogModuleManager: Shutting down and abandoning module AudioCapture (382)
[2020.02.01-13.30.09:907][137]LogModuleManager: Shutting down and abandoning module ArchVisCharacter (380)
[2020.02.01-13.30.09:907][137]LogModuleManager: Shutting down and abandoning module AndroidPermission (378)
[2020.02.01-13.30.09:907][137]LogModuleManager: Shutting down and abandoning module NUTUnrealEngine4 (376)
[2020.02.01-13.30.09:939][137]LogModuleManager: Shutting down and abandoning module NetcodeUnitTest (374)
[2020.02.01-13.30.10:011][137]LogModuleManager: Shutting down and abandoning module MediaCompositing (372)
[2020.02.01-13.30.10:011][137]LogModuleManager: Shutting down and abandoning module LinearTimecode (370)
[2020.02.01-13.30.10:011][137]LogModuleManager: Shutting down and abandoning module ImgMedia (368)
[2020.02.01-13.30.10:072][137]LogModuleManager: Shutting down and abandoning module HTML5Networking (366)
[2020.02.01-13.30.10:072][137]LogModuleManager: Shutting down and abandoning module GeometryCacheTracks (364)
[2020.02.01-13.30.10:072][137]LogModuleManager: Shutting down and abandoning module GeometryCacheSequencer (362)
[2020.02.01-13.30.10:072][137]LogModuleManager: Shutting down and abandoning module BackChannel (360)
[2020.02.01-13.30.10:183][137]LogModuleManager: Shutting down and abandoning module AppleVision (358)
[2020.02.01-13.30.10:183][137]LogModuleManager: Shutting down and abandoning module AppleImageUtilsBlueprintSupport (356)
[2020.02.01-13.30.10:183][137]LogModuleManager: Shutting down and abandoning module AppleImageUtils (354)
[2020.02.01-13.30.10:183][137]LogModuleManager: Shutting down and abandoning module AlembicImporter (352)
[2020.02.01-13.30.10:183][137]LogModuleManager: Shutting down and abandoning module AlembicLibrary (351)
[2020.02.01-13.30.10:183][137]LogModuleManager: Shutting down and abandoning module GeometryCache (350)
[2020.02.01-13.30.10:183][137]LogModuleManager: Shutting down and abandoning module GeometryCacheEd (349)
[2020.02.01-13.30.10:184][137]LogModuleManager: Shutting down and abandoning module VariantManagerContent (344)
[2020.02.01-13.30.10:184][137]LogModuleManager: Shutting down and abandoning module DatasmithContentEditor (342)
[2020.02.01-13.30.10:258][137]LogModuleManager: Shutting down and abandoning module SpeedTreeImporter (340)
[2020.02.01-13.30.10:258][137]LogModuleManager: Shutting down and abandoning module PluginBrowser (338)
[2020.02.01-13.30.10:408][137]LogModuleManager: Shutting down and abandoning module MobileLauncherProfileWizard (336)
[2020.02.01-13.30.10:471][137]LogModuleManager: Shutting down and abandoning module PolygonModeling (334)
[2020.02.01-13.30.10:471][137]LogModuleManager: Shutting down and abandoning module MeshEditor (332)
[2020.02.01-13.30.10:567][137]LogModuleManager: Shutting down and abandoning module CryptoKeysOpenSSL (330)
[2020.02.01-13.30.10:620][137]LogModuleManager: Shutting down and abandoning module CryptoKeys (328)
[2020.02.01-13.30.10:620][137]LogModuleManager: Shutting down and abandoning module VisualStudioSourceCodeAccess (326)
[2020.02.01-13.30.10:621][137]LogModuleManager: Shutting down and abandoning module VisualStudioCodeSourceCodeAccess (324)
[2020.02.01-13.30.10:621][137]LogModuleManager: Shutting down and abandoning module UObjectPlugin (322)
[2020.02.01-13.30.10:621][137]LogModuleManager: Shutting down and abandoning module SubversionSourceControl (320)
[2020.02.01-13.30.10:687][137]LogModuleManager: Shutting down and abandoning module PerforceSourceControl (318)
[2020.02.01-13.30.10:762][137]LogModuleManager: Shutting down and abandoning module GitSourceControl (316)
[2020.02.01-13.30.10:879][137]LogModuleManager: Shutting down and abandoning module SourceControl (315)
[2020.02.01-13.30.10:957][137]LogModuleManager: Shutting down and abandoning module CLionSourceCodeAccess (312)
[2020.02.01-13.30.11:095][137]LogModuleManager: Shutting down and abandoning module ActorLayerUtilitiesEditor (310)
[2020.02.01-13.30.11:095][137]LogModuleManager: Shutting down and abandoning module ActorLayerUtilities (308)
[2020.02.01-13.30.11:095][137]LogModuleManager: Shutting down and abandoning module LightPropagationVolumeEditor (306)
[2020.02.01-13.30.11:095][137]LogModuleManager: Shutting down and abandoning module PaperTiledImporter (304)
[2020.02.01-13.30.11:095][137]LogModuleManager: Shutting down and abandoning module PaperSpriteSheetImporter (302)
[2020.02.01-13.30.11:119][137]LogModuleManager: Shutting down and abandoning module Paper2DEditor (300)
[2020.02.01-13.30.11:254][137]LogModuleManager: Shutting down and abandoning module MeshPaint (299)
[2020.02.01-13.30.11:395][137]LogModuleManager: Shutting down and abandoning module Gedaria (296)
[2020.02.01-13.30.11:395][137]LogModuleManager: Shutting down and abandoning module RuntimePhysXCooking (294)
[2020.02.01-13.30.11:395][137]LogModuleManager: Shutting down and abandoning module PhysXVehiclesEditor (292)
[2020.02.01-13.30.11:395][137]LogModuleManager: Shutting down and abandoning module PhysXVehicles (290)
[2020.02.01-13.30.11:395][137]LogModuleManager: Shutting down and abandoning module OculusEditor (288)
[2020.02.01-13.30.11:471][137]LogModuleManager: Shutting down and abandoning module LocationServicesBPLibrary (286)
[2020.02.01-13.30.11:471][137]LogModuleManager: Shutting down and abandoning module ActorSequence (284)
[2020.02.01-13.30.11:471][137]LogModuleManager: Shutting down and abandoning module UdpMessaging (282)
[2020.02.01-13.30.11:572][137]LogModuleManager: Shutting down and abandoning module TcpMessaging (280)
[2020.02.01-13.30.11:702][137]LogModuleManager: Shutting down and abandoning module MagicLeapAudio (278)
[2020.02.01-13.30.11:702][137]LogModuleManager: Shutting down and abandoning module GameplayTagsEditor (276)
[2020.02.01-13.30.11:743][137]LogModuleManager: Shutting down and abandoning module FacialAnimationEditor (274)
[2020.02.01-13.30.11:743][137]LogModuleManager: Shutting down and abandoning module FacialAnimation (272)
[2020.02.01-13.30.11:743][137]LogModuleManager: Shutting down and abandoning module DataValidation (270)
[2020.02.01-13.30.11:781][137]LogModuleManager: Shutting down and abandoning module AssetManagerEditor (268)
[2020.02.01-13.30.11:896][137]LogModuleManager: Shutting down and abandoning module LevelEditor (267)
[2020.02.01-13.30.11:946][137]LogModuleManager: Shutting down and abandoning module PixelInspectorModule (266)
[2020.02.01-13.30.12:132][137]LogModuleManager: Shutting down and abandoning module CommonMenuExtensions (264)
[2020.02.01-13.30.12:132][137]LogModuleManager: Shutting down and abandoning module MainFrame (262)
[2020.02.01-13.30.12:133][137]LogModuleManager: Shutting down and abandoning module HotReload (261)
[2020.02.01-13.30.12:225][137]LogModuleManager: Shutting down and abandoning module ContentBrowser (257)
[2020.02.01-13.30.12:309][137]LogModuleManager: Shutting down and abandoning module TreeMap (255)
[2020.02.01-13.30.12:329][137]LogModuleManager: Shutting down and abandoning module LightPropagationVolumeRuntime (252)
[2020.02.01-13.30.12:329][137]LogModuleManager: Shutting down and abandoning module AISupportModule (250)
[2020.02.01-13.30.12:329][137]LogModuleManager: Shutting down and abandoning module Paper2D (248)
[2020.02.01-13.30.12:329][137]LogModuleManager: Shutting down and abandoning module WindowsMoviePlayer (246)
[2020.02.01-13.30.12:351][137]LogModuleManager: Shutting down and abandoning module WebMMoviePlayer (244)
[2020.02.01-13.30.12:351][137]LogModuleManager: Shutting down and abandoning module WmfMedia (242)
[2020.02.01-13.30.12:381][137]LogModuleManager: Shutting down and abandoning module Media (241)
[2020.02.01-13.30.12:389][137]LogModuleManager: Shutting down and abandoning module PacketHandler (238)
[2020.02.01-13.30.12:389][137]LogModuleManager: Shutting down and abandoning module ClothingSystemEditor (236)
[2020.02.01-13.30.12:389][137]LogModuleManager: Shutting down and abandoning module ClothingSystemRuntime (234)
[2020.02.01-13.30.12:504][137]LogModuleManager: Shutting down and abandoning module MediaAssets (232)
[2020.02.01-13.30.12:560][137]LogModuleManager: Shutting down and abandoning module Overlay (230)
[2020.02.01-13.30.12:560][137]LogModuleManager: Shutting down and abandoning module OverlayEditor (229)
[2020.02.01-13.30.12:560][137]LogModuleManager: Shutting down and abandoning module VREditor (226)
[2020.02.01-13.30.12:609][137]LogModuleManager: Shutting down and abandoning module StringTableEditor (224)
[2020.02.01-13.30.12:681][137]LogModuleManager: Shutting down and abandoning module GameplayTasksEditor (222)
[2020.02.01-13.30.12:681][137]LogModuleManager: Shutting down and abandoning module BehaviorTreeEditor (220)
[2020.02.01-13.30.12:970][137]LogModuleManager: Shutting down and abandoning module FunctionalTesting (218)
[2020.02.01-13.30.13:004][137]LogModuleManager: Shutting down and abandoning module CollisionAnalyzer (216)
[2020.02.01-13.30.13:064][137]LogModuleManager: Shutting down and abandoning module WorkspaceMenuStructure (215)
[2020.02.01-13.30.13:111][137]LogModuleManager: Shutting down and abandoning module UMG (212)
[2020.02.01-13.30.13:132][137]LogModuleManager: Shutting down and abandoning module UMGEditor (211)
[2020.02.01-13.30.13:287][137]LogModuleManager: Shutting down and abandoning module Sequencer (210)
[2020.02.01-13.30.13:517][137]LogModuleManager: Shutting down and abandoning module MessageLog (207)
[2020.02.01-13.30.13:549][137]LogModuleManager: Shutting down and abandoning module SlateReflector (202)
[2020.02.01-13.30.13:897][137]LogModuleManager: Shutting down and abandoning module Slate (200)
[2020.02.01-13.30.13:897][137]LogModuleManager: Shutting down and abandoning module EditorStyle (198)
[2020.02.01-13.30.13:973][137]LogModuleManager: Shutting down and abandoning module MRMesh (196)
[2020.02.01-13.30.14:075][137]LogModuleManager: Shutting down and abandoning module SourceCodeAccess (194)
[2020.02.01-13.30.14:076][137]LogModuleManager: Shutting down and abandoning module HeadMountedDisplay (192)
[2020.02.01-13.30.14:098][137]LogModuleManager: Shutting down and abandoning module XAudio2 (190)
[2020.02.01-13.30.14:098][137]LogModuleManager: Shutting down and abandoning module Networking (188)
[2020.02.01-13.30.14:098][137]LogModuleManager: Shutting down and abandoning module Core (186)
[2020.02.01-13.30.14:098][137]LogModuleManager: Shutting down and abandoning module LevelSequence (184)
[2020.02.01-13.30.14:098][137]LogModuleManager: Shutting down and abandoning module KismetCompiler (182)
[2020.02.01-13.30.14:229][137]LogModuleManager: Shutting down and abandoning module MeshUtilities (180)
[2020.02.01-13.30.14:254][137]LogModuleManager: Shutting down and abandoning module MeshMergeUtilities (179)
[2020.02.01-13.30.14:374][137]LogModuleManager: Shutting down and abandoning module MeshReductionInterface (178)
[2020.02.01-13.30.14:375][137]LogModuleManager: Shutting down and abandoning module SimplygonSwarm (177)
[2020.02.01-13.30.14:391][137]LogModuleManager: Shutting down and abandoning module ProxyLODMeshReduction (175)
[2020.02.01-13.30.14:434][137]LogModuleManager: Shutting down and abandoning module SimplygonMeshReduction (173)
[2020.02.01-13.30.14:434][137]LogModuleManager: Shutting down and abandoning module QuadricMeshReduction (171)
[2020.02.01-13.30.14:467][137]LogModuleManager: Shutting down and abandoning module MaterialBaking (167)
[2020.02.01-13.30.14:490][137]LogModuleManager: Shutting down and abandoning module DirectoryWatcher (163)
[2020.02.01-13.30.14:491][137]LogModuleManager: Shutting down and abandoning module DerivedDataCache (160)
[2020.02.01-13.30.14:684][137]LogDerivedDataCache: Shutdown
[2020.02.01-13.30.14:684][137]LogModuleManager: Shutting down and abandoning module XGEController (158)
[2020.02.01-13.30.14:700][137]LogModuleManager: Shutting down and abandoning module TargetPlatform (156)
[2020.02.01-13.30.14:701][137]LogModuleManager: Shutting down and abandoning module VulkanShaderFormat (155)
[2020.02.01-13.30.14:727][137]LogModuleManager: Shutting down and abandoning module ShaderFormatVectorVM (153)
[2020.02.01-13.30.14:768][137]LogModuleManager: Shutting down and abandoning module ShaderFormatOpenGL (151)
[2020.02.01-13.30.14:878][137]LogModuleManager: Shutting down and abandoning module ShaderFormatD3D (149)
[2020.02.01-13.30.14:934][137]LogModuleManager: Shutting down and abandoning module MetalShaderFormat (147)
[2020.02.01-13.30.15:022][137]LogModuleManager: Shutting down and abandoning module TextureFormatUncompressed (145)
[2020.02.01-13.30.15:022][137]LogModuleManager: Shutting down and abandoning module TextureFormatPVR (143)
[2020.02.01-13.30.15:022][137]LogModuleManager: Shutting down and abandoning module TextureFormatDXT (141)
[2020.02.01-13.30.15:096][137]LogModuleManager: Shutting down and abandoning module TextureFormatIntelISPCTexComp (139)
[2020.02.01-13.30.15:185][137]LogModuleManager: Shutting down and abandoning module TextureFormatASTC (137)
[2020.02.01-13.30.15:185][137]LogModuleManager: Shutting down and abandoning module ImageWrapper (136)
[2020.02.01-13.30.15:186][137]LogModuleManager: Shutting down and abandoning module TextureFormatAndroid (133)
[2020.02.01-13.30.15:186][137]LogModuleManager: Shutting down and abandoning module AudioFormatOpus (131)
[2020.02.01-13.30.15:226][137]LogModuleManager: Shutting down and abandoning module AudioFormatOgg (129)
[2020.02.01-13.30.15:275][137]LogModuleManager: Shutting down and abandoning module AudioFormatADPCM (127)
[2020.02.01-13.30.15:375][137]LogModuleManager: Shutting down and abandoning module LuminTargetPlatform (125)
[2020.02.01-13.30.15:961][137]LogModuleManager: Shutting down and abandoning module LinuxTargetPlatform (123)
[2020.02.01-13.30.15:961][137]LogModuleManager: Shutting down and abandoning module LinuxServerTargetPlatform (121)
[2020.02.01-13.30.15:961][137]LogModuleManager: Shutting down and abandoning module LinuxNoEditorTargetPlatform (119)
[2020.02.01-13.30.16:047][137]LogModuleManager: Shutting down and abandoning module LinuxClientTargetPlatform (117)
[2020.02.01-13.30.16:160][137]LogModuleManager: Shutting down and abandoning module TVOSTargetPlatform (115)
[2020.02.01-13.30.16:300][137]LogModuleManager: Shutting down and abandoning module Messaging (113)
[2020.02.01-13.30.16:300][137]LogModuleManager: Shutting down and abandoning module IOSTargetPlatform (111)
[2020.02.01-13.30.16:303][137]LogModuleManager: Shutting down and abandoning module HTML5TargetPlatform (109)
[2020.02.01-13.30.16:348][137]LogModuleManager: Shutting down and abandoning module AndroidTargetPlatform (107)
[2020.02.01-13.30.16:381][137]LogModuleManager: Shutting down and abandoning module WindowsTargetPlatform (105)
[2020.02.01-13.30.16:381][137]LogModuleManager: Shutting down and abandoning module WindowsServerTargetPlatform (103)
[2020.02.01-13.30.16:452][137]LogModuleManager: Shutting down and abandoning module WindowsNoEditorTargetPlatform (101)
[2020.02.01-13.30.16:521][137]LogModuleManager: Shutting down and abandoning module WindowsClientTargetPlatform (99)
[2020.02.01-13.30.16:635][137]LogModuleManager: Shutting down and abandoning module MacTargetPlatform (97)
[2020.02.01-13.30.16:636][137]LogModuleManager: Shutting down and abandoning module MacServerTargetPlatform (95)
[2020.02.01-13.30.16:766][137]LogModuleManager: Shutting down and abandoning module MacNoEditorTargetPlatform (93)
[2020.02.01-13.30.16:858][137]LogModuleManager: Shutting down and abandoning module MacClientTargetPlatform (91)
[2020.02.01-13.30.16:881][137]LogModuleManager: Shutting down and abandoning module AllDesktopTargetPlatform (89)
[2020.02.01-13.30.16:881][137]LogModuleManager: Shutting down and abandoning module InputCore (86)
[2020.02.01-13.30.16:881][137]LogModuleManager: Shutting down and abandoning module Settings (84)
[2020.02.01-13.30.16:881][137]LogModuleManager: Shutting down and abandoning module PhysXCooking (82)
[2020.02.01-13.30.16:881][137]LogModuleManager: Shutting down and abandoning module SteamVR (80)
[2020.02.01-13.30.16:936][137]LogHMD: Freeing OpenVRDLLHandle.
[2020.02.01-13.30.16:989][137]LogModuleManager: Shutting down and abandoning module OculusHMD (78)
[2020.02.01-13.30.17:064][137]LogModuleManager: Shutting down and abandoning module ExampleDeviceProfileSelector (76)
[2020.02.01-13.30.17:064][137]LogModuleManager: Shutting down and abandoning module LauncherChunkInstaller (74)
[2020.02.01-13.30.17:065][137]LogModuleManager: Shutting down and abandoning module OnlineBlueprintSupport (72)
[2020.02.01-13.30.17:065][137]LogModuleManager: Shutting down and abandoning module OnlineSubsystem (68)
[2020.02.01-13.30.17:426][137]LogModuleManager: Shutting down and abandoning module XMPP (63)
[2020.02.01-13.30.17:868][137]LogModuleManager: Shutting down and abandoning module WebSockets (62)
[2020.02.01-13.30.18:471][137]LogModuleManager: Shutting down and abandoning module HTTP (59)
[2020.02.01-13.30.18:471][137]LogHttp: Display: Http module shutting down, but needs to wait on 1 outstanding Http requests:
[2020.02.01-13.30.18:471][137]LogHttp: Display: 	verb=[POST] url=[https://datarouter.ol.epicgames.com/datarouter/api/v1/public/data?SessionID=%7BBBA6D846-4614-17D6-1228-A6B69210777F%7D&AppID=UEEditor.Rocket.Release&AppVersion=4.21.2-4753647%2B%2B%2BUE4%2BRelease-4.21&UserID=f05540d545c475d740a05ba1ddcafae4%7C82dffa917ef64d4b8697acfbe187897d%7Ce6843036-df65-4a76-9ab8-64e0d4eda91a&AppEnvironment=datacollector-binary&UploadType=eteventstream] status=Processing
[2020.02.01-13.30.18:512][137]LogModuleManager: Shutting down and abandoning module SSL (58)
[2020.02.01-13.30.18:615][137]LogModuleManager: Shutting down and abandoning module MagicLeapIdentity (54)
[2020.02.01-13.30.18:615][137]LogModuleManager: Shutting down and abandoning module MagicLeapHelperVulkan (52)
[2020.02.01-13.30.18:615][137]LogModuleManager: Shutting down and abandoning module MagicLeapHelperOpenGL (50)
[2020.02.01-13.30.18:615][137]LogModuleManager: Shutting down and abandoning module MagicLeapSecureStorage (48)
[2020.02.01-13.30.18:616][137]LogModuleManager: Shutting down and abandoning module MagicLeapHandTracking (46)
[2020.02.01-13.30.18:657][137]LogModuleManager: Shutting down and abandoning module MagicLeapEyeTracker (44)
[2020.02.01-13.30.18:657][137]LogModuleManager: Shutting down and abandoning module MagicLeapController (42)
[2020.02.01-13.30.18:657][137]LogSlate: Slate User Destroyed.  User Index 0, Is Virtual User: 0
[2020.02.01-13.30.18:657][137]LogModuleManager: Shutting down and abandoning module MagicLeap (40)
[2020.02.01-13.30.18:721][137]LogModuleManager: Shutting down and abandoning module DatasmithContent (38)
[2020.02.01-13.30.18:722][137]LogModuleManager: Shutting down and abandoning module AnimationModifiers (36)
[2020.02.01-13.30.18:846][137]LogModuleManager: Shutting down and abandoning module PropertyEditor (35)
[2020.02.01-13.30.18:907][137]LogModuleManager: Shutting down and abandoning module AudioEditor (32)
[2020.02.01-13.30.19:082][137]LogModuleManager: Shutting down and abandoning module TextureCompressor (30)
[2020.02.01-13.30.19:127][137]LogModuleManager: Shutting down and abandoning module ShaderCore (28)
[2020.02.01-13.30.19:127][137]LogModuleManager: Shutting down and abandoning module Landscape (26)
[2020.02.01-13.30.19:127][137]LogModuleManager: Shutting down and abandoning module SlateRHIRenderer (24)
[2020.02.01-13.30.19:204][137]LogModuleManager: Shutting down and abandoning module OpenGLDrv (22)
[2020.02.01-13.30.19:273][137]LogModuleManager: Shutting down and abandoning module D3D11RHI (20)
[2020.02.01-13.30.19:273][137]LogModuleManager: Shutting down and abandoning module AnimGraphRuntime (18)
[2020.02.01-13.30.19:323][137]LogModuleManager: Shutting down and abandoning module Renderer (16)
[2020.02.01-13.30.19:323][137]LogModuleManager: Shutting down and abandoning module Engine (14)
[2020.02.01-13.30.19:323][137]LogModuleManager: Shutting down and abandoning module CoreUObject (12)
[2020.02.01-13.30.19:350][137]LogModuleManager: Shutting down and abandoning module NetworkFile (10)
[2020.02.01-13.30.19:381][137]LogModuleManager: Shutting down and abandoning module CookedIterativeFile (8)
[2020.02.01-13.30.19:381][137]LogModuleManager: Shutting down and abandoning module StreamingFile (6)
[2020.02.01-13.30.19:405][137]LogModuleManager: Shutting down and abandoning module SandboxFile (4)
[2020.02.01-13.30.19:405][137]LogModuleManager: Shutting down and abandoning module PakFile (2)
[2020.02.01-13.30.19:608][137]LogExit: Exiting.
[2020.02.01-13.30.19:616][137]Log file closed, 02/01/20 14:30:19
